Log file open, 02/15/24 19:33:56
LogWindows: Failed to load 'aqProf.dll' (GetLastError=126)
LogWindows: File 'aqProf.dll' does not exist
LogWindows: Failed to load 'VtuneApi.dll' (GetLastError=126)
LogWindows: File 'VtuneApi.dll' does not exist
LogWindows: Failed to load 'VtuneApi32e.dll' (GetLastError=126)
LogWindows: File 'VtuneApi32e.dll' does not exist
LogConsoleResponse: Display: Failed to find resolution value strings in scalability ini. Falling back to default.
LogConsoleResponse: Display: Failed to find resolution value strings in scalability ini. Falling back to default.
LogInit: Display: Running engine for game: ArenaBattle
LogPlatformFile: Not using cached read wrapper
LogTaskGraph: Started task graph with 5 named threads and 35 total threads with 3 sets of task threads.
LogStats: Stats thread started at 0.221256
LogICUInternationalization: ICU TimeZone Detection - Raw Offset: +9:00, Platform Override: ''
LogInit: Display: Loading text-based GConfig....
LogPluginManager: Mounting plugin MeshPainting
LogPluginManager: Mounting plugin XGEController
LogPluginManager: Mounting plugin Paper2D
LogPluginManager: Mounting plugin LiveLink
LogPluginManager: Mounting plugin AISupport
LogPluginManager: Mounting plugin LightPropagationVolume
LogPluginManager: Mounting plugin CameraShakePreviewer
LogPluginManager: Mounting plugin GameplayCameras
LogPluginManager: Mounting plugin OodleNetwork
LogPluginManager: Mounting plugin AnimationSharing
LogPluginManager: Mounting plugin OodleData
LogPluginManager: Mounting plugin EnvironmentQueryEditor
LogPluginManager: Mounting plugin DatasmithContent
LogPluginManager: Mounting plugin VariantManagerContent
LogPluginManager: Mounting plugin AssetManagerEditor
LogPluginManager: Mounting plugin CurveEditorTools
LogPluginManager: Mounting plugin DataValidation
LogPluginManager: Mounting plugin CryptoKeys
LogPluginManager: Mounting plugin GeometryMode
LogPluginManager: Mounting plugin MacGraphicsSwitching
LogPluginManager: Mounting plugin FacialAnimation
LogPluginManager: Mounting plugin PluginBrowser
LogPluginManager: Mounting plugin SpeedTreeImporter
LogPluginManager: Mounting plugin LuminPlatformFeatures
LogPluginManager: Mounting plugin MobileLauncherProfileWizard
LogPluginManager: Mounting plugin Niagara
LogPluginManager: Mounting plugin MagicLeap
LogPluginManager: Mounting plugin MagicLeapLightEstimation
LogPluginManager: Mounting plugin GameplayTagsEditor
LogPluginManager: Mounting plugin MagicLeapMedia
LogPluginManager: Mounting plugin MLSDK
LogPluginManager: Mounting plugin LevelSequenceEditor
LogPluginManager: Mounting plugin MatineeToLevelSequence
LogPluginManager: Mounting plugin TemplateSequence
LogPluginManager: Mounting plugin MaterialAnalyzer
LogPluginManager: Mounting plugin AutomationUtils
LogPluginManager: Mounting plugin BackChannel
LogPluginManager: Mounting plugin ChaosEditor
LogPluginManager: Mounting plugin ChaosClothEditor
LogPluginManager: Mounting plugin ChaosNiagara
LogPluginManager: Mounting plugin MagicLeapPassableWorld
LogPluginManager: Mounting plugin ChaosCloth
LogPluginManager: Mounting plugin CharacterAI
LogPluginManager: Mounting plugin ActorSequence
LogPluginManager: Mounting plugin ChaosSolverPlugin
LogPluginManager: Mounting plugin AndroidMedia
LogPluginManager: Mounting plugin AlembicImporter
LogPluginManager: Mounting plugin AvfMedia
LogPluginManager: Mounting plugin GeometryCache
LogPluginManager: Mounting plugin TcpMessaging
LogPluginManager: Mounting plugin UdpMessaging
LogPluginManager: Mounting plugin GeometryCollectionPlugin
LogPluginManager: Mounting plugin ImgMedia
LogPluginManager: Mounting plugin MediaCompositing
LogPluginManager: Mounting plugin MediaPlayerEditor
LogPluginManager: Mounting plugin WmfMedia
LogPluginManager: Mounting plugin WebMMedia
LogPluginManager: Mounting plugin OnlineSubsystem
LogPluginManager: Mounting plugin OnlineSubsystemNull
LogPluginManager: Mounting plugin OnlineSubsystemUtils
LogPluginManager: Mounting plugin GeometryProcessing
LogPluginManager: Mounting plugin OpenImageDenoise
LogPluginManager: Mounting plugin MotoSynth
LogPluginManager: Mounting plugin PlanarCut
LogPluginManager: Mounting plugin ProxyLODPlugin
LogPluginManager: Mounting plugin PythonScriptPlugin
LogPluginManager: Mounting plugin PlatformCrypto
LogPluginManager: Mounting plugin SkeletalReduction
LogPluginManager: Mounting plugin LauncherChunkInstaller
LogPluginManager: Mounting plugin ScreenshotTools
LogPluginManager: Mounting plugin AndroidDeviceProfileSelector
LogPluginManager: Mounting plugin ActorLayerUtilities
LogPluginManager: Mounting plugin AndroidMoviePlayer
LogPluginManager: Mounting plugin AppleImageUtils
LogPluginManager: Mounting plugin AndroidPermission
LogPluginManager: Mounting plugin AppleMoviePlayer
LogPluginManager: Mounting plugin ArchVisCharacter
LogPluginManager: Mounting plugin AssetTags
LogPluginManager: Mounting plugin AudioCapture
LogPluginManager: Mounting plugin AudioSynesthesia
LogPluginManager: Mounting plugin CableComponent
LogPluginManager: Mounting plugin ChunkDownloader
LogPluginManager: Mounting plugin CustomMeshComponent
LogPluginManager: Mounting plugin EditableMesh
LogPluginManager: Mounting plugin ExampleDeviceProfileSelector
LogPluginManager: Mounting plugin GoogleCloudMessaging
LogPluginManager: Mounting plugin GooglePAD
LogPluginManager: Mounting plugin IOSDeviceProfileSelector
LogPluginManager: Mounting plugin LinuxDeviceProfileSelector
LogPluginManager: Mounting plugin LocationServicesBPLibrary
LogPluginManager: Mounting plugin MobilePatchingUtils
LogPluginManager: Mounting plugin Takes
LogPluginManager: Mounting plugin OpenXR
LogPluginManager: Mounting plugin OpenXREyeTracker
LogPluginManager: Mounting plugin OpenXRHandTracking
LogPluginManager: Mounting plugin PhysXVehicles
LogPluginManager: Mounting plugin PostSplashScreen
LogPluginManager: Mounting plugin PropertyAccessEditor
LogPluginManager: Mounting plugin ProceduralMeshComponent
LogPluginManager: Mounting plugin SoundFields
LogPluginManager: Mounting plugin SignificanceManager
LogPluginManager: Mounting plugin RuntimePhysXCooking
LogPluginManager: Mounting plugin WebMMoviePlayer
LogPluginManager: Mounting plugin Synthesis
LogPluginManager: Mounting plugin WindowsMoviePlayer
LogPluginManager: Mounting plugin CLionSourceCodeAccess
LogPluginManager: Mounting plugin CodeLiteSourceCodeAccess
LogPluginManager: Mounting plugin KDevelopSourceCodeAccess
LogPluginManager: Mounting plugin PixWinPlugin
LogPluginManager: Mounting plugin GitSourceControl
LogPluginManager: Mounting plugin PluginUtils
LogPluginManager: Mounting plugin PlasticSourceControl
LogPluginManager: Mounting plugin PerforceSourceControl
LogPluginManager: Mounting plugin RiderSourceCodeAccess
LogPluginManager: Mounting plugin TextureFormatOodle
LogPluginManager: Mounting plugin SubversionSourceControl
LogPluginManager: Mounting plugin NullSourceCodeAccess
LogPluginManager: Mounting plugin PropertyAccessNode
LogPluginManager: Mounting plugin UObjectPlugin
LogPluginManager: Mounting plugin XCodeSourceCodeAccess
LogPluginManager: Mounting plugin VisualStudioCodeSourceCodeAccess
LogPluginManager: Mounting plugin VisualStudioSourceCodeAccess
LogPluginManager: Mounting plugin ContentBrowserAssetDataSource
LogPluginManager: Mounting plugin ContentBrowserClassDataSource
LogPluginManager: Mounting plugin ContentBrowserFileDataSource
LogPluginManager: Mounting plugin OnlineSubsystemGooglePlay
LogPluginManager: Mounting plugin OnlineSubsystemIOS
LogPluginManager: Mounting plugin OculusVR
LogPluginManager: Mounting plugin SteamVR
LogInit: Using libcurl 7.55.1-DEV
LogInit:  - built for x86_64-pc-win32
LogInit:  - supports SSL with OpenSSL/1.1.1
LogInit:  - supports HTTP deflate (compression) using libz 1.2.8
LogInit:  - other features:
LogInit:      CURL_VERSION_SSL
LogInit:      CURL_VERSION_LIBZ
LogInit:      CURL_VERSION_IPV6
LogInit:      CURL_VERSION_ASYNCHDNS
LogInit:      CURL_VERSION_LARGEFILE
LogInit:      CURL_VERSION_IDN
LogInit:  CurlRequestOptions (configurable via config and command line):
LogInit:  - bVerifyPeer = true  - Libcurl will verify peer certificate
LogInit:  - bUseHttpProxy = false  - Libcurl will NOT use HTTP proxy
LogInit:  - bDontReuseConnections = false  - Libcurl will reuse connections
LogInit:  - MaxHostConnections = 16  - Libcurl will limit the number of connections to a host
LogInit:  - LocalHostAddr = Default
LogInit:  - BufferSize = 65536
LogOnline: OSS: Creating online subsystem instance for: NULL
LogInit: WinSock: version 1.1 (2.2), MaxSocks=32767, MaxUdp=65467
LogOnline: OSS: TryLoadSubsystemAndSetDefault: Loaded subsystem for module [NULL]
PixWinPlugin: PIX capture plugin failed to initialize! Check that the process is launched from PIX.
LogOculusPluginWrapper: OculusPlugin initialized successfully
LogHMD: Failed initializing OVRPlugin 1.59.0
LogInit: Build: ++UE4+Release-4.27-CL-18319896
LogInit: Engine Version: 4.27.2-18319896+++UE4+Release-4.27
LogInit: Compatible Engine Version: 4.27.0-17155196+++UE4+Release-4.27
LogInit: Net CL: 17155196
LogInit: OS: Windows 10 (Release 2009) (), CPU: Intel(R) Core(TM) i5-10400F CPU @ 2.90GHz, GPU: NVIDIA GeForce RTX 3060 Ti
LogInit: Compiled (64-bit): Nov 30 2021 07:12:08
LogInit: Compiled with Visual C++: 19.24.28315.00
LogInit: Build Configuration: Development
LogInit: Branch Name: ++UE4+Release-4.27
LogInit: Command Line: 
LogInit: Base Directory: C:/Program Files/Epic Games/UE_4.27/Engine/Binaries/Win64/
LogInit: Allocator: TBB
LogInit: Installed Engine Build: 1
LogDevObjectVersion: Number of dev versions registered: 29
LogDevObjectVersion:   Dev-Blueprints (B0D832E4-1F89-4F0D-ACCF-7EB736FD4AA2): 10
LogDevObjectVersion:   Dev-Build (E1C64328-A22C-4D53-A36C-8E866417BD8C): 0
LogDevObjectVersion:   Dev-Core (375EC13C-06E4-48FB-B500-84F0262A717E): 4
LogDevObjectVersion:   Dev-Editor (E4B068ED-F494-42E9-A231-DA0B2E46BB41): 40
LogDevObjectVersion:   Dev-Framework (CFFC743F-43B0-4480-9391-14DF171D2073): 37
LogDevObjectVersion:   Dev-Mobile (B02B49B5-BB20-44E9-A304-32B752E40360): 3
LogDevObjectVersion:   Dev-Networking (A4E4105C-59A1-49B5-A7C5-40C4547EDFEE): 0
LogDevObjectVersion:   Dev-Online (39C831C9-5AE6-47DC-9A44-9C173E1C8E7C): 0
LogDevObjectVersion:   Dev-Physics (78F01B33-EBEA-4F98-B9B4-84EACCB95AA2): 14
LogDevObjectVersion:   Dev-Platform (6631380F-2D4D-43E0-8009-CF276956A95A): 0
LogDevObjectVersion:   Dev-Rendering (12F88B9F-8875-4AFC-A67C-D90C383ABD29): 45
LogDevObjectVersion:   Dev-Sequencer (7B5AE74C-D270-4C10-A958-57980B212A5A): 13
LogDevObjectVersion:   Dev-VR (D7296918-1DD6-4BDD-9DE2-64A83CC13884): 3
LogDevObjectVersion:   Dev-LoadTimes (C2A15278-BFE7-4AFE-6C17-90FF531DF755): 1
LogDevObjectVersion:   Private-Geometry (6EACA3D4-40EC-4CC1-B786-8BED09428FC5): 3
LogDevObjectVersion:   Dev-AnimPhys (29E575DD-E0A3-4627-9D10-D276232CDCEA): 17
LogDevObjectVersion:   Dev-Anim (AF43A65D-7FD3-4947-9873-3E8ED9C1BB05): 15
LogDevObjectVersion:   Dev-ReflectionCapture (6B266CEC-1EC7-4B8F-A30B-E4D90942FC07): 1
LogDevObjectVersion:   Dev-Automation (0DF73D61-A23F-47EA-B727-89E90C41499A): 1
LogDevObjectVersion:   FortniteMain (601D1886-AC64-4F84-AA16-D3DE0DEAC7D6): 47
LogDevObjectVersion:   FortniteRelease (E7086368-6B23-4C58-8439-1B7016265E91): 1
LogDevObjectVersion:   Dev-Enterprise (9DFFBCD6-494F-0158-E221-12823C92A888): 10
LogDevObjectVersion:   Dev-Niagara (F2AED0AC-9AFE-416F-8664-AA7FFA26D6FC): 1
LogDevObjectVersion:   Dev-Destruction (174F1F0B-B4C6-45A5-B13F-2EE8D0FB917D): 10
LogDevObjectVersion:   Dev-Physics-Ext (35F94A83-E258-406C-A318-09F59610247C): 41
LogDevObjectVersion:   Dev-PhysicsMaterial-Chaos (B68FC16E-8B1B-42E2-B453-215C058844FE): 1
LogDevObjectVersion:   Dev-CineCamera (B2E18506-4273-CFC2-A54E-F4BB758BBA07): 1
LogDevObjectVersion:   Dev-VirtualProduction (64F58936-FD1B-42BA-BA96-7289D5D0FA4E): 1
LogDevObjectVersion:   Dev-MediaFramework (6F0ED827-A609-4895-9C91-998D90180EA4): 2
LogInit: Presizing for max 25165824 objects, including 0 objects not considered by GC, pre-allocating 0 bytes for permanent pool.
LogConfig: Applying CVar settings from Section [/Script/Engine.StreamingSettings] File [C:/GitHub/Arena-Battle/ArenaBattle/Saved/Config/Windows/Engine.ini]
LogConfig: Setting CVar [[s.MinBulkDataSizeForAsyncLoading:131072]]
LogConfig: Setting CVar [[s.AsyncLoadingThreadEnabled:0]]
LogConfig: Setting CVar [[s.EventDrivenLoaderEnabled:1]]
LogConfig: Setting CVar [[s.WarnIfTimeLimitExceeded:0]]
LogConfig: Setting CVar [[s.TimeLimitExceededMultiplier:1.5]]
LogConfig: Setting CVar [[s.TimeLimitExceededMinTime:0.005]]
LogConfig: Setting CVar [[s.UseBackgroundLevelStreaming:1]]
LogConfig: Setting CVar [[s.PriorityAsyncLoadingExtraTime:15.0]]
LogConfig: Setting CVar [[s.LevelStreamingActorsUpdateTimeLimit:5.0]]
LogConfig: Setting CVar [[s.PriorityLevelStreamingActorsUpdateExtraTime:5.0]]
LogConfig: Setting CVar [[s.LevelStreamingComponentsRegistrationGranularity:10]]
LogConfig: Setting CVar [[s.UnregisterComponentsTimeLimit:1.0]]
LogConfig: Setting CVar [[s.LevelStreamingComponentsUnregistrationGranularity:5]]
LogConfig: Setting CVar [[s.FlushStreamingOnExit:1]]
LogInit: Object subsystem initialized
LogConfig: Setting CVar [[con.DebugEarlyDefault:1]]
LogConfig: Setting CVar [[r.setres:1280x720]]
[2024.02.15-10.33.56:946][  0]LogConfig: Setting CVar [[r.VSync:0]]
[2024.02.15-10.33.56:946][  0]LogConfig: Setting CVar [[r.RHICmdBypass:0]]
[2024.02.15-10.33.56:946][  0]LogConfig: Applying CVar settings from Section [/Script/Engine.RendererSettings] File [C:/GitHub/Arena-Battle/ArenaBattle/Saved/Config/Windows/Engine.ini]
[2024.02.15-10.33.56:946][  0]LogConfig: Setting CVar [[r.GPUCrashDebugging:0]]
[2024.02.15-10.33.56:946][  0]LogConfig: Applying CVar settings from Section [/Script/Engine.RendererOverrideSettings] File [C:/GitHub/Arena-Battle/ArenaBattle/Saved/Config/Windows/Engine.ini]
[2024.02.15-10.33.56:946][  0]LogConfig: Applying CVar settings from Section [/Script/Engine.StreamingSettings] File [C:/GitHub/Arena-Battle/ArenaBattle/Saved/Config/Windows/Engine.ini]
[2024.02.15-10.33.56:946][  0]LogConfig: Setting CVar [[s.MinBulkDataSizeForAsyncLoading:131072]]
[2024.02.15-10.33.56:946][  0]LogConfig: Setting CVar [[s.AsyncLoadingThreadEnabled:0]]
[2024.02.15-10.33.56:946][  0]LogConfig: Setting CVar [[s.EventDrivenLoaderEnabled:1]]
[2024.02.15-10.33.56:946][  0]LogConfig: Setting CVar [[s.WarnIfTimeLimitExceeded:0]]
[2024.02.15-10.33.56:946][  0]LogConfig: Setting CVar [[s.TimeLimitExceededMultiplier:1.5]]
[2024.02.15-10.33.56:946][  0]LogConfig: Setting CVar [[s.TimeLimitExceededMinTime:0.005]]
[2024.02.15-10.33.56:946][  0]LogConfig: Setting CVar [[s.UseBackgroundLevelStreaming:1]]
[2024.02.15-10.33.56:946][  0]LogConfig: Setting CVar [[s.PriorityAsyncLoadingExtraTime:15.0]]
[2024.02.15-10.33.56:946][  0]LogConfig: Setting CVar [[s.LevelStreamingActorsUpdateTimeLimit:5.0]]
[2024.02.15-10.33.56:946][  0]LogConfig: Setting CVar [[s.PriorityLevelStreamingActorsUpdateExtraTime:5.0]]
[2024.02.15-10.33.56:946][  0]LogConfig: Setting CVar [[s.LevelStreamingComponentsRegistrationGranularity:10]]
[2024.02.15-10.33.56:946][  0]LogConfig: Setting CVar [[s.UnregisterComponentsTimeLimit:1.0]]
[2024.02.15-10.33.56:946][  0]LogConfig: Setting CVar [[s.LevelStreamingComponentsUnregistrationGranularity:5]]
[2024.02.15-10.33.56:946][  0]LogConfig: Setting CVar [[s.FlushStreamingOnExit:1]]
[2024.02.15-10.33.56:946][  0]LogConfig: Applying CVar settings from Section [/Script/Engine.GarbageCollectionSettings] File [C:/GitHub/Arena-Battle/ArenaBattle/Saved/Config/Windows/Engine.ini]
[2024.02.15-10.33.56:946][  0]LogConfig: Setting CVar [[gc.MaxObjectsNotConsideredByGC:1]]
[2024.02.15-10.33.56:946][  0]LogConfig: Setting CVar [[gc.SizeOfPermanentObjectPool:0]]
[2024.02.15-10.33.56:946][  0]LogConfig: Setting CVar [[gc.FlushStreamingOnGC:0]]
[2024.02.15-10.33.56:946][  0]LogConfig: Setting CVar [[gc.NumRetriesBeforeForcingGC:10]]
[2024.02.15-10.33.56:946][  0]LogConfig: Setting CVar [[gc.AllowParallelGC:1]]
[2024.02.15-10.33.56:946][  0]LogConfig: Setting CVar [[gc.TimeBetweenPurgingPendingKillObjects:61.1]]
[2024.02.15-10.33.56:946][  0]LogConfig: Setting CVar [[gc.MaxObjectsInEditor:25165824]]
[2024.02.15-10.33.56:946][  0]LogConfig: Setting CVar [[gc.IncrementalBeginDestroyEnabled:1]]
[2024.02.15-10.33.56:946][  0]LogConfig: Setting CVar [[gc.CreateGCClusters:1]]
[2024.02.15-10.33.56:946][  0]LogConfig: Setting CVar [[gc.MinGCClusterSize:5]]
[2024.02.15-10.33.56:946][  0]LogConfig: Setting CVar [[gc.ActorClusteringEnabled:0]]
[2024.02.15-10.33.56:946][  0]LogConfig: Setting CVar [[gc.BlueprintClusteringEnabled:0]]
[2024.02.15-10.33.56:946][  0]LogConfig: Setting CVar [[gc.UseDisregardForGCOnDedicatedServers:0]]
[2024.02.15-10.33.56:946][  0]LogConfig: Setting CVar [[gc.MultithreadedDestructionEnabled:1]]
[2024.02.15-10.33.56:946][  0]LogConfig: Applying CVar settings from Section [/Script/Engine.NetworkSettings] File [C:/GitHub/Arena-Battle/ArenaBattle/Saved/Config/Windows/Engine.ini]
[2024.02.15-10.33.56:946][  0]LogConfig: Applying CVar settings from Section [/Script/UnrealEd.CookerSettings] File [C:/GitHub/Arena-Battle/ArenaBattle/Saved/Config/Windows/Engine.ini]
[2024.02.15-10.33.56:970][  0]LogConfig: Applying CVar settings from Section [ViewDistanceQuality@3] File [C:/GitHub/Arena-Battle/ArenaBattle/Saved/Config/Windows/Scalability.ini]
[2024.02.15-10.33.56:970][  0]LogConfig: Setting CVar [[r.SkeletalMeshLODBias:0]]
[2024.02.15-10.33.56:970][  0]LogConfig: Setting CVar [[r.ViewDistanceScale:1.0]]
[2024.02.15-10.33.56:970][  0]LogConfig: Applying CVar settings from Section [AntiAliasingQuality@3] File [C:/GitHub/Arena-Battle/ArenaBattle/Saved/Config/Windows/Scalability.ini]
[2024.02.15-10.33.56:970][  0]LogConfig: Setting CVar [[r.PostProcessAAQuality:4]]
[2024.02.15-10.33.56:970][  0]LogConfig: Applying CVar settings from Section [ShadowQuality@3] File [C:/GitHub/Arena-Battle/ArenaBattle/Saved/Config/Windows/Scalability.ini]
[2024.02.15-10.33.56:970][  0]LogConfig: Setting CVar [[r.LightFunctionQuality:1]]
[2024.02.15-10.33.56:970][  0]LogConfig: Setting CVar [[r.ShadowQuality:5]]
[2024.02.15-10.33.56:970][  0]LogConfig: Setting CVar [[r.Shadow.CSM.MaxCascades:10]]
[2024.02.15-10.33.56:971][  0]LogConfig: Setting CVar [[r.Shadow.MaxResolution:2048]]
[2024.02.15-10.33.56:971][  0]LogConfig: Setting CVar [[r.Shadow.MaxCSMResolution:2048]]
[2024.02.15-10.33.56:971][  0]LogConfig: Setting CVar [[r.Shadow.RadiusThreshold:0.01]]
[2024.02.15-10.33.56:971][  0]LogConfig: Setting CVar [[r.Shadow.DistanceScale:1.0]]
[2024.02.15-10.33.56:971][  0]LogConfig: Setting CVar [[r.Shadow.CSM.TransitionScale:1.0]]
[2024.02.15-10.33.56:971][  0]LogConfig: Setting CVar [[r.Shadow.PreShadowResolutionFactor:1.0]]
[2024.02.15-10.33.56:971][  0]LogConfig: Setting CVar [[r.DistanceFieldShadowing:1]]
[2024.02.15-10.33.56:971][  0]LogConfig: Setting CVar [[r.DistanceFieldAO:1]]
[2024.02.15-10.33.56:971][  0]LogConfig: Setting CVar [[r.AOQuality:2]]
[2024.02.15-10.33.56:971][  0]LogConfig: Setting CVar [[r.VolumetricFog:1]]
[2024.02.15-10.33.56:971][  0]LogConfig: Setting CVar [[r.VolumetricFog.GridPixelSize:8]]
[2024.02.15-10.33.56:971][  0]LogConfig: Setting CVar [[r.VolumetricFog.GridSizeZ:128]]
[2024.02.15-10.33.56:971][  0]LogConfig: Setting CVar [[r.VolumetricFog.HistoryMissSupersampleCount:4]]
[2024.02.15-10.33.56:971][  0]LogConfig: Setting CVar [[r.LightMaxDrawDistanceScale:1]]
[2024.02.15-10.33.56:971][  0]LogConfig: Setting CVar [[r.CapsuleShadows:1]]
[2024.02.15-10.33.56:971][  0]LogConfig: Applying CVar settings from Section [PostProcessQuality@3] File [C:/GitHub/Arena-Battle/ArenaBattle/Saved/Config/Windows/Scalability.ini]
[2024.02.15-10.33.56:971][  0]LogConfig: Setting CVar [[r.MotionBlurQuality:4]]
[2024.02.15-10.33.56:971][  0]LogConfig: Setting CVar [[r.AmbientOcclusionMipLevelFactor:0.4]]
[2024.02.15-10.33.56:971][  0]LogConfig: Setting CVar [[r.AmbientOcclusionMaxQuality:100]]
[2024.02.15-10.33.56:971][  0]LogConfig: Setting CVar [[r.AmbientOcclusionLevels:-1]]
[2024.02.15-10.33.56:971][  0]LogConfig: Setting CVar [[r.AmbientOcclusionRadiusScale:1.0]]
[2024.02.15-10.33.56:971][  0]LogConfig: Setting CVar [[r.DepthOfFieldQuality:2]]
[2024.02.15-10.33.56:971][  0]LogConfig: Setting CVar [[r.RenderTargetPoolMin:400]]
[2024.02.15-10.33.56:971][  0]LogConfig: Setting CVar [[r.LensFlareQuality:2]]
[2024.02.15-10.33.56:971][  0]LogConfig: Setting CVar [[r.SceneColorFringeQuality:1]]
[2024.02.15-10.33.56:971][  0]LogConfig: Setting CVar [[r.EyeAdaptationQuality:2]]
[2024.02.15-10.33.56:971][  0]LogConfig: Setting CVar [[r.BloomQuality:5]]
[2024.02.15-10.33.56:971][  0]LogConfig: Setting CVar [[r.FastBlurThreshold:100]]
[2024.02.15-10.33.56:971][  0]LogConfig: Setting CVar [[r.Upscale.Quality:3]]
[2024.02.15-10.33.56:971][  0]LogConfig: Setting CVar [[r.Tonemapper.GrainQuantization:1]]
[2024.02.15-10.33.56:971][  0]LogConfig: Setting CVar [[r.LightShaftQuality:1]]
[2024.02.15-10.33.56:971][  0]LogConfig: Setting CVar [[r.Filter.SizeScale:1]]
[2024.02.15-10.33.56:971][  0]LogConfig: Setting CVar [[r.Tonemapper.Quality:5]]
[2024.02.15-10.33.56:971][  0]LogConfig: Setting CVar [[r.DOF.Gather.AccumulatorQuality:1        ; higher gathering accumulator quality]]
[2024.02.15-10.33.56:971][  0]LogConfig: Setting CVar [[r.DOF.Gather.PostfilterMethod:1          ; Median3x3 postfilering method]]
[2024.02.15-10.33.56:971][  0]LogConfig: Setting CVar [[r.DOF.Gather.EnableBokehSettings:0       ; no bokeh simulation when gathering]]
[2024.02.15-10.33.56:971][  0]LogConfig: Setting CVar [[r.DOF.Gather.RingCount:4                 ; medium number of samples when gathering]]
[2024.02.15-10.33.56:971][  0]LogConfig: Setting CVar [[r.DOF.Scatter.ForegroundCompositing:1    ; additive foreground scattering]]
[2024.02.15-10.33.56:971][  0]LogConfig: Setting CVar [[r.DOF.Scatter.BackgroundCompositing:2    ; additive background scattering]]
[2024.02.15-10.33.56:971][  0]LogConfig: Setting CVar [[r.DOF.Scatter.EnableBokehSettings:1      ; bokeh simulation when scattering]]
[2024.02.15-10.33.56:971][  0]LogConfig: Setting CVar [[r.DOF.Scatter.MaxSpriteRatio:0.1         ; only a maximum of 10% of scattered bokeh]]
[2024.02.15-10.33.56:971][  0]LogConfig: Setting CVar [[r.DOF.Recombine.Quality:1                ; cheap slight out of focus]]
[2024.02.15-10.33.56:971][  0]LogConfig: Setting CVar [[r.DOF.Recombine.EnableBokehSettings:0    ; no bokeh simulation on slight out of focus]]
[2024.02.15-10.33.56:971][  0]LogConfig: Setting CVar [[r.DOF.TemporalAAQuality:1                ; more stable temporal accumulation]]
[2024.02.15-10.33.56:971][  0]LogConfig: Setting CVar [[r.DOF.Kernel.MaxForegroundRadius:0.025]]
[2024.02.15-10.33.56:971][  0]LogConfig: Setting CVar [[r.DOF.Kernel.MaxBackgroundRadius:0.025]]
[2024.02.15-10.33.56:971][  0]LogConfig: Applying CVar settings from Section [TextureQuality@3] File [C:/GitHub/Arena-Battle/ArenaBattle/Saved/Config/Windows/Scalability.ini]
[2024.02.15-10.33.56:971][  0]LogConfig: Setting CVar [[r.Streaming.MipBias:0]]
[2024.02.15-10.33.56:971][  0]LogConfig: Setting CVar [[r.Streaming.AmortizeCPUToGPUCopy:0]]
[2024.02.15-10.33.56:971][  0]LogConfig: Setting CVar [[r.Streaming.MaxNumTexturesToStreamPerFrame:0]]
[2024.02.15-10.33.56:971][  0]LogConfig: Setting CVar [[r.Streaming.Boost:1]]
[2024.02.15-10.33.56:971][  0]LogConfig: Setting CVar [[r.MaxAnisotropy:8]]
[2024.02.15-10.33.56:971][  0]LogConfig: Setting CVar [[r.VT.MaxAnisotropy:8]]
[2024.02.15-10.33.56:971][  0]LogConfig: Setting CVar [[r.Streaming.LimitPoolSizeToVRAM:0]]
[2024.02.15-10.33.56:971][  0]LogConfig: Setting CVar [[r.Streaming.PoolSize:1000]]
[2024.02.15-10.33.56:971][  0]LogConfig: Setting CVar [[r.Streaming.MaxEffectiveScreenSize:0]]
[2024.02.15-10.33.56:971][  0]LogConfig: Applying CVar settings from Section [EffectsQuality@3] File [C:/GitHub/Arena-Battle/ArenaBattle/Saved/Config/Windows/Scalability.ini]
[2024.02.15-10.33.56:971][  0]LogConfig: Setting CVar [[r.TranslucencyLightingVolumeDim:64]]
[2024.02.15-10.33.56:971][  0]LogConfig: Setting CVar [[r.RefractionQuality:2]]
[2024.02.15-10.33.56:971][  0]LogConfig: Setting CVar [[r.SSR.Quality:3]]
[2024.02.15-10.33.56:971][  0]LogConfig: Setting CVar [[r.SSR.HalfResSceneColor:0]]
[2024.02.15-10.33.56:971][  0]LogConfig: Setting CVar [[r.SceneColorFormat:4]]
[2024.02.15-10.33.56:971][  0]LogConfig: Setting CVar [[r.DetailMode:2]]
[2024.02.15-10.33.56:971][  0]LogConfig: Setting CVar [[r.TranslucencyVolumeBlur:1]]
[2024.02.15-10.33.56:971][  0]LogConfig: Setting CVar [[r.MaterialQualityLevel:1 ; High quality]]
[2024.02.15-10.33.56:971][  0]LogConfig: Setting CVar [[r.AnisotropicMaterials:1]]
[2024.02.15-10.33.56:971][  0]LogConfig: Setting CVar [[r.SSS.Scale:1]]
[2024.02.15-10.33.56:971][  0]LogConfig: Setting CVar [[r.SSS.SampleSet:2]]
[2024.02.15-10.33.56:971][  0]LogConfig: Setting CVar [[r.SSS.Quality:1]]
[2024.02.15-10.33.56:971][  0]LogConfig: Setting CVar [[r.SSS.HalfRes:0]]
[2024.02.15-10.33.56:971][  0]LogConfig: Setting CVar [[r.SSGI.Quality:3]]
[2024.02.15-10.33.56:971][  0]LogConfig: Setting CVar [[r.EmitterSpawnRateScale:1.0]]
[2024.02.15-10.33.56:971][  0]LogConfig: Setting CVar [[r.ParticleLightQuality:2]]
[2024.02.15-10.33.56:971][  0]LogConfig: Setting CVar [[r.SkyAtmosphere.AerialPerspectiveLUT.FastApplyOnOpaque:1 ; Always have FastSkyLUT 1 in this case to avoid wrong sky]]
[2024.02.15-10.33.56:971][  0]LogConfig: Setting CVar [[r.SkyAtmosphere.AerialPerspectiveLUT.SampleCountMaxPerSlice:4]]
[2024.02.15-10.33.56:971][  0]LogConfig: Setting CVar [[r.SkyAtmosphere.AerialPerspectiveLUT.DepthResolution:16.0]]
[2024.02.15-10.33.56:971][  0]LogConfig: Setting CVar [[r.SkyAtmosphere.FastSkyLUT:1]]
[2024.02.15-10.33.56:971][  0]LogConfig: Setting CVar [[r.SkyAtmosphere.FastSkyLUT.SampleCountMin:4.0]]
[2024.02.15-10.33.56:971][  0]LogConfig: Setting CVar [[r.SkyAtmosphere.FastSkyLUT.SampleCountMax:128.0]]
[2024.02.15-10.33.56:971][  0]LogConfig: Setting CVar [[r.SkyAtmosphere.SampleCountMin:4.0]]
[2024.02.15-10.33.56:971][  0]LogConfig: Setting CVar [[r.SkyAtmosphere.SampleCountMax:128.0]]
[2024.02.15-10.33.56:971][  0]LogConfig: Setting CVar [[r.SkyAtmosphere.TransmittanceLUT.UseSmallFormat:0]]
[2024.02.15-10.33.56:971][  0]LogConfig: Setting CVar [[r.SkyAtmosphere.TransmittanceLUT.SampleCount:10.0]]
[2024.02.15-10.33.56:971][  0]LogConfig: Setting CVar [[r.SkyAtmosphere.MultiScatteringLUT.SampleCount:15.0]]
[2024.02.15-10.33.56:971][  0]LogConfig: Setting CVar [[r.SkyLight.RealTimeReflectionCapture:1]]
[2024.02.15-10.33.56:971][  0]LogConfig: Applying CVar settings from Section [FoliageQuality@3] File [C:/GitHub/Arena-Battle/ArenaBattle/Saved/Config/Windows/Scalability.ini]
[2024.02.15-10.33.56:971][  0]LogConfig: Setting CVar [[foliage.DensityScale:1.0]]
[2024.02.15-10.33.56:971][  0]LogConfig: Setting CVar [[grass.DensityScale:1.0]]
[2024.02.15-10.33.56:971][  0]LogConfig: Applying CVar settings from Section [ShadingQuality@3] File [C:/GitHub/Arena-Battle/ArenaBattle/Saved/Config/Windows/Scalability.ini]
[2024.02.15-10.33.56:971][  0]LogConfig: Setting CVar [[r.HairStrands.SkyLighting.IntegrationType:2]]
[2024.02.15-10.33.56:971][  0]LogConfig: Setting CVar [[r.HairStrands.SkyAO.SampleCount:4]]
[2024.02.15-10.33.56:971][  0]LogConfig: Setting CVar [[r.HairStrands.Visibility.MSAA.SamplePerPixel:4]]
[2024.02.15-10.33.56:971][  0]LogInit: Selected Device Profile: [Windows]
[2024.02.15-10.33.56:972][  0]LogInit: Applying CVar settings loaded from the selected device profile: [Windows]
[2024.02.15-10.33.56:972][  0]LogHAL: Display: Platform has ~ 16 GB [17101520896 / 17179869184 / 16], which maps to Larger [LargestMinGB=32, LargerMinGB=12, DefaultMinGB=8, SmallerMinGB=6, SmallestMinGB=0)
[2024.02.15-10.33.56:972][  0]LogInit: Going up to parent DeviceProfile []
[2024.02.15-10.33.56:972][  0]LogConfig: Applying CVar settings from Section [ViewDistanceQuality@3] File [C:/GitHub/Arena-Battle/ArenaBattle/Saved/Config/Windows/Scalability.ini]
[2024.02.15-10.33.56:972][  0]LogConfig: Setting CVar [[r.SkeletalMeshLODBias:0]]
[2024.02.15-10.33.56:972][  0]LogConfig: Setting CVar [[r.ViewDistanceScale:1.0]]
[2024.02.15-10.33.56:972][  0]LogConfig: Applying CVar settings from Section [AntiAliasingQuality@3] File [C:/GitHub/Arena-Battle/ArenaBattle/Saved/Config/Windows/Scalability.ini]
[2024.02.15-10.33.56:972][  0]LogConfig: Setting CVar [[r.PostProcessAAQuality:4]]
[2024.02.15-10.33.56:972][  0]LogConfig: Applying CVar settings from Section [ShadowQuality@3] File [C:/GitHub/Arena-Battle/ArenaBattle/Saved/Config/Windows/Scalability.ini]
[2024.02.15-10.33.56:972][  0]LogConfig: Setting CVar [[r.LightFunctionQuality:1]]
[2024.02.15-10.33.56:972][  0]LogConfig: Setting CVar [[r.ShadowQuality:5]]
[2024.02.15-10.33.56:972][  0]LogConfig: Setting CVar [[r.Shadow.CSM.MaxCascades:10]]
[2024.02.15-10.33.56:972][  0]LogConfig: Setting CVar [[r.Shadow.MaxResolution:2048]]
[2024.02.15-10.33.56:972][  0]LogConfig: Setting CVar [[r.Shadow.MaxCSMResolution:2048]]
[2024.02.15-10.33.56:972][  0]LogConfig: Setting CVar [[r.Shadow.RadiusThreshold:0.01]]
[2024.02.15-10.33.56:972][  0]LogConfig: Setting CVar [[r.Shadow.DistanceScale:1.0]]
[2024.02.15-10.33.56:972][  0]LogConfig: Setting CVar [[r.Shadow.CSM.TransitionScale:1.0]]
[2024.02.15-10.33.56:972][  0]LogConfig: Setting CVar [[r.Shadow.PreShadowResolutionFactor:1.0]]
[2024.02.15-10.33.56:972][  0]LogConfig: Setting CVar [[r.DistanceFieldShadowing:1]]
[2024.02.15-10.33.56:972][  0]LogConfig: Setting CVar [[r.DistanceFieldAO:1]]
[2024.02.15-10.33.56:972][  0]LogConfig: Setting CVar [[r.AOQuality:2]]
[2024.02.15-10.33.56:972][  0]LogConfig: Setting CVar [[r.VolumetricFog:1]]
[2024.02.15-10.33.56:972][  0]LogConfig: Setting CVar [[r.VolumetricFog.GridPixelSize:8]]
[2024.02.15-10.33.56:972][  0]LogConfig: Setting CVar [[r.VolumetricFog.GridSizeZ:128]]
[2024.02.15-10.33.56:972][  0]LogConfig: Setting CVar [[r.VolumetricFog.HistoryMissSupersampleCount:4]]
[2024.02.15-10.33.56:972][  0]LogConfig: Setting CVar [[r.LightMaxDrawDistanceScale:1]]
[2024.02.15-10.33.56:972][  0]LogConfig: Setting CVar [[r.CapsuleShadows:1]]
[2024.02.15-10.33.56:972][  0]LogConfig: Applying CVar settings from Section [PostProcessQuality@3] File [C:/GitHub/Arena-Battle/ArenaBattle/Saved/Config/Windows/Scalability.ini]
[2024.02.15-10.33.56:972][  0]LogConfig: Setting CVar [[r.MotionBlurQuality:4]]
[2024.02.15-10.33.56:972][  0]LogConfig: Setting CVar [[r.AmbientOcclusionMipLevelFactor:0.4]]
[2024.02.15-10.33.56:972][  0]LogConfig: Setting CVar [[r.AmbientOcclusionMaxQuality:100]]
[2024.02.15-10.33.56:972][  0]LogConfig: Setting CVar [[r.AmbientOcclusionLevels:-1]]
[2024.02.15-10.33.56:972][  0]LogConfig: Setting CVar [[r.AmbientOcclusionRadiusScale:1.0]]
[2024.02.15-10.33.56:972][  0]LogConfig: Setting CVar [[r.DepthOfFieldQuality:2]]
[2024.02.15-10.33.56:972][  0]LogConfig: Setting CVar [[r.RenderTargetPoolMin:400]]
[2024.02.15-10.33.56:972][  0]LogConfig: Setting CVar [[r.LensFlareQuality:2]]
[2024.02.15-10.33.56:972][  0]LogConfig: Setting CVar [[r.SceneColorFringeQuality:1]]
[2024.02.15-10.33.56:972][  0]LogConfig: Setting CVar [[r.EyeAdaptationQuality:2]]
[2024.02.15-10.33.56:972][  0]LogConfig: Setting CVar [[r.BloomQuality:5]]
[2024.02.15-10.33.56:972][  0]LogConfig: Setting CVar [[r.FastBlurThreshold:100]]
[2024.02.15-10.33.56:972][  0]LogConfig: Setting CVar [[r.Upscale.Quality:3]]
[2024.02.15-10.33.56:972][  0]LogConfig: Setting CVar [[r.Tonemapper.GrainQuantization:1]]
[2024.02.15-10.33.56:972][  0]LogConfig: Setting CVar [[r.LightShaftQuality:1]]
[2024.02.15-10.33.56:972][  0]LogConfig: Setting CVar [[r.Filter.SizeScale:1]]
[2024.02.15-10.33.56:972][  0]LogConfig: Setting CVar [[r.Tonemapper.Quality:5]]
[2024.02.15-10.33.56:972][  0]LogConfig: Setting CVar [[r.DOF.Gather.AccumulatorQuality:1        ; higher gathering accumulator quality]]
[2024.02.15-10.33.56:972][  0]LogConfig: Setting CVar [[r.DOF.Gather.PostfilterMethod:1          ; Median3x3 postfilering method]]
[2024.02.15-10.33.56:972][  0]LogConfig: Setting CVar [[r.DOF.Gather.EnableBokehSettings:0       ; no bokeh simulation when gathering]]
[2024.02.15-10.33.56:972][  0]LogConfig: Setting CVar [[r.DOF.Gather.RingCount:4                 ; medium number of samples when gathering]]
[2024.02.15-10.33.56:972][  0]LogConfig: Setting CVar [[r.DOF.Scatter.ForegroundCompositing:1    ; additive foreground scattering]]
[2024.02.15-10.33.56:972][  0]LogConfig: Setting CVar [[r.DOF.Scatter.BackgroundCompositing:2    ; additive background scattering]]
[2024.02.15-10.33.56:972][  0]LogConfig: Setting CVar [[r.DOF.Scatter.EnableBokehSettings:1      ; bokeh simulation when scattering]]
[2024.02.15-10.33.56:972][  0]LogConfig: Setting CVar [[r.DOF.Scatter.MaxSpriteRatio:0.1         ; only a maximum of 10% of scattered bokeh]]
[2024.02.15-10.33.56:972][  0]LogConfig: Setting CVar [[r.DOF.Recombine.Quality:1                ; cheap slight out of focus]]
[2024.02.15-10.33.56:972][  0]LogConfig: Setting CVar [[r.DOF.Recombine.EnableBokehSettings:0    ; no bokeh simulation on slight out of focus]]
[2024.02.15-10.33.56:972][  0]LogConfig: Setting CVar [[r.DOF.TemporalAAQuality:1                ; more stable temporal accumulation]]
[2024.02.15-10.33.56:972][  0]LogConfig: Setting CVar [[r.DOF.Kernel.MaxForegroundRadius:0.025]]
[2024.02.15-10.33.56:972][  0]LogConfig: Setting CVar [[r.DOF.Kernel.MaxBackgroundRadius:0.025]]
[2024.02.15-10.33.56:972][  0]LogConfig: Applying CVar settings from Section [TextureQuality@3] File [C:/GitHub/Arena-Battle/ArenaBattle/Saved/Config/Windows/Scalability.ini]
[2024.02.15-10.33.56:972][  0]LogConfig: Setting CVar [[r.Streaming.MipBias:0]]
[2024.02.15-10.33.56:972][  0]LogConfig: Setting CVar [[r.Streaming.AmortizeCPUToGPUCopy:0]]
[2024.02.15-10.33.56:972][  0]LogConfig: Setting CVar [[r.Streaming.MaxNumTexturesToStreamPerFrame:0]]
[2024.02.15-10.33.56:972][  0]LogConfig: Setting CVar [[r.Streaming.Boost:1]]
[2024.02.15-10.33.56:972][  0]LogConfig: Setting CVar [[r.MaxAnisotropy:8]]
[2024.02.15-10.33.56:972][  0]LogConfig: Setting CVar [[r.VT.MaxAnisotropy:8]]
[2024.02.15-10.33.56:972][  0]LogConfig: Setting CVar [[r.Streaming.LimitPoolSizeToVRAM:0]]
[2024.02.15-10.33.56:972][  0]LogConfig: Setting CVar [[r.Streaming.PoolSize:1000]]
[2024.02.15-10.33.56:972][  0]LogConfig: Setting CVar [[r.Streaming.MaxEffectiveScreenSize:0]]
[2024.02.15-10.33.56:972][  0]LogConfig: Applying CVar settings from Section [EffectsQuality@3] File [C:/GitHub/Arena-Battle/ArenaBattle/Saved/Config/Windows/Scalability.ini]
[2024.02.15-10.33.56:972][  0]LogConfig: Setting CVar [[r.TranslucencyLightingVolumeDim:64]]
[2024.02.15-10.33.56:972][  0]LogConfig: Setting CVar [[r.RefractionQuality:2]]
[2024.02.15-10.33.56:972][  0]LogConfig: Setting CVar [[r.SSR.Quality:3]]
[2024.02.15-10.33.56:972][  0]LogConfig: Setting CVar [[r.SSR.HalfResSceneColor:0]]
[2024.02.15-10.33.56:972][  0]LogConfig: Setting CVar [[r.SceneColorFormat:4]]
[2024.02.15-10.33.56:972][  0]LogConfig: Setting CVar [[r.DetailMode:2]]
[2024.02.15-10.33.56:972][  0]LogConfig: Setting CVar [[r.TranslucencyVolumeBlur:1]]
[2024.02.15-10.33.56:972][  0]LogConfig: Setting CVar [[r.MaterialQualityLevel:1 ; High quality]]
[2024.02.15-10.33.56:972][  0]LogConfig: Setting CVar [[r.AnisotropicMaterials:1]]
[2024.02.15-10.33.56:972][  0]LogConfig: Setting CVar [[r.SSS.Scale:1]]
[2024.02.15-10.33.56:972][  0]LogConfig: Setting CVar [[r.SSS.SampleSet:2]]
[2024.02.15-10.33.56:972][  0]LogConfig: Setting CVar [[r.SSS.Quality:1]]
[2024.02.15-10.33.56:972][  0]LogConfig: Setting CVar [[r.SSS.HalfRes:0]]
[2024.02.15-10.33.56:972][  0]LogConfig: Setting CVar [[r.SSGI.Quality:3]]
[2024.02.15-10.33.56:972][  0]LogConfig: Setting CVar [[r.EmitterSpawnRateScale:1.0]]
[2024.02.15-10.33.56:972][  0]LogConfig: Setting CVar [[r.ParticleLightQuality:2]]
[2024.02.15-10.33.56:972][  0]LogConfig: Setting CVar [[r.SkyAtmosphere.AerialPerspectiveLUT.FastApplyOnOpaque:1 ; Always have FastSkyLUT 1 in this case to avoid wrong sky]]
[2024.02.15-10.33.56:972][  0]LogConfig: Setting CVar [[r.SkyAtmosphere.AerialPerspectiveLUT.SampleCountMaxPerSlice:4]]
[2024.02.15-10.33.56:972][  0]LogConfig: Setting CVar [[r.SkyAtmosphere.AerialPerspectiveLUT.DepthResolution:16.0]]
[2024.02.15-10.33.56:972][  0]LogConfig: Setting CVar [[r.SkyAtmosphere.FastSkyLUT:1]]
[2024.02.15-10.33.56:972][  0]LogConfig: Setting CVar [[r.SkyAtmosphere.FastSkyLUT.SampleCountMin:4.0]]
[2024.02.15-10.33.56:972][  0]LogConfig: Setting CVar [[r.SkyAtmosphere.FastSkyLUT.SampleCountMax:128.0]]
[2024.02.15-10.33.56:973][  0]LogConfig: Setting CVar [[r.SkyAtmosphere.SampleCountMin:4.0]]
[2024.02.15-10.33.56:973][  0]LogConfig: Setting CVar [[r.SkyAtmosphere.SampleCountMax:128.0]]
[2024.02.15-10.33.56:973][  0]LogConfig: Setting CVar [[r.SkyAtmosphere.TransmittanceLUT.UseSmallFormat:0]]
[2024.02.15-10.33.56:973][  0]LogConfig: Setting CVar [[r.SkyAtmosphere.TransmittanceLUT.SampleCount:10.0]]
[2024.02.15-10.33.56:973][  0]LogConfig: Setting CVar [[r.SkyAtmosphere.MultiScatteringLUT.SampleCount:15.0]]
[2024.02.15-10.33.56:973][  0]LogConfig: Setting CVar [[r.SkyLight.RealTimeReflectionCapture:1]]
[2024.02.15-10.33.56:973][  0]LogConfig: Applying CVar settings from Section [FoliageQuality@3] File [C:/GitHub/Arena-Battle/ArenaBattle/Saved/Config/Windows/Scalability.ini]
[2024.02.15-10.33.56:973][  0]LogConfig: Setting CVar [[foliage.DensityScale:1.0]]
[2024.02.15-10.33.56:973][  0]LogConfig: Setting CVar [[grass.DensityScale:1.0]]
[2024.02.15-10.33.56:973][  0]LogConfig: Applying CVar settings from Section [ShadingQuality@3] File [C:/GitHub/Arena-Battle/ArenaBattle/Saved/Config/Windows/Scalability.ini]
[2024.02.15-10.33.56:973][  0]LogConfig: Setting CVar [[r.HairStrands.SkyLighting.IntegrationType:2]]
[2024.02.15-10.33.56:973][  0]LogConfig: Setting CVar [[r.HairStrands.SkyAO.SampleCount:4]]
[2024.02.15-10.33.56:973][  0]LogConfig: Setting CVar [[r.HairStrands.Visibility.MSAA.SamplePerPixel:4]]
[2024.02.15-10.33.56:973][  0]LogConfig: Applying CVar settings from Section [Startup] File [../../../Engine/Config/ConsoleVariables.ini]
[2024.02.15-10.33.56:973][  0]LogConfig: Setting CVar [[net.UseAdaptiveNetUpdateFrequency:0]]
[2024.02.15-10.33.56:973][  0]LogConfig: Setting CVar [[p.chaos.AllowCreatePhysxBodies:1]]
[2024.02.15-10.33.56:973][  0]LogConfig: Setting CVar [[fx.SkipVectorVMBackendOptimizations:1]]
[2024.02.15-10.33.56:973][  0]LogConfig: Applying CVar settings from Section [ConsoleVariables] File [C:/GitHub/Arena-Battle/ArenaBattle/Saved/Config/Windows/Engine.ini]
[2024.02.15-10.33.56:973][  0]LogConfig: Applying CVar settings from Section [ConsoleVariables] File [C:/GitHub/Arena-Battle/ArenaBattle/Saved/Config/Windows/Editor.ini]
[2024.02.15-10.33.56:973][  0]LogInit: Computer: DESKTOP-F6PN38Q
[2024.02.15-10.33.56:973][  0]LogInit: User: guldd
[2024.02.15-10.33.56:973][  0]LogInit: CPU Page size=4096, Cores=6
[2024.02.15-10.33.56:973][  0]LogInit: High frequency timer resolution =10.000000 MHz
[2024.02.15-10.33.56:973][  0]LogMemory: Memory total: Physical=15.9GB (16GB approx)
[2024.02.15-10.33.56:973][  0]LogMemory: Platform Memory Stats for Windows
[2024.02.15-10.33.56:973][  0]LogMemory: Process Physical Memory: 145.06 MB used, 145.07 MB peak
[2024.02.15-10.33.56:973][  0]LogMemory: Process Virtual Memory: 127.93 MB used, 127.93 MB peak
[2024.02.15-10.33.56:973][  0]LogMemory: Physical Memory: 9935.15 MB used,  6374.13 MB free, 16309.28 MB total
[2024.02.15-10.33.56:973][  0]LogMemory: Virtual Memory: 134211416.00 MB used,  6311.34 MB free, 134217728.00 MB total
[2024.02.15-10.33.56:978][  0]LogWindows: WindowsPlatformFeatures enabled
[2024.02.15-10.33.57:017][  0]LogInit: Physics initialised using underlying interface: PhysX
[2024.02.15-10.33.57:018][  0]LogInit: Using OS detected language (ko-KR).
[2024.02.15-10.33.57:018][  0]LogInit: Using OS detected locale (ko-KR).
[2024.02.15-10.33.57:027][  0]LogTextLocalizationManager: No specific localization for 'ko-KR' exists, so the 'ko' localization will be used.
[2024.02.15-10.33.57:226][  0]LogInit: Setting process to per monitor DPI aware
[2024.02.15-10.33.57:242][  0]LogWindowsTextInputMethodSystem: Display: IME system deactivated.
[2024.02.15-10.33.57:308][  0]LogSlate: New Slate User Created.  User Index 0, Is Virtual User: 0
[2024.02.15-10.33.57:308][  0]LogSlate: Slate User Registered.  User Index 0, Is Virtual User: 0
[2024.02.15-10.34.00:065][  0]LogD3D11RHI: Loaded GFSDK_Aftermath_Lib.x64.dll
[2024.02.15-10.34.00:068][  0]LogHMD: Failed to initialize OpenVR with code 110
[2024.02.15-10.34.00:068][  0]LogD3D11RHI: D3D11 min allowed feature level: 11_0
[2024.02.15-10.34.00:068][  0]LogD3D11RHI: D3D11 max allowed feature level: 11_0
[2024.02.15-10.34.00:068][  0]LogD3D11RHI: D3D11 adapters:
[2024.02.15-10.34.00:206][  0]LogD3D11RHI:    0. 'NVIDIA GeForce RTX 3060 Ti' (Feature Level 11_0)
[2024.02.15-10.34.00:206][  0]LogD3D11RHI:       8038/0/8154 MB DedicatedVideo/DedicatedSystem/SharedSystem, Outputs:2, VendorId:0x10de
[2024.02.15-10.34.00:208][  0]LogD3D11RHI:    1. 'Microsoft Basic Render Driver' (Feature Level 11_0)
[2024.02.15-10.34.00:208][  0]LogD3D11RHI:       0/0/8154 MB DedicatedVideo/DedicatedSystem/SharedSystem, Outputs:0, VendorId:0x1414
[2024.02.15-10.34.00:208][  0]LogD3D11RHI: Chosen D3D11 Adapter:
[2024.02.15-10.34.00:208][  0]LogD3D11RHI:     Description : NVIDIA GeForce RTX 3060 Ti
[2024.02.15-10.34.00:208][  0]LogD3D11RHI:     VendorId    : 10de
[2024.02.15-10.34.00:208][  0]LogD3D11RHI:     DeviceId    : 2486
[2024.02.15-10.34.00:208][  0]LogD3D11RHI:     SubSysId    : 248610de
[2024.02.15-10.34.00:208][  0]LogD3D11RHI:     Revision    : 00a1
[2024.02.15-10.34.00:208][  0]LogD3D11RHI:     DedicatedVideoMemory : 8428453888 bytes
[2024.02.15-10.34.00:208][  0]LogD3D11RHI:     DedicatedSystemMemory : 0 bytes
[2024.02.15-10.34.00:208][  0]LogD3D11RHI:     SharedSystemMemory : 8550760448 bytes
[2024.02.15-10.34.00:208][  0]LogD3D11RHI:     AdapterLuid : 0 37294
[2024.02.15-10.34.00:213][  0]LogD3D11RHI: Creating new Direct3DDevice
[2024.02.15-10.34.00:213][  0]LogD3D11RHI:     GPU DeviceId: 0x2486 (for the marketing name, search the web for "GPU Device Id")
[2024.02.15-10.34.00:213][  0]LogWindows: EnumDisplayDevices:
[2024.02.15-10.34.00:213][  0]LogWindows:    0. 'NVIDIA GeForce RTX 3060 Ti' (P:1 D:1)
[2024.02.15-10.34.00:213][  0]LogWindows:    1. 'NVIDIA GeForce RTX 3060 Ti' (P:0 D:1)
[2024.02.15-10.34.00:213][  0]LogWindows:    2. 'NVIDIA GeForce RTX 3060 Ti' (P:0 D:0)
[2024.02.15-10.34.00:214][  0]LogWindows:    3. 'NVIDIA GeForce RTX 3060 Ti' (P:0 D:0)
[2024.02.15-10.34.00:214][  0]LogWindows: DebugString: FoundDriverCount:4 
[2024.02.15-10.34.00:214][  0]LogD3D11RHI:     Adapter Name: NVIDIA GeForce RTX 3060 Ti
[2024.02.15-10.34.00:214][  0]LogD3D11RHI:   Driver Version: 546.33 (internal:31.0.15.4633, unified:546.33)
[2024.02.15-10.34.00:214][  0]LogD3D11RHI:      Driver Date: 12-6-2023
[2024.02.15-10.34.00:214][  0]LogRHI: Texture pool is 5626 MB (70% of 8038 MB)
[2024.02.15-10.34.00:214][  0]LogD3D11RHI: Creating D3DDevice using adapter:
[2024.02.15-10.34.00:214][  0]LogD3D11RHI:     Description : NVIDIA GeForce RTX 3060 Ti
[2024.02.15-10.34.00:214][  0]LogD3D11RHI:     VendorId    : 10de
[2024.02.15-10.34.00:214][  0]LogD3D11RHI:     DeviceId    : 2486
[2024.02.15-10.34.00:214][  0]LogD3D11RHI:     SubSysId    : 248610de
[2024.02.15-10.34.00:214][  0]LogD3D11RHI:     Revision    : 00a1
[2024.02.15-10.34.00:214][  0]LogD3D11RHI:     DedicatedVideoMemory : 8428453888 bytes
[2024.02.15-10.34.00:214][  0]LogD3D11RHI:     DedicatedSystemMemory : 0 bytes
[2024.02.15-10.34.00:214][  0]LogD3D11RHI:     SharedSystemMemory : 8550760448 bytes
[2024.02.15-10.34.00:214][  0]LogD3D11RHI:     AdapterLuid : 0 37294
[2024.02.15-10.34.00:314][  0]LogD3D11RHI: RHI has support for 64 bit atomics
[2024.02.15-10.34.00:315][  0]LogD3D11RHI: Async texture creation enabled
[2024.02.15-10.34.00:315][  0]LogD3D11RHI: Array index from any shader is supported
[2024.02.15-10.34.00:335][  0]LogD3D11RHI: GPU Timing Frequency: 1000.000000 (Debug: 2 2)
[2024.02.15-10.34.00:371][  0]LogRHI: GeForceNow SDK initialized: 1
[2024.02.15-10.34.00:611][  0]LogTargetPlatformManager: Display: Loaded TargetPlatform 'AllDesktop'
[2024.02.15-10.34.00:631][  0]LogTargetPlatformManager: Display: Loaded TargetPlatform 'Android'
[2024.02.15-10.34.00:631][  0]LogTargetPlatformManager: Display: Loaded TargetPlatform 'Android_ASTC'
[2024.02.15-10.34.00:631][  0]LogTargetPlatformManager: Display: Loaded TargetPlatform 'Android_DXT'
[2024.02.15-10.34.00:631][  0]LogTargetPlatformManager: Display: Loaded TargetPlatform 'Android_ETC2'
[2024.02.15-10.34.00:631][  0]LogTargetPlatformManager: Display: Loaded TargetPlatform 'AndroidClient'
[2024.02.15-10.34.00:631][  0]LogTargetPlatformManager: Display: Loaded TargetPlatform 'Android_ASTCClient'
[2024.02.15-10.34.00:631][  0]LogTargetPlatformManager: Display: Loaded TargetPlatform 'Android_DXTClient'
[2024.02.15-10.34.00:631][  0]LogTargetPlatformManager: Display: Loaded TargetPlatform 'Android_ETC2Client'
[2024.02.15-10.34.00:631][  0]LogTargetPlatformManager: Display: Loaded TargetPlatform 'Android_Multi'
[2024.02.15-10.34.00:631][  0]LogTargetPlatformManager: Display: Loaded TargetPlatform 'Android_MultiClient'
[2024.02.15-10.34.00:649][  0]LogTargetPlatformManager: Display: Loaded TargetPlatform 'IOSClient'
[2024.02.15-10.34.00:649][  0]LogTargetPlatformManager: Display: Loaded TargetPlatform 'IOS'
[2024.02.15-10.34.00:668][  0]LogTargetPlatformManager: Display: Loaded TargetPlatform 'Linux'
[2024.02.15-10.34.00:672][  0]LogTargetPlatformManager: Display: Loaded TargetPlatform 'LinuxNoEditor'
[2024.02.15-10.34.00:675][  0]LogTargetPlatformManager: Display: Loaded TargetPlatform 'LinuxClient'
[2024.02.15-10.34.00:679][  0]LogTargetPlatformManager: Display: Loaded TargetPlatform 'LinuxServer'
[2024.02.15-10.34.00:688][  0]LogTargetPlatformManager: Display: Loaded TargetPlatform 'LinuxAArch64NoEditor'
[2024.02.15-10.34.00:692][  0]LogTargetPlatformManager: Display: Loaded TargetPlatform 'LinuxAArch64Client'
[2024.02.15-10.34.00:696][  0]LogTargetPlatformManager: Display: Loaded TargetPlatform 'LinuxAArch64Server'
[2024.02.15-10.34.00:724][  0]LogTargetPlatformManager: Display: Loaded TargetPlatform 'Lumin'
[2024.02.15-10.34.00:724][  0]LogTargetPlatformManager: Display: Loaded TargetPlatform 'LuminClient'
[2024.02.15-10.34.00:742][  0]LogTargetPlatformManager: Display: Loaded TargetPlatform 'MacNoEditor'
[2024.02.15-10.34.00:745][  0]LogTargetPlatformManager: Display: Loaded TargetPlatform 'Mac'
[2024.02.15-10.34.00:749][  0]LogTargetPlatformManager: Display: Loaded TargetPlatform 'MacClient'
[2024.02.15-10.34.00:753][  0]LogTargetPlatformManager: Display: Loaded TargetPlatform 'MacServer'
[2024.02.15-10.34.00:761][  0]LogTargetPlatformManager: Display: Loaded TargetPlatform 'TVOSClient'
[2024.02.15-10.34.00:761][  0]LogTargetPlatformManager: Display: Loaded TargetPlatform 'TVOS'
[2024.02.15-10.34.00:769][  0]LogTargetPlatformManager: Display: Loaded TargetPlatform 'WindowsNoEditor'
[2024.02.15-10.34.00:773][  0]LogTargetPlatformManager: Display: Loaded TargetPlatform 'Windows'
[2024.02.15-10.34.00:777][  0]LogTargetPlatformManager: Display: Loaded TargetPlatform 'WindowsClient'
[2024.02.15-10.34.00:781][  0]LogTargetPlatformManager: Display: Loaded TargetPlatform 'WindowsServer'
[2024.02.15-10.34.00:781][  0]LogTargetPlatformManager: Display: Building Assets For Windows
[2024.02.15-10.34.00:787][  0]LogAudioDebug: Display: Lib vorbis DLL was dynamically loaded.
[2024.02.15-10.34.00:815][  0]LogTextureFormatOodle: Display: Oodle Texture 2.9.0 init RDO Off
[2024.02.15-10.34.00:845][  0]LogRendererCore: Ray tracing is disabled. Reason: r.RayTracing=0.
[2024.02.15-10.34.00:845][  0]LogShaderCompilers: Guid format shader working directory is -3 characters bigger than the processId version (../../../../../../GitHub/Arena-Battle/ArenaBattle/Intermediate/Shaders/WorkingDirectory/1196/).
[2024.02.15-10.34.00:845][  0]LogShaderCompilers: Cleaned the shader compiler working directory 'C:/Users/guldd/AppData/Local/Temp/UnrealShaderWorkingDir/019C0F5B4632CB18994D089A77AF5140/'.
[2024.02.15-10.34.00:845][  0]LogXGEController: Cannot use XGE Controller as Incredibuild is not installed on this machine.
[2024.02.15-10.34.00:845][  0]LogShaderCompilers: Cannot use XGE Shader Compiler as Incredibuild is not installed on this machine.
[2024.02.15-10.34.00:845][  0]LogShaderCompilers: Display: Using Local Shader Compiler.
[2024.02.15-10.34.04:821][  0]LogDerivedDataCache: Display: Max Cache Size: 512 MB
[2024.02.15-10.34.04:932][  0]LogDerivedDataCache: Loaded boot cache 0.11s 96MB C:/Users/guldd/AppData/Local/UnrealEngine/4.27/DerivedDataCache/Boot.ddc.
[2024.02.15-10.34.04:932][  0]LogDerivedDataCache: Display: Loaded Boot cache: C:/Users/guldd/AppData/Local/UnrealEngine/4.27/DerivedDataCache/Boot.ddc
[2024.02.15-10.34.04:932][  0]LogDerivedDataCache: FDerivedDataBackendGraph:  Pak pak cache file ../../../../../../GitHub/Arena-Battle/ArenaBattle/DerivedDataCache/DDC.ddp not found, will not use a pak cache.
[2024.02.15-10.34.04:932][  0]LogDerivedDataCache: Unable to find inner node Pak for hierarchical cache Hierarchy.
[2024.02.15-10.34.04:932][  0]LogDerivedDataCache: FDerivedDataBackendGraph:  CompressedPak pak cache file ../../../../../../GitHub/Arena-Battle/ArenaBattle/DerivedDataCache/Compressed.ddp not found, will not use a pak cache.
[2024.02.15-10.34.04:932][  0]LogDerivedDataCache: Unable to find inner node CompressedPak for hierarchical cache Hierarchy.
[2024.02.15-10.34.04:949][  0]LogDerivedDataCache: Display: Pak cache opened for reading ../../../Engine/DerivedDataCache/Compressed.ddp.
[2024.02.15-10.34.04:949][  0]LogDerivedDataCache: FDerivedDataBackendGraph:  EnterprisePak pak cache file ../../../Enterprise/DerivedDataCache/Compressed.ddp not found, will not use a pak cache.
[2024.02.15-10.34.04:949][  0]LogDerivedDataCache: Unable to find inner node EnterprisePak for hierarchical cache Hierarchy.
[2024.02.15-10.34.05:015][  0]LogDerivedDataCache: Speed tests for C:/Users/guldd/AppData/Local/UnrealEngine/Common/DerivedDataCache took 0.07 seconds
[2024.02.15-10.34.05:015][  0]LogDerivedDataCache: Display: Performance to C:/Users/guldd/AppData/Local/UnrealEngine/Common/DerivedDataCache: Latency=0.10ms. RandomReadSpeed=16.19MBs, RandomWriteSpeed=130.98MBs. Assigned SpeedClass 'Local'
[2024.02.15-10.34.05:017][  0]LogDerivedDataCache: Using Local data cache path C:/Users/guldd/AppData/Local/UnrealEngine/Common/DerivedDataCache: Writable
[2024.02.15-10.34.05:017][  0]LogDerivedDataCache: Shared data cache path not found in *engine.ini, will not use an Shared cache.
[2024.02.15-10.34.05:017][  0]LogDerivedDataCache: Unable to find inner node Shared for hierarchical cache Hierarchy.
[2024.02.15-10.34.05:065][  0]LogSlate: Using FreeType 2.10.0
[2024.02.15-10.34.05:065][  0]LogSlate: SlateFontServices - WITH_FREETYPE: 1, WITH_HARFBUZZ: 1
[2024.02.15-10.34.05:088][  0]LogAssetRegistry: FAssetRegistry took 0.0022 seconds to start up
[2024.02.15-10.34.05:307][  0]LogInit: Selected Device Profile: [Windows]
[2024.02.15-10.34.05:307][  0]LogInit: Active device profile: [0000017B2CFA8D00][0000017B2A07B300 49] Windows
[2024.02.15-10.34.05:307][  0]LogInit: Profiles: [0000017B2CFA8D00][0000017B2A07B300 49] Windows, [0000017B2CF6E100][0000017B29F27480 49] WindowsNoEditor, [0000017B2CFA9C00][0000017B29F2B600 49] WindowsServer, [0000017B2CF6EF00][0000017B29F2F780 49] WindowsClient, [0000017B2CFAA900][0000017B1D90D900 49] IOS, [0000017B2CF6D800][0000017B1D911A80 49] iPadAir, [0000017B2CFABE00][0000017B1D915C00 49] iPadAir2, [0000017B2CF15100][0000017B2A08C340 49] IPadPro, [0000017B2CF15200][0000017B1D918380 49] iPadAir3, [0000017B2CF6CC00][0000017B2A090500 49] iPadAir4, [0000017B2CF15E00][0000017B2A094680 49] iPadMini2, [0000017B2CF6F100][0000017B2A07E7C0 49] iPadMini3, [0000017B2CF17900][0000017B2A098900 49] iPadMini4, [0000017B2CF6D000][0000017B2A09CA40 49] iPadMini5, [0000017B2CF58900][0000017B2A0A8CC0 49] iPhone6, [0000017B2CF58A00][0000017B2A0A0D00 49] iPodTouch6, [0000017B2CFAAE00][0000017B2A0B0FC0 49] iPhone7, [0000017B2CFAAF00][0000017B2A0AD000 49] iPodTouch7, [0000017B2CF17E00][0000017B2A0B5180 49] iPhone5S, [0000017B2CFA8F00][0000017B2A0B9300 49] iPhone6Plus, [0000017B2CF58100][0000017B29CC1480 49] iPhone6S, [0000017B2CF14300][0000017B29CC5600 49] iPhone6SPlus, [0000017B2CF5A800][0000017B29CC9780 49] iPhone7Plus, [0000017B2CF16400][0000017B29CCD900 49] iPhoneSE, [0000017B2CF5A600][0000017B29CD1A80 49] iPhone8, [0000017B2CF14400][0000017B29CD5C00 49] iPhone8Plus, [0000017B2CF5B100][0000017B29CD8200 49] iPhoneX, [0000017B2CFA9400][0000017B29CDC380 49] iPhoneXS, [0000017B2CF5AB00][0000017B29CE0500 49] iPhoneXSMax, [0000017B2CFA8700][0000017B29CE4680 49] iPhoneXR, [0000017B2CF58800][0000017B29CE8800 49] iPhone11, [0000017B2CFA9100][0000017B2A0A4940 49] iPhone11Pro, [0000017B2CF59A00][0000017B29CECA80 49] iPhone11ProMax, [0000017B2CFAB700][0000017B29CF0BC0 49] iPhoneSE2, [0000017B2CF5B800][0000017B29CF4D00 49] iPhone12Mini, [0000017B2CFAA300][0000017B29CFCE80 49] iPhone12, [0000017B2CF5B200][0000017B29D01000 49] iPhone12Pro, [0000017B2CFA9300][0000017B29D05180 49] iPhone12ProMax, [0000017B2CF59500][0000017B29D09300 49] iPadPro105, [0000017B2CFA8A00][0000017B29D0D480 49] iPadPro129, [0000017B2CF5BD00][0000017B29D11600 49] iPadPro97, [0000017B2CFAAA00][0000017B29D15780 49] iPadPro2_129, [0000017B2CF5A900][0000017B29D19900 49] iPad5, [0000017B2CFA9E00][0000017B29D1DA80 49] iPad6, [0000017B2CF59300][0000017B29D21C00 49] iPad7, [0000017B2CFA8200][0000017B29D24200 49] iPad8, [0000017B2CF58400][0000017B29D28380 49] iPadPro11, [0000017B2CFA9A00][0000017B29D2C500 49] iPadPro2_11, [0000017B2CF59600][0000017B29D30680 49] iPadPro3_129, [0000017B2CFAA700][0000017B29D34800 49] iPadPro4_129, [0000017B2CF58200][0000017B29D38980 49] AppleTV, [0000017B2CFA8900][0000017B29D3CB00 49] AppleTV4K, [0000017B2CF59D00][0000017B29CF8C40 49] TVOS, [0000017B2CFAAD00][0000017B29D40D80 49] Mac, [0000017B2CF5B600][0000017B29D44EC0 49] MacClient, [0000017B2CFAB900][0000017B29D4D040 49] MacNoEditor, [0000017B2CF5B500][0000017B29D511C0 49] MacServer, [0000017B2CFA9200][0000017B29D55340 49] Linux, [0000017B2CF59C00][0000017B29D594C0 49] LinuxAArch64, [0000017B2CFABC00][0000017B29D5D640 49] LinuxNoEditor, [0000017B2CF5A300][0000017B29D617C0 49] LinuxAArch64NoEditor, [0000017B2CFA9B00][0000017B29D65940 49] LinuxClient, [0000017B2CF5A500][0000017B29D69AC0 49] LinuxAArch64Client, [0000017B2CFA8E00][0000017B29D6C0C0 49] LinuxServer, [0000017B2CF5B900][0000017B29D70240 49] LinuxAArch64Server, [0000017B2CFAB500][0000017B29D743C0 49] Android, [0000017B2CF59E00][0000017B29D78540 49] Android_Low, [0000017B2CFA9F00][0000017B29D7C6C0 49] Android_Mid, [0000017B2CF5A200][0000017B29D80840 49] Android_High, [0000017B2CFABF00][0000017B29D849C0 49] Android_Default, [0000017B2CF5A000][0000017B29D88B40 49] Android_Adreno4xx, [0000017B2CFABD00][0000017B29D8CCC0 49] Android_Adreno5xx_Low, [0000017B2CF5AA00][0000017B29D48E00 49] Android_Adreno5xx, [0000017B2CFAB800][0000017B29D90F40 49] Android_Adreno6xx, [0000017B2CF6C500][0000017B29D95080 49] Android_Adreno6xx_Vulkan, [0000017B2CF15400][0000017B29D991C0 49] Android_Mali_T6xx, [0000017B2CF6FF00][0000017B29DA1340 49] Android_Mali_T7xx, [0000017B2CF16D00][0000017B2CCC94C0 49] Android_Mali_T8xx, [0000017B2CF6ED00][0000017B2CCCD640 49] Android_Mali_G71, [0000017B2CF17400][0000017B2CCD17C0 49] Android_Mali_G72, [0000017B2CF6D500][0000017B2CCD5940 49] Android_Mali_G72_Vulkan, [0000017B2CF15300][0000017B2CCD9AC0 49] Android_Mali_G76, [0000017B2CF6FB00][0000017B2CCDC0C0 49] Android_Mali_G76_Vulkan, [0000017B2CF16C00][0000017B2CCE0240 49] Android_Mali_G77, [0000017B2CF6D300][0000017B2CCE43C0 49] Android_Mali_G77_Vulkan, [0000017B2CF15800][0000017B2CCE8540 49] Android_Mali_G78, [0000017B2CF6E000][0000017B2CCEC6C0 49] Android_Mali_G78_Vulkan, [0000017B2CF17D00][0000017B2CCF0840 49] Android_Mali_G710, [0000017B2CF6C300][0000017B2CCF49C0 49] Android_Mali_G710_Vulkan, [0000017B2CF14200][0000017B2CCF8B40 49] Android_Vulkan_SM5, [0000017B2CF6C800][0000017B2CCFCCC0 49] Android_PowerVR_G6xxx, [0000017B2CF16500][0000017B2CD00E40 49] Android_PowerVR_GT7xxx, [0000017B2CF6CE00][0000017B29D9CF80 49] Android_PowerVR_GE8xxx, [0000017B2CF15500][0000017B2CD050C0 49] Android_PowerVR_GM9xxx, [0000017B2CF6CD00][0000017B2CD09200 49] Android_PowerVR_GM9xxx_Vulkan, [0000017B2CF15900][0000017B2CD0D340 49] Android_TegraK1, [0000017B2CF6C600][0000017B2CD154C0 49] Android_Unknown_Vulkan, [0000017B2CF17800][0000017B2CD19640 49] Lumin, [0000017B2CF6E400][0000017B2CD1D7C0 49] Lumin_Desktop, [0000017B2CF17B00][0000017B2CD21940 49] HoloLens, 
[2024.02.15-10.34.05:434][  0]LogMeshReduction: Using QuadricMeshReduction for automatic static mesh reduction
[2024.02.15-10.34.05:434][  0]LogMeshReduction: Using SimplygonMeshReduction for automatic skeletal mesh reduction
[2024.02.15-10.34.05:434][  0]LogMeshReduction: Using ProxyLODMeshReduction for automatic mesh merging
[2024.02.15-10.34.05:434][  0]LogMeshReduction: No distributed automatic mesh merging module available
[2024.02.15-10.34.05:434][  0]LogMeshMerging: No distributed automatic mesh merging module available
[2024.02.15-10.34.05:450][  0]LogNetVersion: ArenaBattle 1.0.0, NetCL: 17155196, EngineNetVer: 17, GameNetVer: 0 (Checksum: 2964408555)
[2024.02.15-10.34.05:859][  0]LogTexture: Default maximum texture size for cubemaps generated from long-lat sources has been changed from 512 to unlimited. In order to preserve old behaiour for '/Engine/MapTemplates/Sky/DaylightAmbientCubemap.DaylightAmbientCubemap', its maximum texture size has been explicitly set to 512.
[2024.02.15-10.34.05:922][  0]LogHMD: PokeAHoleMaterial loaded successfully
[2024.02.15-10.34.05:929][  0]LogUObjectArray: 17178 objects as part of root set at end of initial load.
[2024.02.15-10.34.05:929][  0]LogUObjectAllocator: 4302048 out of 0 bytes used by permanent object pool.
[2024.02.15-10.34.05:929][  0]LogUObjectArray: CloseDisregardForGC: 0/0 objects in disregard for GC pool
[2024.02.15-10.34.06:306][  0]LogNiagaraDebuggerClient: Niagara Debugger Client Initialized | Session: D1B90D104EE06570FE64D4BFD8641237 | Instance: E20656FF413AF7341D218EB142539DA3 (DESKTOP-F6PN38Q-1196).
[2024.02.15-10.34.06:438][  0]LogTcpMessaging: Initializing TcpMessaging bridge
[2024.02.15-10.34.06:443][  0]LogUdpMessaging: Initializing bridge on interface 0.0.0.0:0 to multicast group 230.0.0.1:6666.
[2024.02.15-10.34.06:458][  0]LogPython: Using Python 3.7.7
[2024.02.15-10.34.07:301][  0]LogOutputDevice: Warning: 

Script Stack (0 frames):

[2024.02.15-10.34.07:301][  0]LogWindows: Windows GetLastError: 작업을 완료했습니다. (0)
[2024.02.15-10.34.09:883][  0]LogWindows: Failed to preload 'C:/GitHub/Arena-Battle/ArenaBattle/Binaries/Win64/UE4Editor-ArenaBattleSetting-0090.dll' (GetLastError=1114)
[2024.02.15-10.34.09:886][  0]LogWindows: Error: Error reentered: Assertion failed: GIsHotReload [File:D:/Build/++UE4/Sync/Engine/Source/Runtime/CoreUObject/Private/UObject/UObjectBase.cpp] [Line: 704] 
Trying to recreate class 'UABCharacterSetting' outside of hot reload!

[2024.02.15-10.34.12:342][  0]LogWindows: Failed to load 'C:/GitHub/Arena-Battle/ArenaBattle/Binaries/Win64/UE4Editor-ArenaBattle-5816.dll' (GetLastError=1114)
[2024.02.15-10.34.12:342][  0]LogWindows:   Missing import: UE4Editor-ArenaBattleSetting-0090.dll
[2024.02.15-10.34.12:342][  0]LogWindows:   Looked in: ../../../Engine/Binaries/Win64
[2024.02.15-10.34.12:342][  0]LogWindows:   Looked in: ../../../../../../GitHub/Arena-Battle/ArenaBattle/Binaries/Win64
[2024.02.15-10.34.12:342][  0]LogWindows:   Looked in: C:\GitHub\Arena-Battle\ArenaBattle\Binaries\Win64
[2024.02.15-10.34.12:342][  0]LogWindows:   Looked in: C:\Program Files\Epic Games\UE_4.27\Engine\Plugins\MeshPainting\Binaries\Win64
[2024.02.15-10.34.12:342][  0]LogWindows:   Looked in: C:\Program Files\Epic Games\UE_4.27\Engine\Plugins\Experimental\GeometryProcessing\Binaries\Win64
[2024.02.15-10.34.12:342][  0]LogWindows:   Looked in: C:\Program Files\Epic Games\UE_4.27\Engine\Plugins\XGEController\Binaries\Win64
[2024.02.15-10.34.12:342][  0]LogWindows:   Looked in: C:\Program Files\Epic Games\UE_4.27\Engine\Plugins\2D\Paper2D\Binaries\Win64
[2024.02.15-10.34.12:342][  0]LogWindows:   Looked in: C:\Program Files\Epic Games\UE_4.27\Engine\Plugins\AI\AISupport\Binaries\Win64
[2024.02.15-10.34.12:342][  0]LogWindows:   Looked in: C:\Program Files\Epic Games\UE_4.27\Engine\Plugins\Blendables\LightPropagationVolume\Binaries\Win64
[2024.02.15-10.34.12:342][  0]LogWindows:   Looked in: C:\Program Files\Epic Games\UE_4.27\Engine\Plugins\Cameras\CameraShakePreviewer\Binaries\Win64
[2024.02.15-10.34.12:342][  0]LogWindows:   Looked in: C:\Program Files\Epic Games\UE_4.27\Engine\Plugins\Cameras\GameplayCameras\Binaries\Win64
[2024.02.15-10.34.12:342][  0]LogWindows:   Looked in: C:\Program Files\Epic Games\UE_4.27\Engine\Plugins\MovieScene\TemplateSequence\Binaries\Win64
[2024.02.15-10.34.12:342][  0]LogWindows:   Looked in: C:\Program Files\Epic Games\UE_4.27\Engine\Plugins\MovieScene\LevelSequenceEditor\Binaries\Win64
[2024.02.15-10.34.12:342][  0]LogWindows:   Looked in: C:\Program Files\Epic Games\UE_4.27\Engine\Plugins\Compression\OodleNetwork\Binaries\Win64
[2024.02.15-10.34.12:342][  0]LogWindows:   Looked in: C:\Program Files\Epic Games\UE_4.27\Engine\Plugins\Developer\AnimationSharing\Binaries\Win64
[2024.02.15-10.34.12:342][  0]LogWindows:   Looked in: C:\Program Files\Epic Games\UE_4.27\Engine\Plugins\Runtime\SignificanceManager\Binaries\Win64
[2024.02.15-10.34.12:342][  0]LogWindows:   Looked in: C:\Program Files\Epic Games\UE_4.27\Engine\Plugins\Compression\OodleData\Binaries\Win64
[2024.02.15-10.34.12:342][  0]LogWindows:   Looked in: C:\Program Files\Epic Games\UE_4.27\Engine\Plugins\AI\EnvironmentQueryEditor\Binaries\Win64
[2024.02.15-10.34.12:342][  0]LogWindows:   Looked in: C:\Program Files\Epic Games\UE_4.27\Engine\Plugins\Enterprise\DatasmithContent\Binaries\Win64
[2024.02.15-10.34.12:342][  0]LogWindows:   Looked in: C:\Program Files\Epic Games\UE_4.27\Engine\Plugins\Enterprise\VariantManagerContent\Binaries\Win64
[2024.02.15-10.34.12:342][  0]LogWindows:   Looked in: C:\Program Files\Epic Games\UE_4.27\Engine\Plugins\Editor\AssetManagerEditor\Binaries\Win64
[2024.02.15-10.34.12:342][  0]LogWindows:   Looked in: C:\Program Files\Epic Games\UE_4.27\Engine\Plugins\Editor\CurveEditorTools\Binaries\Win64
[2024.02.15-10.34.12:342][  0]LogWindows:   Looked in: C:\Program Files\Epic Games\UE_4.27\Engine\Plugins\Editor\DataValidation\Binaries\Win64
[2024.02.15-10.34.12:342][  0]LogWindows:   Looked in: C:\Program Files\Epic Games\UE_4.27\Engine\Plugins\Editor\CryptoKeys\Binaries\Win64
[2024.02.15-10.34.12:342][  0]LogWindows:   Looked in: C:\Program Files\Epic Games\UE_4.27\Engine\Plugins\Editor\GeometryMode\Binaries\Win64
[2024.02.15-10.34.12:342][  0]LogWindows:   Looked in: C:\Program Files\Epic Games\UE_4.27\Engine\Plugins\Editor\MacGraphicsSwitching\Binaries\Win64
[2024.02.15-10.34.12:342][  0]LogWindows:   Looked in: C:\Program Files\Epic Games\UE_4.27\Engine\Plugins\Editor\FacialAnimation\Binaries\Win64
[2024.02.15-10.34.12:342][  0]LogWindows:   Looked in: C:\Program Files\Epic Games\UE_4.27\Engine\Plugins\Editor\PluginBrowser\Binaries\Win64
[2024.02.15-10.34.12:342][  0]LogWindows:   Looked in: C:\Program Files\Epic Games\UE_4.27\Engine\Plugins\Developer\PluginUtils\Binaries\Win64
[2024.02.15-10.34.12:342][  0]LogWindows:   Looked in: C:\Program Files\Epic Games\UE_4.27\Engine\Plugins\Editor\SpeedTreeImporter\Binaries\Win64
[2024.02.15-10.34.12:342][  0]LogWindows:   Looked in: C:\Program Files\Epic Games\UE_4.27\Engine\Plugins\Lumin\LuminPlatformFeatures\Binaries\Win64
[2024.02.15-10.34.12:342][  0]LogWindows:   Looked in: C:\Program Files\Epic Games\UE_4.27\Engine\Plugins\Lumin\MLSDK\Binaries\Win64
[2024.02.15-10.34.12:342][  0]LogWindows:   Looked in: C:\Program Files\Epic Games\UE_4.27\Engine\Plugins\Editor\MobileLauncherProfileWizard\Binaries\Win64
[2024.02.15-10.34.12:342][  0]LogWindows:   Looked in: C:\Program Files\Epic Games\UE_4.27\Engine\Plugins\Lumin\MagicLeap\Binaries\Win64
[2024.02.15-10.34.12:342][  0]LogWindows:   Looked in: C:\Program Files\Epic Games\UE_4.27\Engine\Plugins\Lumin\MagicLeapPassableWorld\Binaries\Win64
[2024.02.15-10.34.12:342][  0]LogWindows:   Looked in: C:\Program Files\Epic Games\UE_4.27\Engine\Plugins\Lumin\MagicLeapLightEstimation\Binaries\Win64
[2024.02.15-10.34.12:342][  0]LogWindows:   Looked in: C:\Program Files\Epic Games\UE_4.27\Engine\Plugins\Editor\GameplayTagsEditor\Binaries\Win64
[2024.02.15-10.34.12:342][  0]LogWindows:   Looked in: C:\Program Files\Epic Games\UE_4.27\Engine\Plugins\Lumin\MagicLeapMedia\Binaries\Win64
[2024.02.15-10.34.12:342][  0]LogWindows:   Looked in: C:\Program Files\Epic Games\UE_4.27\Engine\Plugins\MovieScene\MatineeToLevelSequence\Binaries\Win64
[2024.02.15-10.34.12:342][  0]LogWindows:   Looked in: C:\Program Files\Epic Games\UE_4.27\Engine\Plugins\Editor\MaterialAnalyzer\Binaries\Win64
[2024.02.15-10.34.12:342][  0]LogWindows:   Looked in: C:\Program Files\Epic Games\UE_4.27\Engine\Plugins\Experimental\AutomationUtils\Binaries\Win64
[2024.02.15-10.34.12:342][  0]LogWindows:   Looked in: C:\Program Files\Epic Games\UE_4.27\Engine\Plugins\Tests\ScreenshotTools\Binaries\Win64
[2024.02.15-10.34.12:342][  0]LogWindows:   Looked in: C:\Program Files\Epic Games\UE_4.27\Engine\Plugins\Experimental\BackChannel\Binaries\Win64
[2024.02.15-10.34.12:342][  0]LogWindows:   Looked in: C:\Program Files\Epic Games\UE_4.27\Engine\Plugins\Experimental\ChaosEditor\Binaries\Win64
[2024.02.15-10.34.12:342][  0]LogWindows:   Looked in: C:\Program Files\Epic Games\UE_4.27\Engine\Plugins\Experimental\PlanarCutPlugin\Binaries\Win64
[2024.02.15-10.34.12:342][  0]LogWindows:   Looked in: C:\Program Files\Epic Games\UE_4.27\Engine\Plugins\Runtime\EditableMesh\Binaries\Win64
[2024.02.15-10.34.12:342][  0]LogWindows:   Looked in: C:\Program Files\Epic Games\UE_4.27\Engine\Plugins\Experimental\GeometryCollectionPlugin\Binaries\Win64
[2024.02.15-10.34.12:342][  0]LogWindows:   Looked in: C:\Program Files\Epic Games\UE_4.27\Engine\Plugins\Runtime\ProceduralMeshComponent\Binaries\Win64
[2024.02.15-10.34.12:342][  0]LogWindows:   Looked in: C:\Program Files\Epic Games\UE_4.27\Engine\Plugins\Experimental\ChaosSolverPlugin\Binaries\Win64
[2024.02.15-10.34.12:342][  0]LogWindows:   Looked in: C:\Program Files\Epic Games\UE_4.27\Engine\Plugins\Experimental\ChaosClothEditor\Binaries\Win64
[2024.02.15-10.34.12:342][  0]LogWindows:   Looked in: C:\Program Files\Epic Games\UE_4.27\Engine\Plugins\Experimental\ChaosCloth\Binaries\Win64
[2024.02.15-10.34.12:342][  0]LogWindows:   Looked in: C:\Program Files\Epic Games\UE_4.27\Engine\Plugins\Experimental\ChaosNiagara\Binaries\Win64
[2024.02.15-10.34.12:343][  0]LogWindows:   Looked in: C:\Program Files\Epic Games\UE_4.27\Engine\Plugins\FX\Niagara\Binaries\Win64
[2024.02.15-10.34.12:343][  0]LogWindows:   Looked in: C:\Program Files\Epic Games\UE_4.27\Engine\Plugins\Experimental\PythonScriptPlugin\Binaries\Win64
[2024.02.15-10.34.12:343][  0]LogWindows:   Looked in: C:\Program Files\Epic Games\UE_4.27\Engine\Plugins\Editor\ContentBrowser\ContentBrowserFileDataSource\Binaries\Win64
[2024.02.15-10.34.12:343][  0]LogWindows:   Looked in: C:\Program Files\Epic Games\UE_4.27\Engine\Plugins\Experimental\CharacterAI\Binaries\Win64
[2024.02.15-10.34.12:343][  0]LogWindows:   Looked in: C:\Program Files\Epic Games\UE_4.27\Engine\Plugins\MovieScene\ActorSequence\Binaries\Win64
[2024.02.15-10.34.12:343][  0]LogWindows:   Looked in: C:\Program Files\Epic Games\UE_4.27\Engine\Plugins\Media\AndroidMedia\Binaries\Win64
[2024.02.15-10.34.12:343][  0]LogWindows:   Looked in: C:\Program Files\Epic Games\UE_4.27\Engine\Plugins\Experimental\AlembicImporter\Binaries\Win64
[2024.02.15-10.34.12:343][  0]LogWindows:   Looked in: C:\Program Files\Epic Games\UE_4.27\Engine\Plugins\Experimental\GeometryCache\Binaries\Win64
[2024.02.15-10.34.12:343][  0]LogWindows:   Looked in: C:\Program Files\Epic Games\UE_4.27\Engine\Plugins\Media\AvfMedia\Binaries\Win64
[2024.02.15-10.34.12:343][  0]LogWindows:   Looked in: C:\Program Files\Epic Games\UE_4.27\Engine\Plugins\Messaging\TcpMessaging\Binaries\Win64
[2024.02.15-10.34.12:343][  0]LogWindows:   Looked in: C:\Program Files\Epic Games\UE_4.27\Engine\Plugins\Messaging\UdpMessaging\Binaries\Win64
[2024.02.15-10.34.12:343][  0]LogWindows:   Looked in: C:\Program Files\Epic Games\UE_4.27\Engine\Plugins\Media\ImgMedia\Binaries\Win64
[2024.02.15-10.34.12:343][  0]LogWindows:   Looked in: C:\Program Files\Epic Games\UE_4.27\Engine\Plugins\Media\MediaCompositing\Binaries\Win64
[2024.02.15-10.34.12:343][  0]LogWindows:   Looked in: C:\Program Files\Epic Games\UE_4.27\Engine\Plugins\Media\MediaPlayerEditor\Binaries\Win64
[2024.02.15-10.34.12:343][  0]LogWindows:   Looked in: C:\Program Files\Epic Games\UE_4.27\Engine\Plugins\Media\WmfMedia\Binaries\Win64
[2024.02.15-10.34.12:343][  0]LogWindows:   Looked in: C:\Program Files\Epic Games\UE_4.27\Engine\Plugins\Online\OnlineSubsystem\Binaries\Win64
[2024.02.15-10.34.12:343][  0]LogWindows:   Looked in: C:\Program Files\Epic Games\UE_4.27\Engine\Plugins\Online\OnlineSubsystemNull\Binaries\Win64
[2024.02.15-10.34.12:343][  0]LogWindows:   Looked in: C:\Program Files\Epic Games\UE_4.27\Engine\Plugins\Online\OnlineSubsystemUtils\Binaries\Win64
[2024.02.15-10.34.12:343][  0]LogWindows:   Looked in: C:\Program Files\Epic Games\UE_4.27\Engine\Plugins\Experimental\OpenImageDenoise\Binaries\Win64
[2024.02.15-10.34.12:343][  0]LogWindows:   Looked in: C:\Program Files\Epic Games\UE_4.27\Engine\Plugins\Experimental\MotoSynth\Binaries\Win64
[2024.02.15-10.34.12:343][  0]LogWindows:   Looked in: C:\Program Files\Epic Games\UE_4.27\Engine\Plugins\Experimental\ProxyLODPlugin\Binaries\Win64
[2024.02.15-10.34.12:343][  0]LogWindows:   Looked in: C:\Program Files\Epic Games\UE_4.27\Engine\Plugins\Experimental\PlatformCrypto\Binaries\Win64
[2024.02.15-10.34.12:343][  0]LogWindows:   Looked in: C:\Program Files\Epic Games\UE_4.27\Engine\Plugins\Experimental\SkeletalReduction\Binaries\Win64
[2024.02.15-10.34.12:343][  0]LogWindows:   Looked in: C:\Program Files\Epic Games\UE_4.27\Engine\Plugins\Portal\LauncherChunkInstaller\Binaries\Win64
[2024.02.15-10.34.12:343][  0]LogWindows:   Looked in: C:\Program Files\Epic Games\UE_4.27\Engine\Plugins\Runtime\AndroidDeviceProfileSelector\Binaries\Win64
[2024.02.15-10.34.12:343][  0]LogWindows:   Looked in: C:\Program Files\Epic Games\UE_4.27\Engine\Plugins\Runtime\ActorLayerUtilities\Binaries\Win64
[2024.02.15-10.34.12:343][  0]LogWindows:   Looked in: C:\Program Files\Epic Games\UE_4.27\Engine\Plugins\Runtime\AndroidMoviePlayer\Binaries\Win64
[2024.02.15-10.34.12:343][  0]LogWindows:   Looked in: C:\Program Files\Epic Games\UE_4.27\Engine\Plugins\Runtime\AppleImageUtils\Binaries\Win64
[2024.02.15-10.34.12:343][  0]LogWindows:   Looked in: C:\Program Files\Epic Games\UE_4.27\Engine\Plugins\Runtime\AndroidPermission\Binaries\Win64
[2024.02.15-10.34.12:343][  0]LogWindows:   Looked in: C:\Program Files\Epic Games\UE_4.27\Engine\Plugins\Runtime\AppleMoviePlayer\Binaries\Win64
[2024.02.15-10.34.12:343][  0]LogWindows:   Looked in: C:\Program Files\Epic Games\UE_4.27\Engine\Plugins\Runtime\ArchVisCharacter\Binaries\Win64
[2024.02.15-10.34.12:343][  0]LogWindows:   Looked in: C:\Program Files\Epic Games\UE_4.27\Engine\Plugins\Runtime\AssetTags\Binaries\Win64
[2024.02.15-10.34.12:343][  0]LogWindows:   Looked in: C:\Program Files\Epic Games\UE_4.27\Engine\Plugins\Runtime\AudioCapture\Binaries\Win64
[2024.02.15-10.34.12:343][  0]LogWindows:   Looked in: C:\Program Files\Epic Games\UE_4.27\Engine\Plugins\Runtime\CableComponent\Binaries\Win64
[2024.02.15-10.34.12:343][  0]LogWindows:   Looked in: C:\Program Files\Epic Games\UE_4.27\Engine\Plugins\Runtime\ChunkDownloader\Binaries\Win64
[2024.02.15-10.34.12:343][  0]LogWindows:   Looked in: C:\Program Files\Epic Games\UE_4.27\Engine\Plugins\Runtime\CustomMeshComponent\Binaries\Win64
[2024.02.15-10.34.12:343][  0]LogWindows:   Looked in: C:\Program Files\Epic Games\UE_4.27\Engine\Plugins\Runtime\ExampleDeviceProfileSelector\Binaries\Win64
[2024.02.15-10.34.12:343][  0]LogWindows:   Looked in: C:\Program Files\Epic Games\UE_4.27\Engine\Plugins\Runtime\GoogleCloudMessaging\Binaries\Win64
[2024.02.15-10.34.12:343][  0]LogWindows:   Looked in: C:\Program Files\Epic Games\UE_4.27\Engine\Plugins\Runtime\GooglePAD\Binaries\Win64
[2024.02.15-10.34.12:343][  0]LogWindows:   Looked in: C:\Program Files\Epic Games\UE_4.27\Engine\Plugins\Runtime\IOSDeviceProfileSelector\Binaries\Win64
[2024.02.15-10.34.12:343][  0]LogWindows:   Looked in: C:\Program Files\Epic Games\UE_4.27\Engine\Plugins\Runtime\LinuxDeviceProfileSelector\Binaries\Win64
[2024.02.15-10.34.12:343][  0]LogWindows:   Looked in: C:\Program Files\Epic Games\UE_4.27\Engine\Plugins\Runtime\LocationServicesBPLibrary\Binaries\Win64
[2024.02.15-10.34.12:343][  0]LogWindows:   Looked in: C:\Program Files\Epic Games\UE_4.27\Engine\Plugins\Runtime\MobilePatchingUtils\Binaries\Win64
[2024.02.15-10.34.12:343][  0]LogWindows:   Looked in: C:\Program Files\Epic Games\UE_4.27\Engine\Plugins\Runtime\OpenXR\Binaries\Win64
[2024.02.15-10.34.12:343][  0]LogWindows:   Looked in: C:\Program Files\Epic Games\UE_4.27\Engine\Plugins\Runtime\OpenXREyeTracker\Binaries\Win64
[2024.02.15-10.34.12:343][  0]LogWindows:   Looked in: C:\Program Files\Epic Games\UE_4.27\Engine\Plugins\Runtime\OpenXRHandTracking\Binaries\Win64
[2024.02.15-10.34.12:343][  0]LogWindows:   Looked in: C:\Program Files\Epic Games\UE_4.27\Engine\Plugins\Animation\LiveLink\Binaries\Win64
[2024.02.15-10.34.12:343][  0]LogWindows:   Looked in: C:\Program Files\Epic Games\UE_4.27\Engine\Plugins\VirtualProduction\Takes\Binaries\Win64
[2024.02.15-10.34.12:343][  0]LogWindows:   Looked in: C:\Program Files\Epic Games\UE_4.27\Engine\Plugins\Runtime\PhysXVehicles\Binaries\Win64
[2024.02.15-10.34.12:343][  0]LogWindows:   Looked in: C:\Program Files\Epic Games\UE_4.27\Engine\Plugins\Runtime\PostSplashScreen\Binaries\Win64
[2024.02.15-10.34.12:343][  0]LogWindows:   Looked in: C:\Program Files\Epic Games\UE_4.27\Engine\Plugins\Runtime\PropertyAccess\Binaries\Win64
[2024.02.15-10.34.12:343][  0]LogWindows:   Looked in: C:\Program Files\Epic Games\UE_4.27\Engine\Plugins\Runtime\SoundFields\Binaries\Win64
[2024.02.15-10.34.12:343][  0]LogWindows:   Looked in: C:\Program Files\Epic Games\UE_4.27\Engine\Plugins\Runtime\RuntimePhysXCooking\Binaries\Win64
[2024.02.15-10.34.12:343][  0]LogWindows:   Looked in: C:\Program Files\Epic Games\UE_4.27\Engine\Plugins\Runtime\WebMMoviePlayer\Binaries\Win64
[2024.02.15-10.34.12:343][  0]LogWindows:   Looked in: C:\Program Files\Epic Games\UE_4.27\Engine\Plugins\Media\WebMMedia\Binaries\Win64
[2024.02.15-10.34.12:343][  0]LogWindows:   Looked in: C:\Program Files\Epic Games\UE_4.27\Engine\Plugins\Runtime\Synthesis\Binaries\Win64
[2024.02.15-10.34.12:343][  0]LogWindows:   Looked in: C:\Program Files\Epic Games\UE_4.27\Engine\Plugins\Runtime\AudioSynesthesia\Binaries\Win64
[2024.02.15-10.34.12:343][  0]LogWindows:   Looked in: C:\Program Files\Epic Games\UE_4.27\Engine\Plugins\Runtime\WindowsMoviePlayer\Binaries\Win64
[2024.02.15-10.34.12:343][  0]LogWindows:   Looked in: C:\Program Files\Epic Games\UE_4.27\Engine\Plugins\Developer\CLionSourceCodeAccess\Binaries\Win64
[2024.02.15-10.34.12:343][  0]LogWindows:   Looked in: C:\Program Files\Epic Games\UE_4.27\Engine\Plugins\Developer\CodeLiteSourceCodeAccess\Binaries\Win64
[2024.02.15-10.34.12:343][  0]LogWindows:   Looked in: C:\Program Files\Epic Games\UE_4.27\Engine\Plugins\Developer\KDevelopSourceCodeAccess\Binaries\Win64
[2024.02.15-10.34.12:343][  0]LogWindows:   Looked in: C:\Program Files\Epic Games\UE_4.27\Engine\Plugins\Developer\PixWinPlugin\Binaries\Win64
[2024.02.15-10.34.12:343][  0]LogWindows:   Looked in: C:\Program Files\Epic Games\UE_4.27\Engine\Plugins\Developer\GitSourceControl\Binaries\Win64
[2024.02.15-10.34.12:343][  0]LogWindows:   Looked in: C:\Program Files\Epic Games\UE_4.27\Engine\Plugins\Developer\PlasticSourceControl\Binaries\Win64
[2024.02.15-10.34.12:343][  0]LogWindows:   Looked in: C:\Program Files\Epic Games\UE_4.27\Engine\Plugins\Developer\PerforceSourceControl\Binaries\Win64
[2024.02.15-10.34.12:343][  0]LogWindows:   Looked in: C:\Program Files\Epic Games\UE_4.27\Engine\Plugins\Developer\RiderSourceCodeAccess\Binaries\Win64
[2024.02.15-10.34.12:343][  0]LogWindows:   Looked in: C:\Program Files\Epic Games\UE_4.27\Engine\Plugins\Developer\TextureFormatOodle\Binaries\Win64
[2024.02.15-10.34.12:343][  0]LogWindows:   Looked in: C:\Program Files\Epic Games\UE_4.27\Engine\Plugins\Developer\SubversionSourceControl\Binaries\Win64
[2024.02.15-10.34.12:343][  0]LogWindows:   Looked in: C:\Program Files\Epic Games\UE_4.27\Engine\Plugins\Developer\NullSourceCodeAccess\Binaries\Win64
[2024.02.15-10.34.12:343][  0]LogWindows:   Looked in: C:\Program Files\Epic Games\UE_4.27\Engine\Plugins\Developer\PropertyAccessNode\Binaries\Win64
[2024.02.15-10.34.12:343][  0]LogWindows:   Looked in: C:\Program Files\Epic Games\UE_4.27\Engine\Plugins\Developer\UObjectPlugin\Binaries\Win64
[2024.02.15-10.34.12:343][  0]LogWindows:   Looked in: C:\Program Files\Epic Games\UE_4.27\Engine\Plugins\Developer\XCodeSourceCodeAccess\Binaries\Win64
[2024.02.15-10.34.12:343][  0]LogWindows:   Looked in: C:\Program Files\Epic Games\UE_4.27\Engine\Plugins\Developer\VisualStudioCodeSourceCodeAccess\Binaries\Win64
[2024.02.15-10.34.12:343][  0]LogWindows:   Looked in: C:\Program Files\Epic Games\UE_4.27\Engine\Plugins\Developer\VisualStudioSourceCodeAccess\Binaries\Win64
[2024.02.15-10.34.12:343][  0]LogWindows:   Looked in: C:\Program Files\Epic Games\UE_4.27\Engine\Plugins\Editor\ContentBrowser\ContentBrowserAssetDataSource\Binaries\Win64
[2024.02.15-10.34.12:343][  0]LogWindows:   Looked in: C:\Program Files\Epic Games\UE_4.27\Engine\Plugins\Editor\ContentBrowser\ContentBrowserClassDataSource\Binaries\Win64
[2024.02.15-10.34.12:343][  0]LogWindows:   Looked in: C:\Program Files\Epic Games\UE_4.27\Engine\Plugins\Online\Android\OnlineSubsystemGooglePlay\Binaries\Win64
[2024.02.15-10.34.12:343][  0]LogWindows:   Looked in: C:\Program Files\Epic Games\UE_4.27\Engine\Plugins\Online\IOS\OnlineSubsystemIOS\Binaries\Win64
[2024.02.15-10.34.12:343][  0]LogWindows:   Looked in: C:\Program Files\Epic Games\UE_4.27\Engine\Plugins\Runtime\Oculus\OculusVR\Binaries\Win64
[2024.02.15-10.34.12:343][  0]LogWindows:   Looked in: C:\Program Files\Epic Games\UE_4.27\Engine\Plugins\Runtime\Steam\SteamVR\Binaries\Win64
[2024.02.15-10.34.12:343][  0]LogWindows:   Looked in: C:\Program Files\Epic Games\UE_4.27\Engine\Binaries\Win64\(Path="")\lib\win64
[2024.02.15-10.34.12:343][  0]LogWindows:   Looked in: C:\Program Files\Epic Games\UE_4.27\Engine\Binaries\Win64\Android
[2024.02.15-10.34.12:343][  0]LogWindows:   Looked in: C:\Program Files\Epic Games\UE_4.27\Engine\Binaries\Win64\IOS
[2024.02.15-10.34.12:343][  0]LogWindows:   Looked in: C:\Program Files\Epic Games\UE_4.27\Engine\Binaries\Win64\Linux
[2024.02.15-10.34.12:343][  0]LogWindows:   Looked in: C:\Program Files\Epic Games\UE_4.27\Engine\Binaries\Win64\Lumin
[2024.02.15-10.34.12:343][  0]LogModuleManager: Warning: ModuleManager: Unable to load module 'C:/GitHub/Arena-Battle/ArenaBattle/Binaries/Win64/UE4Editor-ArenaBattle-5816.dll' because the file couldn't be loaded by the OS.
[2024.02.15-10.34.16:162][  0]Message dialog closed, result: Ok, title: 메시지, text: ArenaBattle' 게임 모듈을 로드하지 못했습니다. 운영체제 오류가 있거나 모듈 설정이 제대로 되지 않았을 수 있습니다. 또는 빌드에 포함된 플러그인이 켜짐 상태가 아닐 수 있습니다.
[2024.02.15-10.34.16:162][  0]LogCore: Engine exit requested (reason: EngineExit() was called)
[2024.02.15-10.34.16:171][  0]LogSlate: Slate User Destroyed.  User Index 0, Is Virtual User: 0
[2024.02.15-10.34.16:171][  0]LogExit: Preparing to exit.
[2024.02.15-10.34.16:183][  0]LogUObjectHash: Compacting FUObjectHashTables data took   1.56ms
[2024.02.15-10.34.16:988][  0]LogWindows: Error: === Critical error: ===
[2024.02.15-10.34.16:988][  0]LogWindows: Error: 
[2024.02.15-10.34.16:988][  0]LogWindows: Error: Assertion failed: GIsHotReload [File:D:/Build/++UE4/Sync/Engine/Source/Runtime/CoreUObject/Private/UObject/UObjectBase.cpp] [Line: 704] 
[2024.02.15-10.34.16:988][  0]LogWindows: Error: Trying to recreate class 'UABCharacterSetting' outside of hot reload!
[2024.02.15-10.34.16:988][  0]LogWindows: Error: 
[2024.02.15-10.34.16:988][  0]LogWindows: Error: 
[2024.02.15-10.34.16:988][  0]LogWindows: Error: Unhandled Exception: EXCEPTION_ACCESS_VIOLATION reading address 0xffffffffffffffff
[2024.02.15-10.34.16:988][  0]LogWindows: Error: 
[2024.02.15-10.34.16:988][  0]LogWindows: Error: [Callstack] 0x00007ff85de51dc5 UE4Editor-CoreUObject.dll!UnknownFunction []
[2024.02.15-10.34.16:988][  0]LogWindows: Error: [Callstack] 0x00007ff85e03eb25 UE4Editor-CoreUObject.dll!UnknownFunction []
[2024.02.15-10.34.16:988][  0]LogWindows: Error: [Callstack] 0x00007ff85dea9bd7 UE4Editor-CoreUObject.dll!UnknownFunction []
[2024.02.15-10.34.16:988][  0]LogWindows: Error: [Callstack] 0x00007ff7c33488ed UE4Editor.exe!UnknownFunction []
[2024.02.15-10.34.16:988][  0]LogWindows: Error: [Callstack] 0x00007ff7c334823d UE4Editor.exe!UnknownFunction []
[2024.02.15-10.34.16:988][  0]LogWindows: Error: [Callstack] 0x00007ff7c335048a UE4Editor.exe!UnknownFunction []
[2024.02.15-10.34.16:988][  0]LogWindows: Error: [Callstack] 0x00007ff7c3351063 UE4Editor.exe!UnknownFunction []
[2024.02.15-10.34.16:988][  0]LogWindows: Error: [Callstack] 0x00007ff7c33510ba UE4Editor.exe!UnknownFunction []
[2024.02.15-10.34.16:988][  0]LogWindows: Error: [Callstack] 0x00007ff7c33540dd UE4Editor.exe!UnknownFunction []
[2024.02.15-10.34.16:988][  0]LogWindows: Error: [Callstack] 0x00007ff7c3365984 UE4Editor.exe!UnknownFunction []
[2024.02.15-10.34.16:988][  0]LogWindows: Error: [Callstack] 0x00007ff7c336853a UE4Editor.exe!UnknownFunction []
[2024.02.15-10.34.16:988][  0]LogWindows: Error: [Callstack] 0x00007ff8900c7344 KERNEL32.DLL!UnknownFunction []
[2024.02.15-10.34.16:988][  0]LogWindows: Error: [Callstack] 0x00007ff8903626b1 ntdll.dll!UnknownFunction []
[2024.02.15-10.34.16:988][  0]LogWindows: Error: 
[2024.02.15-10.34.16:996][  0]LogExit: Executing StaticShutdownAfterError
[2024.02.15-10.34.16:996][  0]LogWindows: FPlatformMisc::RequestExit(1)
[2024.02.15-10.34.16:996][  0]LogWindows: FPlatformMisc::RequestExitWithStatus(1, 3)
[2024.02.15-10.34.16:996][  0]LogCore: Engine exit requested (reason: Win RequestExit; note: exit was already requested)
[2024.02.15-10.34.17:007][  0]Log file closed, 02/15/24 19:34:17
