Log file open, 02/22/24 11:21:09
LogWindows: Failed to load 'aqProf.dll' (GetLastError=126)
LogWindows: File 'aqProf.dll' does not exist
LogWindows: Failed to load 'VtuneApi.dll' (GetLastError=126)
LogWindows: File 'VtuneApi.dll' does not exist
LogWindows: Failed to load 'VtuneApi32e.dll' (GetLastError=126)
LogWindows: File 'VtuneApi32e.dll' does not exist
LogConsoleResponse: Display: Failed to find resolution value strings in scalability ini. Falling back to default.
LogConsoleResponse: Display: Failed to find resolution value strings in scalability ini. Falling back to default.
LogInit: Display: Running engine for game: ArenaBattle
LogPlatformFile: Not using cached read wrapper
LogTaskGraph: Started task graph with 5 named threads and 47 total threads with 3 sets of task threads.
LogStats: Stats thread started at 0.397103
LogICUInternationalization: ICU TimeZone Detection - Raw Offset: +9:00, Platform Override: ''
LogInit: Display: Loading text-based GConfig....
LogPluginManager: Mounting plugin MeshPainting
LogPluginManager: Mounting plugin XGEController
LogPluginManager: Mounting plugin Paper2D
LogPluginManager: Mounting plugin LiveLink
LogPluginManager: Mounting plugin AISupport
LogPluginManager: Mounting plugin EnvironmentQueryEditor
LogPluginManager: Mounting plugin CameraShakePreviewer
LogPluginManager: Mounting plugin GameplayCameras
LogPluginManager: Mounting plugin OodleData
LogPluginManager: Mounting plugin LightPropagationVolume
LogPluginManager: Mounting plugin OodleNetwork
LogPluginManager: Mounting plugin CodeLiteSourceCodeAccess
LogPluginManager: Mounting plugin AnimationSharing
LogPluginManager: Mounting plugin CLionSourceCodeAccess
LogPluginManager: Mounting plugin KDevelopSourceCodeAccess
LogPluginManager: Mounting plugin NullSourceCodeAccess
LogPluginManager: Mounting plugin PerforceSourceControl
LogPluginManager: Mounting plugin PixWinPlugin
LogPluginManager: Mounting plugin GitSourceControl
LogPluginManager: Mounting plugin PluginUtils
LogPluginManager: Mounting plugin PlasticSourceControl
LogPluginManager: Mounting plugin PropertyAccessNode
LogPluginManager: Mounting plugin TextureFormatOodle
LogPluginManager: Mounting plugin UObjectPlugin
LogPluginManager: Mounting plugin RiderSourceCodeAccess
LogPluginManager: Mounting plugin SubversionSourceControl
LogPluginManager: Mounting plugin VisualStudioCodeSourceCodeAccess
LogPluginManager: Mounting plugin XCodeSourceCodeAccess
LogPluginManager: Mounting plugin VisualStudioSourceCodeAccess
LogPluginManager: Mounting plugin DatasmithContent
LogPluginManager: Mounting plugin VariantManagerContent
LogPluginManager: Mounting plugin AssetManagerEditor
LogPluginManager: Mounting plugin CryptoKeys
LogPluginManager: Mounting plugin CurveEditorTools
LogPluginManager: Mounting plugin DataValidation
LogPluginManager: Mounting plugin GameplayTagsEditor
LogPluginManager: Mounting plugin FacialAnimation
LogPluginManager: Mounting plugin GeometryMode
LogPluginManager: Mounting plugin MacGraphicsSwitching
LogPluginManager: Mounting plugin MaterialAnalyzer
LogPluginManager: Mounting plugin MobileLauncherProfileWizard
LogPluginManager: Mounting plugin SpeedTreeImporter
LogPluginManager: Mounting plugin PluginBrowser
LogPluginManager: Mounting plugin LuminPlatformFeatures
LogPluginManager: Mounting plugin MagicLeap
LogPluginManager: Mounting plugin Niagara
LogPluginManager: Mounting plugin MagicLeapMedia
LogPluginManager: Mounting plugin MagicLeapLightEstimation
LogPluginManager: Mounting plugin MagicLeapPassableWorld
LogPluginManager: Mounting plugin AlembicImporter
LogPluginManager: Mounting plugin MLSDK
LogPluginManager: Mounting plugin AutomationUtils
LogPluginManager: Mounting plugin BackChannel
LogPluginManager: Mounting plugin ChaosCloth
LogPluginManager: Mounting plugin ChaosClothEditor
LogPluginManager: Mounting plugin ChaosEditor
LogPluginManager: Mounting plugin ChaosNiagara
LogPluginManager: Mounting plugin ChaosSolverPlugin
LogPluginManager: Mounting plugin CharacterAI
LogPluginManager: Mounting plugin GeometryCache
LogPluginManager: Mounting plugin AndroidMedia
LogPluginManager: Mounting plugin AvfMedia
LogPluginManager: Mounting plugin GeometryCollectionPlugin
LogPluginManager: Mounting plugin ImgMedia
LogPluginManager: Mounting plugin MediaCompositing
LogPluginManager: Mounting plugin MediaPlayerEditor
LogPluginManager: Mounting plugin WebMMedia
LogPluginManager: Mounting plugin WmfMedia
LogPluginManager: Mounting plugin TcpMessaging
LogPluginManager: Mounting plugin UdpMessaging
LogPluginManager: Mounting plugin GeometryProcessing
LogPluginManager: Mounting plugin MotoSynth
LogPluginManager: Mounting plugin OpenImageDenoise
LogPluginManager: Mounting plugin PlanarCut
LogPluginManager: Mounting plugin PlatformCrypto
LogPluginManager: Mounting plugin ProxyLODPlugin
LogPluginManager: Mounting plugin PythonScriptPlugin
LogPluginManager: Mounting plugin ActorSequence
LogPluginManager: Mounting plugin LevelSequenceEditor
LogPluginManager: Mounting plugin SkeletalReduction
LogPluginManager: Mounting plugin MatineeToLevelSequence
LogPluginManager: Mounting plugin TemplateSequence
LogPluginManager: Mounting plugin OnlineSubsystem
LogPluginManager: Mounting plugin OnlineSubsystemNull
LogPluginManager: Mounting plugin OnlineSubsystemUtils
LogPluginManager: Mounting plugin LauncherChunkInstaller
LogPluginManager: Mounting plugin ActorLayerUtilities
LogPluginManager: Mounting plugin AndroidDeviceProfileSelector
LogPluginManager: Mounting plugin AndroidMoviePlayer
LogPluginManager: Mounting plugin AndroidPermission
LogPluginManager: Mounting plugin AppleImageUtils
LogPluginManager: Mounting plugin AppleMoviePlayer
LogPluginManager: Mounting plugin ScreenshotTools
LogPluginManager: Mounting plugin ArchVisCharacter
LogPluginManager: Mounting plugin AssetTags
LogPluginManager: Mounting plugin AudioCapture
LogPluginManager: Mounting plugin AudioSynesthesia
LogPluginManager: Mounting plugin CableComponent
LogPluginManager: Mounting plugin ChunkDownloader
LogPluginManager: Mounting plugin CustomMeshComponent
LogPluginManager: Mounting plugin EditableMesh
LogPluginManager: Mounting plugin ExampleDeviceProfileSelector
LogPluginManager: Mounting plugin GoogleCloudMessaging
LogPluginManager: Mounting plugin GooglePAD
LogPluginManager: Mounting plugin IOSDeviceProfileSelector
LogPluginManager: Mounting plugin LinuxDeviceProfileSelector
LogPluginManager: Mounting plugin LocationServicesBPLibrary
LogPluginManager: Mounting plugin MobilePatchingUtils
LogPluginManager: Mounting plugin OpenXR
LogPluginManager: Mounting plugin OpenXREyeTracker
LogPluginManager: Mounting plugin OpenXRHandTracking
LogPluginManager: Mounting plugin PhysXVehicles
LogPluginManager: Mounting plugin PostSplashScreen
LogPluginManager: Mounting plugin ProceduralMeshComponent
LogPluginManager: Mounting plugin PropertyAccessEditor
LogPluginManager: Mounting plugin SignificanceManager
LogPluginManager: Mounting plugin RuntimePhysXCooking
LogPluginManager: Mounting plugin SoundFields
LogPluginManager: Mounting plugin Synthesis
LogPluginManager: Mounting plugin WebMMoviePlayer
LogPluginManager: Mounting plugin Takes
LogPluginManager: Mounting plugin WindowsMoviePlayer
LogPluginManager: Mounting plugin ContentBrowserAssetDataSource
LogPluginManager: Mounting plugin ContentBrowserClassDataSource
LogPluginManager: Mounting plugin ContentBrowserFileDataSource
LogPluginManager: Mounting plugin OnlineSubsystemGooglePlay
LogPluginManager: Mounting plugin OnlineSubsystemIOS
LogPluginManager: Mounting plugin OculusVR
LogPluginManager: Mounting plugin SteamVR
PixWinPlugin: PIX capture plugin failed to initialize! Check that the process is launched from PIX.
LogInit: Using libcurl 7.55.1-DEV
LogInit:  - built for x86_64-pc-win32
LogInit:  - supports SSL with OpenSSL/1.1.1
LogInit:  - supports HTTP deflate (compression) using libz 1.2.8
LogInit:  - other features:
LogInit:      CURL_VERSION_SSL
LogInit:      CURL_VERSION_LIBZ
LogInit:      CURL_VERSION_IPV6
LogInit:      CURL_VERSION_ASYNCHDNS
LogInit:      CURL_VERSION_LARGEFILE
LogInit:      CURL_VERSION_IDN
LogInit:  CurlRequestOptions (configurable via config and command line):
LogInit:  - bVerifyPeer = true  - Libcurl will verify peer certificate
LogInit:  - bUseHttpProxy = false  - Libcurl will NOT use HTTP proxy
LogInit:  - bDontReuseConnections = false  - Libcurl will reuse connections
LogInit:  - MaxHostConnections = 16  - Libcurl will limit the number of connections to a host
LogInit:  - LocalHostAddr = Default
LogInit:  - BufferSize = 65536
LogOnline: OSS: Creating online subsystem instance for: NULL
LogInit: WinSock: version 1.1 (2.2), MaxSocks=32767, MaxUdp=65467
LogOnline: OSS: TryLoadSubsystemAndSetDefault: Loaded subsystem for module [NULL]
LogOculusPluginWrapper: OculusPlugin initialized successfully
LogHMD: Failed initializing OVRPlugin 1.59.0
LogInit: Build: ++UE4+Release-4.27-CL-18319896
LogInit: Engine Version: 4.27.2-18319896+++UE4+Release-4.27
LogInit: Compatible Engine Version: 4.27.0-17155196+++UE4+Release-4.27
LogInit: Net CL: 17155196
LogInit: OS: Windows 10 (Release 2009) (), CPU: 11th Gen Intel(R) Core(TM) i7-11800H @ 2.30GHz, GPU: Intel(R) UHD Graphics
LogInit: Compiled (64-bit): Nov 30 2021 07:12:08
LogInit: Compiled with Visual C++: 19.24.28315.00
LogInit: Build Configuration: Development
LogInit: Branch Name: ++UE4+Release-4.27
LogInit: Command Line: 
LogInit: Base Directory: C:/Program Files/Epic Games/UE_4.27/Engine/Binaries/Win64/
LogInit: Allocator: TBB
LogInit: Installed Engine Build: 1
LogDevObjectVersion: Number of dev versions registered: 29
LogDevObjectVersion:   Dev-Blueprints (B0D832E4-1F89-4F0D-ACCF-7EB736FD4AA2): 10
LogDevObjectVersion:   Dev-Build (E1C64328-A22C-4D53-A36C-8E866417BD8C): 0
LogDevObjectVersion:   Dev-Core (375EC13C-06E4-48FB-B500-84F0262A717E): 4
LogDevObjectVersion:   Dev-Editor (E4B068ED-F494-42E9-A231-DA0B2E46BB41): 40
LogDevObjectVersion:   Dev-Framework (CFFC743F-43B0-4480-9391-14DF171D2073): 37
LogDevObjectVersion:   Dev-Mobile (B02B49B5-BB20-44E9-A304-32B752E40360): 3
LogDevObjectVersion:   Dev-Networking (A4E4105C-59A1-49B5-A7C5-40C4547EDFEE): 0
LogDevObjectVersion:   Dev-Online (39C831C9-5AE6-47DC-9A44-9C173E1C8E7C): 0
LogDevObjectVersion:   Dev-Physics (78F01B33-EBEA-4F98-B9B4-84EACCB95AA2): 14
LogDevObjectVersion:   Dev-Platform (6631380F-2D4D-43E0-8009-CF276956A95A): 0
LogDevObjectVersion:   Dev-Rendering (12F88B9F-8875-4AFC-A67C-D90C383ABD29): 45
LogDevObjectVersion:   Dev-Sequencer (7B5AE74C-D270-4C10-A958-57980B212A5A): 13
LogDevObjectVersion:   Dev-VR (D7296918-1DD6-4BDD-9DE2-64A83CC13884): 3
LogDevObjectVersion:   Dev-LoadTimes (C2A15278-BFE7-4AFE-6C17-90FF531DF755): 1
LogDevObjectVersion:   Private-Geometry (6EACA3D4-40EC-4CC1-B786-8BED09428FC5): 3
LogDevObjectVersion:   Dev-AnimPhys (29E575DD-E0A3-4627-9D10-D276232CDCEA): 17
LogDevObjectVersion:   Dev-Anim (AF43A65D-7FD3-4947-9873-3E8ED9C1BB05): 15
LogDevObjectVersion:   Dev-ReflectionCapture (6B266CEC-1EC7-4B8F-A30B-E4D90942FC07): 1
LogDevObjectVersion:   Dev-Automation (0DF73D61-A23F-47EA-B727-89E90C41499A): 1
LogDevObjectVersion:   FortniteMain (601D1886-AC64-4F84-AA16-D3DE0DEAC7D6): 47
LogDevObjectVersion:   FortniteRelease (E7086368-6B23-4C58-8439-1B7016265E91): 1
LogDevObjectVersion:   Dev-Enterprise (9DFFBCD6-494F-0158-E221-12823C92A888): 10
LogDevObjectVersion:   Dev-Niagara (F2AED0AC-9AFE-416F-8664-AA7FFA26D6FC): 1
LogDevObjectVersion:   Dev-Destruction (174F1F0B-B4C6-45A5-B13F-2EE8D0FB917D): 10
LogDevObjectVersion:   Dev-Physics-Ext (35F94A83-E258-406C-A318-09F59610247C): 41
LogDevObjectVersion:   Dev-PhysicsMaterial-Chaos (B68FC16E-8B1B-42E2-B453-215C058844FE): 1
LogDevObjectVersion:   Dev-CineCamera (B2E18506-4273-CFC2-A54E-F4BB758BBA07): 1
LogDevObjectVersion:   Dev-VirtualProduction (64F58936-FD1B-42BA-BA96-7289D5D0FA4E): 1
LogDevObjectVersion:   Dev-MediaFramework (6F0ED827-A609-4895-9C91-998D90180EA4): 2
LogInit: Presizing for max 25165824 objects, including 0 objects not considered by GC, pre-allocating 0 bytes for permanent pool.
LogConfig: Applying CVar settings from Section [/Script/Engine.StreamingSettings] File [C:/Users/MSI/Documents/GitHub/Arena-Battle/ArenaBattle/Saved/Config/Windows/Engine.ini]
LogConfig: Setting CVar [[s.MinBulkDataSizeForAsyncLoading:131072]]
LogConfig: Setting CVar [[s.AsyncLoadingThreadEnabled:0]]
LogConfig: Setting CVar [[s.EventDrivenLoaderEnabled:1]]
LogConfig: Setting CVar [[s.WarnIfTimeLimitExceeded:0]]
LogConfig: Setting CVar [[s.TimeLimitExceededMultiplier:1.5]]
LogConfig: Setting CVar [[s.TimeLimitExceededMinTime:0.005]]
LogConfig: Setting CVar [[s.UseBackgroundLevelStreaming:1]]
LogConfig: Setting CVar [[s.PriorityAsyncLoadingExtraTime:15.0]]
LogConfig: Setting CVar [[s.LevelStreamingActorsUpdateTimeLimit:5.0]]
LogConfig: Setting CVar [[s.PriorityLevelStreamingActorsUpdateExtraTime:5.0]]
LogConfig: Setting CVar [[s.LevelStreamingComponentsRegistrationGranularity:10]]
LogConfig: Setting CVar [[s.UnregisterComponentsTimeLimit:1.0]]
LogConfig: Setting CVar [[s.LevelStreamingComponentsUnregistrationGranularity:5]]
LogConfig: Setting CVar [[s.FlushStreamingOnExit:1]]
LogInit: Object subsystem initialized
LogConfig: Setting CVar [[con.DebugEarlyDefault:1]]
LogConfig: Setting CVar [[r.setres:1280x720]]
[2024.02.22-02.21.10:891][  0]LogConfig: Setting CVar [[r.VSync:0]]
[2024.02.22-02.21.10:891][  0]LogConfig: Setting CVar [[r.RHICmdBypass:0]]
[2024.02.22-02.21.10:891][  0]LogConfig: Applying CVar settings from Section [/Script/Engine.RendererSettings] File [C:/Users/MSI/Documents/GitHub/Arena-Battle/ArenaBattle/Saved/Config/Windows/Engine.ini]
[2024.02.22-02.21.10:891][  0]LogConfig: Setting CVar [[r.GPUCrashDebugging:0]]
[2024.02.22-02.21.10:891][  0]LogConfig: Applying CVar settings from Section [/Script/Engine.RendererOverrideSettings] File [C:/Users/MSI/Documents/GitHub/Arena-Battle/ArenaBattle/Saved/Config/Windows/Engine.ini]
[2024.02.22-02.21.10:891][  0]LogConfig: Applying CVar settings from Section [/Script/Engine.StreamingSettings] File [C:/Users/MSI/Documents/GitHub/Arena-Battle/ArenaBattle/Saved/Config/Windows/Engine.ini]
[2024.02.22-02.21.10:891][  0]LogConfig: Setting CVar [[s.MinBulkDataSizeForAsyncLoading:131072]]
[2024.02.22-02.21.10:891][  0]LogConfig: Setting CVar [[s.AsyncLoadingThreadEnabled:0]]
[2024.02.22-02.21.10:891][  0]LogConfig: Setting CVar [[s.EventDrivenLoaderEnabled:1]]
[2024.02.22-02.21.10:891][  0]LogConfig: Setting CVar [[s.WarnIfTimeLimitExceeded:0]]
[2024.02.22-02.21.10:891][  0]LogConfig: Setting CVar [[s.TimeLimitExceededMultiplier:1.5]]
[2024.02.22-02.21.10:891][  0]LogConfig: Setting CVar [[s.TimeLimitExceededMinTime:0.005]]
[2024.02.22-02.21.10:891][  0]LogConfig: Setting CVar [[s.UseBackgroundLevelStreaming:1]]
[2024.02.22-02.21.10:891][  0]LogConfig: Setting CVar [[s.PriorityAsyncLoadingExtraTime:15.0]]
[2024.02.22-02.21.10:891][  0]LogConfig: Setting CVar [[s.LevelStreamingActorsUpdateTimeLimit:5.0]]
[2024.02.22-02.21.10:891][  0]LogConfig: Setting CVar [[s.PriorityLevelStreamingActorsUpdateExtraTime:5.0]]
[2024.02.22-02.21.10:891][  0]LogConfig: Setting CVar [[s.LevelStreamingComponentsRegistrationGranularity:10]]
[2024.02.22-02.21.10:891][  0]LogConfig: Setting CVar [[s.UnregisterComponentsTimeLimit:1.0]]
[2024.02.22-02.21.10:891][  0]LogConfig: Setting CVar [[s.LevelStreamingComponentsUnregistrationGranularity:5]]
[2024.02.22-02.21.10:891][  0]LogConfig: Setting CVar [[s.FlushStreamingOnExit:1]]
[2024.02.22-02.21.10:891][  0]LogConfig: Applying CVar settings from Section [/Script/Engine.GarbageCollectionSettings] File [C:/Users/MSI/Documents/GitHub/Arena-Battle/ArenaBattle/Saved/Config/Windows/Engine.ini]
[2024.02.22-02.21.10:891][  0]LogConfig: Setting CVar [[gc.MaxObjectsNotConsideredByGC:1]]
[2024.02.22-02.21.10:891][  0]LogConfig: Setting CVar [[gc.SizeOfPermanentObjectPool:0]]
[2024.02.22-02.21.10:891][  0]LogConfig: Setting CVar [[gc.FlushStreamingOnGC:0]]
[2024.02.22-02.21.10:891][  0]LogConfig: Setting CVar [[gc.NumRetriesBeforeForcingGC:10]]
[2024.02.22-02.21.10:891][  0]LogConfig: Setting CVar [[gc.AllowParallelGC:1]]
[2024.02.22-02.21.10:891][  0]LogConfig: Setting CVar [[gc.TimeBetweenPurgingPendingKillObjects:61.1]]
[2024.02.22-02.21.10:891][  0]LogConfig: Setting CVar [[gc.MaxObjectsInEditor:25165824]]
[2024.02.22-02.21.10:891][  0]LogConfig: Setting CVar [[gc.IncrementalBeginDestroyEnabled:1]]
[2024.02.22-02.21.10:891][  0]LogConfig: Setting CVar [[gc.CreateGCClusters:1]]
[2024.02.22-02.21.10:891][  0]LogConfig: Setting CVar [[gc.MinGCClusterSize:5]]
[2024.02.22-02.21.10:891][  0]LogConfig: Setting CVar [[gc.ActorClusteringEnabled:0]]
[2024.02.22-02.21.10:891][  0]LogConfig: Setting CVar [[gc.BlueprintClusteringEnabled:0]]
[2024.02.22-02.21.10:891][  0]LogConfig: Setting CVar [[gc.UseDisregardForGCOnDedicatedServers:0]]
[2024.02.22-02.21.10:891][  0]LogConfig: Setting CVar [[gc.MultithreadedDestructionEnabled:1]]
[2024.02.22-02.21.10:892][  0]LogConfig: Applying CVar settings from Section [/Script/Engine.NetworkSettings] File [C:/Users/MSI/Documents/GitHub/Arena-Battle/ArenaBattle/Saved/Config/Windows/Engine.ini]
[2024.02.22-02.21.10:892][  0]LogConfig: Applying CVar settings from Section [/Script/UnrealEd.CookerSettings] File [C:/Users/MSI/Documents/GitHub/Arena-Battle/ArenaBattle/Saved/Config/Windows/Engine.ini]
[2024.02.22-02.21.10:968][  0]LogConfig: Applying CVar settings from Section [ViewDistanceQuality@3] File [C:/Users/MSI/Documents/GitHub/Arena-Battle/ArenaBattle/Saved/Config/Windows/Scalability.ini]
[2024.02.22-02.21.10:968][  0]LogConfig: Setting CVar [[r.SkeletalMeshLODBias:0]]
[2024.02.22-02.21.10:968][  0]LogConfig: Setting CVar [[r.ViewDistanceScale:1.0]]
[2024.02.22-02.21.10:968][  0]LogConfig: Applying CVar settings from Section [AntiAliasingQuality@3] File [C:/Users/MSI/Documents/GitHub/Arena-Battle/ArenaBattle/Saved/Config/Windows/Scalability.ini]
[2024.02.22-02.21.10:968][  0]LogConfig: Setting CVar [[r.PostProcessAAQuality:4]]
[2024.02.22-02.21.10:968][  0]LogConfig: Applying CVar settings from Section [ShadowQuality@3] File [C:/Users/MSI/Documents/GitHub/Arena-Battle/ArenaBattle/Saved/Config/Windows/Scalability.ini]
[2024.02.22-02.21.10:968][  0]LogConfig: Setting CVar [[r.LightFunctionQuality:1]]
[2024.02.22-02.21.10:968][  0]LogConfig: Setting CVar [[r.ShadowQuality:5]]
[2024.02.22-02.21.10:968][  0]LogConfig: Setting CVar [[r.Shadow.CSM.MaxCascades:10]]
[2024.02.22-02.21.10:968][  0]LogConfig: Setting CVar [[r.Shadow.MaxResolution:2048]]
[2024.02.22-02.21.10:969][  0]LogConfig: Setting CVar [[r.Shadow.MaxCSMResolution:2048]]
[2024.02.22-02.21.10:969][  0]LogConfig: Setting CVar [[r.Shadow.RadiusThreshold:0.01]]
[2024.02.22-02.21.10:969][  0]LogConfig: Setting CVar [[r.Shadow.DistanceScale:1.0]]
[2024.02.22-02.21.10:969][  0]LogConfig: Setting CVar [[r.Shadow.CSM.TransitionScale:1.0]]
[2024.02.22-02.21.10:969][  0]LogConfig: Setting CVar [[r.Shadow.PreShadowResolutionFactor:1.0]]
[2024.02.22-02.21.10:969][  0]LogConfig: Setting CVar [[r.DistanceFieldShadowing:1]]
[2024.02.22-02.21.10:969][  0]LogConfig: Setting CVar [[r.DistanceFieldAO:1]]
[2024.02.22-02.21.10:969][  0]LogConfig: Setting CVar [[r.AOQuality:2]]
[2024.02.22-02.21.10:969][  0]LogConfig: Setting CVar [[r.VolumetricFog:1]]
[2024.02.22-02.21.10:969][  0]LogConfig: Setting CVar [[r.VolumetricFog.GridPixelSize:8]]
[2024.02.22-02.21.10:969][  0]LogConfig: Setting CVar [[r.VolumetricFog.GridSizeZ:128]]
[2024.02.22-02.21.10:969][  0]LogConfig: Setting CVar [[r.VolumetricFog.HistoryMissSupersampleCount:4]]
[2024.02.22-02.21.10:969][  0]LogConfig: Setting CVar [[r.LightMaxDrawDistanceScale:1]]
[2024.02.22-02.21.10:969][  0]LogConfig: Setting CVar [[r.CapsuleShadows:1]]
[2024.02.22-02.21.10:969][  0]LogConfig: Applying CVar settings from Section [PostProcessQuality@3] File [C:/Users/MSI/Documents/GitHub/Arena-Battle/ArenaBattle/Saved/Config/Windows/Scalability.ini]
[2024.02.22-02.21.10:969][  0]LogConfig: Setting CVar [[r.MotionBlurQuality:4]]
[2024.02.22-02.21.10:969][  0]LogConfig: Setting CVar [[r.AmbientOcclusionMipLevelFactor:0.4]]
[2024.02.22-02.21.10:969][  0]LogConfig: Setting CVar [[r.AmbientOcclusionMaxQuality:100]]
[2024.02.22-02.21.10:969][  0]LogConfig: Setting CVar [[r.AmbientOcclusionLevels:-1]]
[2024.02.22-02.21.10:969][  0]LogConfig: Setting CVar [[r.AmbientOcclusionRadiusScale:1.0]]
[2024.02.22-02.21.10:969][  0]LogConfig: Setting CVar [[r.DepthOfFieldQuality:2]]
[2024.02.22-02.21.10:969][  0]LogConfig: Setting CVar [[r.RenderTargetPoolMin:400]]
[2024.02.22-02.21.10:969][  0]LogConfig: Setting CVar [[r.LensFlareQuality:2]]
[2024.02.22-02.21.10:969][  0]LogConfig: Setting CVar [[r.SceneColorFringeQuality:1]]
[2024.02.22-02.21.10:969][  0]LogConfig: Setting CVar [[r.EyeAdaptationQuality:2]]
[2024.02.22-02.21.10:969][  0]LogConfig: Setting CVar [[r.BloomQuality:5]]
[2024.02.22-02.21.10:969][  0]LogConfig: Setting CVar [[r.FastBlurThreshold:100]]
[2024.02.22-02.21.10:969][  0]LogConfig: Setting CVar [[r.Upscale.Quality:3]]
[2024.02.22-02.21.10:969][  0]LogConfig: Setting CVar [[r.Tonemapper.GrainQuantization:1]]
[2024.02.22-02.21.10:969][  0]LogConfig: Setting CVar [[r.LightShaftQuality:1]]
[2024.02.22-02.21.10:969][  0]LogConfig: Setting CVar [[r.Filter.SizeScale:1]]
[2024.02.22-02.21.10:969][  0]LogConfig: Setting CVar [[r.Tonemapper.Quality:5]]
[2024.02.22-02.21.10:969][  0]LogConfig: Setting CVar [[r.DOF.Gather.AccumulatorQuality:1        ; higher gathering accumulator quality]]
[2024.02.22-02.21.10:969][  0]LogConfig: Setting CVar [[r.DOF.Gather.PostfilterMethod:1          ; Median3x3 postfilering method]]
[2024.02.22-02.21.10:969][  0]LogConfig: Setting CVar [[r.DOF.Gather.EnableBokehSettings:0       ; no bokeh simulation when gathering]]
[2024.02.22-02.21.10:969][  0]LogConfig: Setting CVar [[r.DOF.Gather.RingCount:4                 ; medium number of samples when gathering]]
[2024.02.22-02.21.10:969][  0]LogConfig: Setting CVar [[r.DOF.Scatter.ForegroundCompositing:1    ; additive foreground scattering]]
[2024.02.22-02.21.10:969][  0]LogConfig: Setting CVar [[r.DOF.Scatter.BackgroundCompositing:2    ; additive background scattering]]
[2024.02.22-02.21.10:969][  0]LogConfig: Setting CVar [[r.DOF.Scatter.EnableBokehSettings:1      ; bokeh simulation when scattering]]
[2024.02.22-02.21.10:969][  0]LogConfig: Setting CVar [[r.DOF.Scatter.MaxSpriteRatio:0.1         ; only a maximum of 10% of scattered bokeh]]
[2024.02.22-02.21.10:969][  0]LogConfig: Setting CVar [[r.DOF.Recombine.Quality:1                ; cheap slight out of focus]]
[2024.02.22-02.21.10:969][  0]LogConfig: Setting CVar [[r.DOF.Recombine.EnableBokehSettings:0    ; no bokeh simulation on slight out of focus]]
[2024.02.22-02.21.10:969][  0]LogConfig: Setting CVar [[r.DOF.TemporalAAQuality:1                ; more stable temporal accumulation]]
[2024.02.22-02.21.10:969][  0]LogConfig: Setting CVar [[r.DOF.Kernel.MaxForegroundRadius:0.025]]
[2024.02.22-02.21.10:969][  0]LogConfig: Setting CVar [[r.DOF.Kernel.MaxBackgroundRadius:0.025]]
[2024.02.22-02.21.10:969][  0]LogConfig: Applying CVar settings from Section [TextureQuality@3] File [C:/Users/MSI/Documents/GitHub/Arena-Battle/ArenaBattle/Saved/Config/Windows/Scalability.ini]
[2024.02.22-02.21.10:969][  0]LogConfig: Setting CVar [[r.Streaming.MipBias:0]]
[2024.02.22-02.21.10:969][  0]LogConfig: Setting CVar [[r.Streaming.AmortizeCPUToGPUCopy:0]]
[2024.02.22-02.21.10:969][  0]LogConfig: Setting CVar [[r.Streaming.MaxNumTexturesToStreamPerFrame:0]]
[2024.02.22-02.21.10:969][  0]LogConfig: Setting CVar [[r.Streaming.Boost:1]]
[2024.02.22-02.21.10:969][  0]LogConfig: Setting CVar [[r.MaxAnisotropy:8]]
[2024.02.22-02.21.10:969][  0]LogConfig: Setting CVar [[r.VT.MaxAnisotropy:8]]
[2024.02.22-02.21.10:969][  0]LogConfig: Setting CVar [[r.Streaming.LimitPoolSizeToVRAM:0]]
[2024.02.22-02.21.10:969][  0]LogConfig: Setting CVar [[r.Streaming.PoolSize:1000]]
[2024.02.22-02.21.10:969][  0]LogConfig: Setting CVar [[r.Streaming.MaxEffectiveScreenSize:0]]
[2024.02.22-02.21.10:969][  0]LogConfig: Applying CVar settings from Section [EffectsQuality@3] File [C:/Users/MSI/Documents/GitHub/Arena-Battle/ArenaBattle/Saved/Config/Windows/Scalability.ini]
[2024.02.22-02.21.10:970][  0]LogConfig: Setting CVar [[r.TranslucencyLightingVolumeDim:64]]
[2024.02.22-02.21.10:970][  0]LogConfig: Setting CVar [[r.RefractionQuality:2]]
[2024.02.22-02.21.10:970][  0]LogConfig: Setting CVar [[r.SSR.Quality:3]]
[2024.02.22-02.21.10:970][  0]LogConfig: Setting CVar [[r.SSR.HalfResSceneColor:0]]
[2024.02.22-02.21.10:970][  0]LogConfig: Setting CVar [[r.SceneColorFormat:4]]
[2024.02.22-02.21.10:970][  0]LogConfig: Setting CVar [[r.DetailMode:2]]
[2024.02.22-02.21.10:970][  0]LogConfig: Setting CVar [[r.TranslucencyVolumeBlur:1]]
[2024.02.22-02.21.10:970][  0]LogConfig: Setting CVar [[r.MaterialQualityLevel:1 ; High quality]]
[2024.02.22-02.21.10:970][  0]LogConfig: Setting CVar [[r.AnisotropicMaterials:1]]
[2024.02.22-02.21.10:970][  0]LogConfig: Setting CVar [[r.SSS.Scale:1]]
[2024.02.22-02.21.10:970][  0]LogConfig: Setting CVar [[r.SSS.SampleSet:2]]
[2024.02.22-02.21.10:970][  0]LogConfig: Setting CVar [[r.SSS.Quality:1]]
[2024.02.22-02.21.10:970][  0]LogConfig: Setting CVar [[r.SSS.HalfRes:0]]
[2024.02.22-02.21.10:970][  0]LogConfig: Setting CVar [[r.SSGI.Quality:3]]
[2024.02.22-02.21.10:970][  0]LogConfig: Setting CVar [[r.EmitterSpawnRateScale:1.0]]
[2024.02.22-02.21.10:970][  0]LogConfig: Setting CVar [[r.ParticleLightQuality:2]]
[2024.02.22-02.21.10:970][  0]LogConfig: Setting CVar [[r.SkyAtmosphere.AerialPerspectiveLUT.FastApplyOnOpaque:1 ; Always have FastSkyLUT 1 in this case to avoid wrong sky]]
[2024.02.22-02.21.10:970][  0]LogConfig: Setting CVar [[r.SkyAtmosphere.AerialPerspectiveLUT.SampleCountMaxPerSlice:4]]
[2024.02.22-02.21.10:970][  0]LogConfig: Setting CVar [[r.SkyAtmosphere.AerialPerspectiveLUT.DepthResolution:16.0]]
[2024.02.22-02.21.10:970][  0]LogConfig: Setting CVar [[r.SkyAtmosphere.FastSkyLUT:1]]
[2024.02.22-02.21.10:970][  0]LogConfig: Setting CVar [[r.SkyAtmosphere.FastSkyLUT.SampleCountMin:4.0]]
[2024.02.22-02.21.10:970][  0]LogConfig: Setting CVar [[r.SkyAtmosphere.FastSkyLUT.SampleCountMax:128.0]]
[2024.02.22-02.21.10:970][  0]LogConfig: Setting CVar [[r.SkyAtmosphere.SampleCountMin:4.0]]
[2024.02.22-02.21.10:970][  0]LogConfig: Setting CVar [[r.SkyAtmosphere.SampleCountMax:128.0]]
[2024.02.22-02.21.10:970][  0]LogConfig: Setting CVar [[r.SkyAtmosphere.TransmittanceLUT.UseSmallFormat:0]]
[2024.02.22-02.21.10:970][  0]LogConfig: Setting CVar [[r.SkyAtmosphere.TransmittanceLUT.SampleCount:10.0]]
[2024.02.22-02.21.10:970][  0]LogConfig: Setting CVar [[r.SkyAtmosphere.MultiScatteringLUT.SampleCount:15.0]]
[2024.02.22-02.21.10:970][  0]LogConfig: Setting CVar [[r.SkyLight.RealTimeReflectionCapture:1]]
[2024.02.22-02.21.10:970][  0]LogConfig: Applying CVar settings from Section [FoliageQuality@3] File [C:/Users/MSI/Documents/GitHub/Arena-Battle/ArenaBattle/Saved/Config/Windows/Scalability.ini]
[2024.02.22-02.21.10:970][  0]LogConfig: Setting CVar [[foliage.DensityScale:1.0]]
[2024.02.22-02.21.10:970][  0]LogConfig: Setting CVar [[grass.DensityScale:1.0]]
[2024.02.22-02.21.10:970][  0]LogConfig: Applying CVar settings from Section [ShadingQuality@3] File [C:/Users/MSI/Documents/GitHub/Arena-Battle/ArenaBattle/Saved/Config/Windows/Scalability.ini]
[2024.02.22-02.21.10:970][  0]LogConfig: Setting CVar [[r.HairStrands.SkyLighting.IntegrationType:2]]
[2024.02.22-02.21.10:970][  0]LogConfig: Setting CVar [[r.HairStrands.SkyAO.SampleCount:4]]
[2024.02.22-02.21.10:970][  0]LogConfig: Setting CVar [[r.HairStrands.Visibility.MSAA.SamplePerPixel:4]]
[2024.02.22-02.21.10:970][  0]LogInit: Selected Device Profile: [Windows]
[2024.02.22-02.21.10:970][  0]LogInit: Applying CVar settings loaded from the selected device profile: [Windows]
[2024.02.22-02.21.10:970][  0]LogHAL: Display: Platform has ~ 32 GB [34046722048 / 34359738368 / 32], which maps to Largest [LargestMinGB=32, LargerMinGB=12, DefaultMinGB=8, SmallerMinGB=6, SmallestMinGB=0)
[2024.02.22-02.21.10:970][  0]LogInit: Going up to parent DeviceProfile []
[2024.02.22-02.21.10:971][  0]LogConfig: Applying CVar settings from Section [ViewDistanceQuality@3] File [C:/Users/MSI/Documents/GitHub/Arena-Battle/ArenaBattle/Saved/Config/Windows/Scalability.ini]
[2024.02.22-02.21.10:971][  0]LogConfig: Setting CVar [[r.SkeletalMeshLODBias:0]]
[2024.02.22-02.21.10:971][  0]LogConfig: Setting CVar [[r.ViewDistanceScale:1.0]]
[2024.02.22-02.21.10:971][  0]LogConfig: Applying CVar settings from Section [AntiAliasingQuality@3] File [C:/Users/MSI/Documents/GitHub/Arena-Battle/ArenaBattle/Saved/Config/Windows/Scalability.ini]
[2024.02.22-02.21.10:971][  0]LogConfig: Setting CVar [[r.PostProcessAAQuality:4]]
[2024.02.22-02.21.10:971][  0]LogConfig: Applying CVar settings from Section [ShadowQuality@3] File [C:/Users/MSI/Documents/GitHub/Arena-Battle/ArenaBattle/Saved/Config/Windows/Scalability.ini]
[2024.02.22-02.21.10:971][  0]LogConfig: Setting CVar [[r.LightFunctionQuality:1]]
[2024.02.22-02.21.10:971][  0]LogConfig: Setting CVar [[r.ShadowQuality:5]]
[2024.02.22-02.21.10:971][  0]LogConfig: Setting CVar [[r.Shadow.CSM.MaxCascades:10]]
[2024.02.22-02.21.10:971][  0]LogConfig: Setting CVar [[r.Shadow.MaxResolution:2048]]
[2024.02.22-02.21.10:971][  0]LogConfig: Setting CVar [[r.Shadow.MaxCSMResolution:2048]]
[2024.02.22-02.21.10:971][  0]LogConfig: Setting CVar [[r.Shadow.RadiusThreshold:0.01]]
[2024.02.22-02.21.10:971][  0]LogConfig: Setting CVar [[r.Shadow.DistanceScale:1.0]]
[2024.02.22-02.21.10:971][  0]LogConfig: Setting CVar [[r.Shadow.CSM.TransitionScale:1.0]]
[2024.02.22-02.21.10:971][  0]LogConfig: Setting CVar [[r.Shadow.PreShadowResolutionFactor:1.0]]
[2024.02.22-02.21.10:971][  0]LogConfig: Setting CVar [[r.DistanceFieldShadowing:1]]
[2024.02.22-02.21.10:971][  0]LogConfig: Setting CVar [[r.DistanceFieldAO:1]]
[2024.02.22-02.21.10:971][  0]LogConfig: Setting CVar [[r.AOQuality:2]]
[2024.02.22-02.21.10:971][  0]LogConfig: Setting CVar [[r.VolumetricFog:1]]
[2024.02.22-02.21.10:971][  0]LogConfig: Setting CVar [[r.VolumetricFog.GridPixelSize:8]]
[2024.02.22-02.21.10:971][  0]LogConfig: Setting CVar [[r.VolumetricFog.GridSizeZ:128]]
[2024.02.22-02.21.10:971][  0]LogConfig: Setting CVar [[r.VolumetricFog.HistoryMissSupersampleCount:4]]
[2024.02.22-02.21.10:971][  0]LogConfig: Setting CVar [[r.LightMaxDrawDistanceScale:1]]
[2024.02.22-02.21.10:971][  0]LogConfig: Setting CVar [[r.CapsuleShadows:1]]
[2024.02.22-02.21.10:971][  0]LogConfig: Applying CVar settings from Section [PostProcessQuality@3] File [C:/Users/MSI/Documents/GitHub/Arena-Battle/ArenaBattle/Saved/Config/Windows/Scalability.ini]
[2024.02.22-02.21.10:971][  0]LogConfig: Setting CVar [[r.MotionBlurQuality:4]]
[2024.02.22-02.21.10:971][  0]LogConfig: Setting CVar [[r.AmbientOcclusionMipLevelFactor:0.4]]
[2024.02.22-02.21.10:971][  0]LogConfig: Setting CVar [[r.AmbientOcclusionMaxQuality:100]]
[2024.02.22-02.21.10:971][  0]LogConfig: Setting CVar [[r.AmbientOcclusionLevels:-1]]
[2024.02.22-02.21.10:971][  0]LogConfig: Setting CVar [[r.AmbientOcclusionRadiusScale:1.0]]
[2024.02.22-02.21.10:971][  0]LogConfig: Setting CVar [[r.DepthOfFieldQuality:2]]
[2024.02.22-02.21.10:971][  0]LogConfig: Setting CVar [[r.RenderTargetPoolMin:400]]
[2024.02.22-02.21.10:971][  0]LogConfig: Setting CVar [[r.LensFlareQuality:2]]
[2024.02.22-02.21.10:971][  0]LogConfig: Setting CVar [[r.SceneColorFringeQuality:1]]
[2024.02.22-02.21.10:971][  0]LogConfig: Setting CVar [[r.EyeAdaptationQuality:2]]
[2024.02.22-02.21.10:971][  0]LogConfig: Setting CVar [[r.BloomQuality:5]]
[2024.02.22-02.21.10:971][  0]LogConfig: Setting CVar [[r.FastBlurThreshold:100]]
[2024.02.22-02.21.10:972][  0]LogConfig: Setting CVar [[r.Upscale.Quality:3]]
[2024.02.22-02.21.10:972][  0]LogConfig: Setting CVar [[r.Tonemapper.GrainQuantization:1]]
[2024.02.22-02.21.10:972][  0]LogConfig: Setting CVar [[r.LightShaftQuality:1]]
[2024.02.22-02.21.10:972][  0]LogConfig: Setting CVar [[r.Filter.SizeScale:1]]
[2024.02.22-02.21.10:972][  0]LogConfig: Setting CVar [[r.Tonemapper.Quality:5]]
[2024.02.22-02.21.10:972][  0]LogConfig: Setting CVar [[r.DOF.Gather.AccumulatorQuality:1        ; higher gathering accumulator quality]]
[2024.02.22-02.21.10:972][  0]LogConfig: Setting CVar [[r.DOF.Gather.PostfilterMethod:1          ; Median3x3 postfilering method]]
[2024.02.22-02.21.10:972][  0]LogConfig: Setting CVar [[r.DOF.Gather.EnableBokehSettings:0       ; no bokeh simulation when gathering]]
[2024.02.22-02.21.10:972][  0]LogConfig: Setting CVar [[r.DOF.Gather.RingCount:4                 ; medium number of samples when gathering]]
[2024.02.22-02.21.10:972][  0]LogConfig: Setting CVar [[r.DOF.Scatter.ForegroundCompositing:1    ; additive foreground scattering]]
[2024.02.22-02.21.10:972][  0]LogConfig: Setting CVar [[r.DOF.Scatter.BackgroundCompositing:2    ; additive background scattering]]
[2024.02.22-02.21.10:972][  0]LogConfig: Setting CVar [[r.DOF.Scatter.EnableBokehSettings:1      ; bokeh simulation when scattering]]
[2024.02.22-02.21.10:972][  0]LogConfig: Setting CVar [[r.DOF.Scatter.MaxSpriteRatio:0.1         ; only a maximum of 10% of scattered bokeh]]
[2024.02.22-02.21.10:972][  0]LogConfig: Setting CVar [[r.DOF.Recombine.Quality:1                ; cheap slight out of focus]]
[2024.02.22-02.21.10:972][  0]LogConfig: Setting CVar [[r.DOF.Recombine.EnableBokehSettings:0    ; no bokeh simulation on slight out of focus]]
[2024.02.22-02.21.10:972][  0]LogConfig: Setting CVar [[r.DOF.TemporalAAQuality:1                ; more stable temporal accumulation]]
[2024.02.22-02.21.10:972][  0]LogConfig: Setting CVar [[r.DOF.Kernel.MaxForegroundRadius:0.025]]
[2024.02.22-02.21.10:972][  0]LogConfig: Setting CVar [[r.DOF.Kernel.MaxBackgroundRadius:0.025]]
[2024.02.22-02.21.10:972][  0]LogConfig: Applying CVar settings from Section [TextureQuality@3] File [C:/Users/MSI/Documents/GitHub/Arena-Battle/ArenaBattle/Saved/Config/Windows/Scalability.ini]
[2024.02.22-02.21.10:972][  0]LogConfig: Setting CVar [[r.Streaming.MipBias:0]]
[2024.02.22-02.21.10:972][  0]LogConfig: Setting CVar [[r.Streaming.AmortizeCPUToGPUCopy:0]]
[2024.02.22-02.21.10:972][  0]LogConfig: Setting CVar [[r.Streaming.MaxNumTexturesToStreamPerFrame:0]]
[2024.02.22-02.21.10:972][  0]LogConfig: Setting CVar [[r.Streaming.Boost:1]]
[2024.02.22-02.21.10:972][  0]LogConfig: Setting CVar [[r.MaxAnisotropy:8]]
[2024.02.22-02.21.10:972][  0]LogConfig: Setting CVar [[r.VT.MaxAnisotropy:8]]
[2024.02.22-02.21.10:972][  0]LogConfig: Setting CVar [[r.Streaming.LimitPoolSizeToVRAM:0]]
[2024.02.22-02.21.10:972][  0]LogConfig: Setting CVar [[r.Streaming.PoolSize:1000]]
[2024.02.22-02.21.10:972][  0]LogConfig: Setting CVar [[r.Streaming.MaxEffectiveScreenSize:0]]
[2024.02.22-02.21.10:972][  0]LogConfig: Applying CVar settings from Section [EffectsQuality@3] File [C:/Users/MSI/Documents/GitHub/Arena-Battle/ArenaBattle/Saved/Config/Windows/Scalability.ini]
[2024.02.22-02.21.10:972][  0]LogConfig: Setting CVar [[r.TranslucencyLightingVolumeDim:64]]
[2024.02.22-02.21.10:972][  0]LogConfig: Setting CVar [[r.RefractionQuality:2]]
[2024.02.22-02.21.10:972][  0]LogConfig: Setting CVar [[r.SSR.Quality:3]]
[2024.02.22-02.21.10:972][  0]LogConfig: Setting CVar [[r.SSR.HalfResSceneColor:0]]
[2024.02.22-02.21.10:972][  0]LogConfig: Setting CVar [[r.SceneColorFormat:4]]
[2024.02.22-02.21.10:972][  0]LogConfig: Setting CVar [[r.DetailMode:2]]
[2024.02.22-02.21.10:972][  0]LogConfig: Setting CVar [[r.TranslucencyVolumeBlur:1]]
[2024.02.22-02.21.10:972][  0]LogConfig: Setting CVar [[r.MaterialQualityLevel:1 ; High quality]]
[2024.02.22-02.21.10:972][  0]LogConfig: Setting CVar [[r.AnisotropicMaterials:1]]
[2024.02.22-02.21.10:972][  0]LogConfig: Setting CVar [[r.SSS.Scale:1]]
[2024.02.22-02.21.10:973][  0]LogConfig: Setting CVar [[r.SSS.SampleSet:2]]
[2024.02.22-02.21.10:973][  0]LogConfig: Setting CVar [[r.SSS.Quality:1]]
[2024.02.22-02.21.10:973][  0]LogConfig: Setting CVar [[r.SSS.HalfRes:0]]
[2024.02.22-02.21.10:973][  0]LogConfig: Setting CVar [[r.SSGI.Quality:3]]
[2024.02.22-02.21.10:973][  0]LogConfig: Setting CVar [[r.EmitterSpawnRateScale:1.0]]
[2024.02.22-02.21.10:973][  0]LogConfig: Setting CVar [[r.ParticleLightQuality:2]]
[2024.02.22-02.21.10:973][  0]LogConfig: Setting CVar [[r.SkyAtmosphere.AerialPerspectiveLUT.FastApplyOnOpaque:1 ; Always have FastSkyLUT 1 in this case to avoid wrong sky]]
[2024.02.22-02.21.10:973][  0]LogConfig: Setting CVar [[r.SkyAtmosphere.AerialPerspectiveLUT.SampleCountMaxPerSlice:4]]
[2024.02.22-02.21.10:973][  0]LogConfig: Setting CVar [[r.SkyAtmosphere.AerialPerspectiveLUT.DepthResolution:16.0]]
[2024.02.22-02.21.10:973][  0]LogConfig: Setting CVar [[r.SkyAtmosphere.FastSkyLUT:1]]
[2024.02.22-02.21.10:973][  0]LogConfig: Setting CVar [[r.SkyAtmosphere.FastSkyLUT.SampleCountMin:4.0]]
[2024.02.22-02.21.10:973][  0]LogConfig: Setting CVar [[r.SkyAtmosphere.FastSkyLUT.SampleCountMax:128.0]]
[2024.02.22-02.21.10:973][  0]LogConfig: Setting CVar [[r.SkyAtmosphere.SampleCountMin:4.0]]
[2024.02.22-02.21.10:973][  0]LogConfig: Setting CVar [[r.SkyAtmosphere.SampleCountMax:128.0]]
[2024.02.22-02.21.10:973][  0]LogConfig: Setting CVar [[r.SkyAtmosphere.TransmittanceLUT.UseSmallFormat:0]]
[2024.02.22-02.21.10:973][  0]LogConfig: Setting CVar [[r.SkyAtmosphere.TransmittanceLUT.SampleCount:10.0]]
[2024.02.22-02.21.10:973][  0]LogConfig: Setting CVar [[r.SkyAtmosphere.MultiScatteringLUT.SampleCount:15.0]]
[2024.02.22-02.21.10:973][  0]LogConfig: Setting CVar [[r.SkyLight.RealTimeReflectionCapture:1]]
[2024.02.22-02.21.10:973][  0]LogConfig: Applying CVar settings from Section [FoliageQuality@3] File [C:/Users/MSI/Documents/GitHub/Arena-Battle/ArenaBattle/Saved/Config/Windows/Scalability.ini]
[2024.02.22-02.21.10:973][  0]LogConfig: Setting CVar [[foliage.DensityScale:1.0]]
[2024.02.22-02.21.10:973][  0]LogConfig: Setting CVar [[grass.DensityScale:1.0]]
[2024.02.22-02.21.10:973][  0]LogConfig: Applying CVar settings from Section [ShadingQuality@3] File [C:/Users/MSI/Documents/GitHub/Arena-Battle/ArenaBattle/Saved/Config/Windows/Scalability.ini]
[2024.02.22-02.21.10:973][  0]LogConfig: Setting CVar [[r.HairStrands.SkyLighting.IntegrationType:2]]
[2024.02.22-02.21.10:973][  0]LogConfig: Setting CVar [[r.HairStrands.SkyAO.SampleCount:4]]
[2024.02.22-02.21.10:973][  0]LogConfig: Setting CVar [[r.HairStrands.Visibility.MSAA.SamplePerPixel:4]]
[2024.02.22-02.21.10:973][  0]LogConfig: Applying CVar settings from Section [Startup] File [../../../Engine/Config/ConsoleVariables.ini]
[2024.02.22-02.21.10:974][  0]LogConfig: Setting CVar [[net.UseAdaptiveNetUpdateFrequency:0]]
[2024.02.22-02.21.10:974][  0]LogConfig: Setting CVar [[p.chaos.AllowCreatePhysxBodies:1]]
[2024.02.22-02.21.10:974][  0]LogConfig: Setting CVar [[fx.SkipVectorVMBackendOptimizations:1]]
[2024.02.22-02.21.10:974][  0]LogConfig: Applying CVar settings from Section [ConsoleVariables] File [C:/Users/MSI/Documents/GitHub/Arena-Battle/ArenaBattle/Saved/Config/Windows/Engine.ini]
[2024.02.22-02.21.10:974][  0]LogConfig: Applying CVar settings from Section [ConsoleVariables] File [C:/Users/MSI/Documents/GitHub/Arena-Battle/ArenaBattle/Saved/Config/Windows/Editor.ini]
[2024.02.22-02.21.10:974][  0]LogInit: Computer: DESKTOP-VMPIQ2M
[2024.02.22-02.21.10:974][  0]LogInit: User: MSI
[2024.02.22-02.21.10:974][  0]LogInit: CPU Page size=4096, Cores=8
[2024.02.22-02.21.10:974][  0]LogInit: High frequency timer resolution =10.000000 MHz
[2024.02.22-02.21.10:974][  0]LogMemory: Memory total: Physical=31.7GB (32GB approx)
[2024.02.22-02.21.10:974][  0]LogMemory: Platform Memory Stats for Windows
[2024.02.22-02.21.10:974][  0]LogMemory: Process Physical Memory: 149.32 MB used, 149.32 MB peak
[2024.02.22-02.21.10:974][  0]LogMemory: Process Virtual Memory: 127.42 MB used, 127.42 MB peak
[2024.02.22-02.21.10:974][  0]LogMemory: Physical Memory: 8457.48 MB used,  24012.00 MB free, 32469.48 MB total
[2024.02.22-02.21.10:974][  0]LogMemory: Virtual Memory: 134190448.00 MB used,  27280.73 MB free, 134217728.00 MB total
[2024.02.22-02.21.10:990][  0]LogWindows: WindowsPlatformFeatures enabled
[2024.02.22-02.21.11:264][  0]LogInit: Physics initialised using underlying interface: PhysX
[2024.02.22-02.21.11:266][  0]LogInit: Using OS detected language (ko-KR).
[2024.02.22-02.21.11:266][  0]LogInit: Using OS detected locale (ko-KR).
[2024.02.22-02.21.11:276][  0]LogTextLocalizationManager: No specific localization for 'ko-KR' exists, so the 'ko' localization will be used.
[2024.02.22-02.21.11:444][  0]LogInit: Setting process to per monitor DPI aware
[2024.02.22-02.21.11:545][  0]LogWindowsTextInputMethodSystem: Display: IME system deactivated.
[2024.02.22-02.21.11:594][  0]LogSlate: New Slate User Created.  User Index 0, Is Virtual User: 0
[2024.02.22-02.21.11:594][  0]LogSlate: Slate User Registered.  User Index 0, Is Virtual User: 0
[2024.02.22-02.21.12:224][  0]LogD3D11RHI: Loaded GFSDK_Aftermath_Lib.x64.dll
[2024.02.22-02.21.12:258][  0]LogHMD: Failed to initialize OpenVR with code 110
[2024.02.22-02.21.12:258][  0]LogD3D11RHI: D3D11 min allowed feature level: 11_0
[2024.02.22-02.21.12:258][  0]LogD3D11RHI: D3D11 max allowed feature level: 11_0
[2024.02.22-02.21.12:258][  0]LogD3D11RHI: D3D11 adapters:
[2024.02.22-02.21.12:726][  0]LogD3D11RHI:    0. 'NVIDIA GeForce RTX 3060 Laptop GPU' (Feature Level 11_0)
[2024.02.22-02.21.12:726][  0]LogD3D11RHI:       6010/0/16234 MB DedicatedVideo/DedicatedSystem/SharedSystem, Outputs:1, VendorId:0x10de
[2024.02.22-02.21.12:794][  0]LogD3D11RHI:    1. 'Intel(R) UHD Graphics' (Feature Level 11_0)
[2024.02.22-02.21.12:794][  0]LogD3D11RHI:       128/0/16234 MB DedicatedVideo/DedicatedSystem/SharedSystem, Outputs:0, VendorId:0x8086
[2024.02.22-02.21.12:797][  0]LogD3D11RHI:    2. 'Microsoft Basic Render Driver' (Feature Level 11_0)
[2024.02.22-02.21.12:797][  0]LogD3D11RHI:       0/0/16234 MB DedicatedVideo/DedicatedSystem/SharedSystem, Outputs:0, VendorId:0x1414
[2024.02.22-02.21.12:797][  0]LogD3D11RHI: Chosen D3D11 Adapter:
[2024.02.22-02.21.12:797][  0]LogD3D11RHI:     Description : NVIDIA GeForce RTX 3060 Laptop GPU
[2024.02.22-02.21.12:798][  0]LogD3D11RHI:     VendorId    : 10de
[2024.02.22-02.21.12:798][  0]LogD3D11RHI:     DeviceId    : 2520
[2024.02.22-02.21.12:798][  0]LogD3D11RHI:     SubSysId    : 12ea1462
[2024.02.22-02.21.12:798][  0]LogD3D11RHI:     Revision    : 00a1
[2024.02.22-02.21.12:798][  0]LogD3D11RHI:     DedicatedVideoMemory : 6301941760 bytes
[2024.02.22-02.21.12:798][  0]LogD3D11RHI:     DedicatedSystemMemory : 0 bytes
[2024.02.22-02.21.12:798][  0]LogD3D11RHI:     SharedSystemMemory : 17023361024 bytes
[2024.02.22-02.21.12:798][  0]LogD3D11RHI:     AdapterLuid : 0 60821
[2024.02.22-02.21.12:805][  0]LogD3D11RHI: Creating new Direct3DDevice
[2024.02.22-02.21.12:805][  0]LogD3D11RHI:     GPU DeviceId: 0x2520 (for the marketing name, search the web for "GPU Device Id")
[2024.02.22-02.21.12:805][  0]LogWindows: EnumDisplayDevices:
[2024.02.22-02.21.12:806][  0]LogWindows:    0. 'Intel(R) UHD Graphics' (P:1 D:1)
[2024.02.22-02.21.12:807][  0]LogWindows:    1. 'Intel(R) UHD Graphics' (P:0 D:0)
[2024.02.22-02.21.12:808][  0]LogWindows:    2. 'Intel(R) UHD Graphics' (P:0 D:0)
[2024.02.22-02.21.12:809][  0]LogWindows:    3. 'Intel(R) UHD Graphics' (P:0 D:0)
[2024.02.22-02.21.12:811][  0]LogWindows:    4. 'NVIDIA GeForce RTX 3060 Laptop GPU' (P:0 D:0)
[2024.02.22-02.21.12:812][  0]LogWindows: DebugString: PrimaryIsNotTheChoosenAdapter PrimaryIsNotTheChoosenAdapter PrimaryIsNotTheChoosenAdapter PrimaryIsNotTheChoosenAdapter 
[2024.02.22-02.21.12:812][  0]LogD3D11RHI:     Adapter Name: NVIDIA GeForce RTX 3060 Laptop GPU
[2024.02.22-02.21.12:812][  0]LogD3D11RHI:   Driver Version: 546.33 (internal:31.0.15.4633, unified:546.33)
[2024.02.22-02.21.12:812][  0]LogD3D11RHI:      Driver Date: 12-6-2023
[2024.02.22-02.21.12:812][  0]LogRHI: Texture pool is 4207 MB (70% of 6010 MB)
[2024.02.22-02.21.12:812][  0]LogD3D11RHI: Creating D3DDevice using adapter:
[2024.02.22-02.21.12:812][  0]LogD3D11RHI:     Description : NVIDIA GeForce RTX 3060 Laptop GPU
[2024.02.22-02.21.12:812][  0]LogD3D11RHI:     VendorId    : 10de
[2024.02.22-02.21.12:812][  0]LogD3D11RHI:     DeviceId    : 2520
[2024.02.22-02.21.12:812][  0]LogD3D11RHI:     SubSysId    : 12ea1462
[2024.02.22-02.21.12:812][  0]LogD3D11RHI:     Revision    : 00a1
[2024.02.22-02.21.12:812][  0]LogD3D11RHI:     DedicatedVideoMemory : 6301941760 bytes
[2024.02.22-02.21.12:812][  0]LogD3D11RHI:     DedicatedSystemMemory : 0 bytes
[2024.02.22-02.21.12:812][  0]LogD3D11RHI:     SharedSystemMemory : 17023361024 bytes
[2024.02.22-02.21.12:812][  0]LogD3D11RHI:     AdapterLuid : 0 60821
[2024.02.22-02.21.13:052][  0]LogD3D11RHI: RHI has support for 64 bit atomics
[2024.02.22-02.21.13:053][  0]LogD3D11RHI: Async texture creation enabled
[2024.02.22-02.21.13:053][  0]LogD3D11RHI: Array index from any shader is supported
[2024.02.22-02.21.13:084][  0]LogD3D11RHI: GPU Timing Frequency: 1000.000000 (Debug: 2 2)
[2024.02.22-02.21.13:196][  0]LogRHI: GeForceNow SDK initialized: 1
[2024.02.22-02.21.13:892][  0]LogTargetPlatformManager: Display: Loaded TargetPlatform 'AllDesktop'
[2024.02.22-02.21.13:924][  0]LogTargetPlatformManager: Display: Loaded TargetPlatform 'Android'
[2024.02.22-02.21.13:924][  0]LogTargetPlatformManager: Display: Loaded TargetPlatform 'Android_ASTC'
[2024.02.22-02.21.13:924][  0]LogTargetPlatformManager: Display: Loaded TargetPlatform 'Android_DXT'
[2024.02.22-02.21.13:924][  0]LogTargetPlatformManager: Display: Loaded TargetPlatform 'Android_ETC2'
[2024.02.22-02.21.13:924][  0]LogTargetPlatformManager: Display: Loaded TargetPlatform 'AndroidClient'
[2024.02.22-02.21.13:924][  0]LogTargetPlatformManager: Display: Loaded TargetPlatform 'Android_ASTCClient'
[2024.02.22-02.21.13:924][  0]LogTargetPlatformManager: Display: Loaded TargetPlatform 'Android_DXTClient'
[2024.02.22-02.21.13:924][  0]LogTargetPlatformManager: Display: Loaded TargetPlatform 'Android_ETC2Client'
[2024.02.22-02.21.13:924][  0]LogTargetPlatformManager: Display: Loaded TargetPlatform 'Android_Multi'
[2024.02.22-02.21.13:924][  0]LogTargetPlatformManager: Display: Loaded TargetPlatform 'Android_MultiClient'
[2024.02.22-02.21.13:955][  0]LogTargetPlatformManager: Display: Loaded TargetPlatform 'IOSClient'
[2024.02.22-02.21.13:955][  0]LogTargetPlatformManager: Display: Loaded TargetPlatform 'IOS'
[2024.02.22-02.21.13:976][  0]LogTargetPlatformManager: Display: Loaded TargetPlatform 'Linux'
[2024.02.22-02.21.13:986][  0]LogTargetPlatformManager: Display: Loaded TargetPlatform 'LinuxNoEditor'
[2024.02.22-02.21.13:993][  0]LogTargetPlatformManager: Display: Loaded TargetPlatform 'LinuxClient'
[2024.02.22-02.21.14:000][  0]LogTargetPlatformManager: Display: Loaded TargetPlatform 'LinuxServer'
[2024.02.22-02.21.14:014][  0]LogTargetPlatformManager: Display: Loaded TargetPlatform 'LinuxAArch64NoEditor'
[2024.02.22-02.21.14:020][  0]LogTargetPlatformManager: Display: Loaded TargetPlatform 'LinuxAArch64Client'
[2024.02.22-02.21.14:028][  0]LogTargetPlatformManager: Display: Loaded TargetPlatform 'LinuxAArch64Server'
[2024.02.22-02.21.14:064][  0]LogTargetPlatformManager: Display: Loaded TargetPlatform 'Lumin'
[2024.02.22-02.21.14:064][  0]LogTargetPlatformManager: Display: Loaded TargetPlatform 'LuminClient'
[2024.02.22-02.21.14:081][  0]LogTargetPlatformManager: Display: Loaded TargetPlatform 'MacNoEditor'
[2024.02.22-02.21.14:088][  0]LogTargetPlatformManager: Display: Loaded TargetPlatform 'Mac'
[2024.02.22-02.21.14:096][  0]LogTargetPlatformManager: Display: Loaded TargetPlatform 'MacClient'
[2024.02.22-02.21.14:105][  0]LogTargetPlatformManager: Display: Loaded TargetPlatform 'MacServer'
[2024.02.22-02.21.14:124][  0]LogTargetPlatformManager: Display: Loaded TargetPlatform 'TVOSClient'
[2024.02.22-02.21.14:124][  0]LogTargetPlatformManager: Display: Loaded TargetPlatform 'TVOS'
[2024.02.22-02.21.14:140][  0]LogTargetPlatformManager: Display: Loaded TargetPlatform 'WindowsNoEditor'
[2024.02.22-02.21.14:152][  0]LogTargetPlatformManager: Display: Loaded TargetPlatform 'Windows'
[2024.02.22-02.21.14:162][  0]LogTargetPlatformManager: Display: Loaded TargetPlatform 'WindowsClient'
[2024.02.22-02.21.14:173][  0]LogTargetPlatformManager: Display: Loaded TargetPlatform 'WindowsServer'
[2024.02.22-02.21.14:173][  0]LogTargetPlatformManager: Display: Building Assets For Windows
[2024.02.22-02.21.14:193][  0]LogAudioDebug: Display: Lib vorbis DLL was dynamically loaded.
[2024.02.22-02.21.14:310][  0]LogTextureFormatOodle: Display: Oodle Texture 2.9.0 init RDO Off
[2024.02.22-02.21.14:409][  0]LogRendererCore: Ray tracing is disabled. Reason: r.RayTracing=0.
[2024.02.22-02.21.14:409][  0]LogShaderCompilers: Guid format shader working directory is -25 characters bigger than the processId version (../../../../../../Users/MSI/Documents/GitHub/Arena-Battle/ArenaBattle/Intermediate/Shaders/WorkingDirectory/2400/).
[2024.02.22-02.21.14:410][  0]LogShaderCompilers: Cleaned the shader compiler working directory 'C:/Users/MSI/AppData/Local/Temp/UnrealShaderWorkingDir/1E25BEA94B1F2D396FFC299005AA52A5/'.
[2024.02.22-02.21.14:410][  0]LogXGEController: Cannot use XGE Controller as Incredibuild is not installed on this machine.
[2024.02.22-02.21.14:410][  0]LogShaderCompilers: Cannot use XGE Shader Compiler as Incredibuild is not installed on this machine.
[2024.02.22-02.21.14:410][  0]LogShaderCompilers: Display: Using Local Shader Compiler.
[2024.02.22-02.21.15:507][  0]LogDerivedDataCache: Display: Max Cache Size: 512 MB
[2024.02.22-02.21.15:589][  0]LogDerivedDataCache: Loaded boot cache 0.08s 110MB C:/Users/MSI/AppData/Local/UnrealEngine/4.27/DerivedDataCache/Boot.ddc.
[2024.02.22-02.21.15:590][  0]LogDerivedDataCache: Display: Loaded Boot cache: C:/Users/MSI/AppData/Local/UnrealEngine/4.27/DerivedDataCache/Boot.ddc
[2024.02.22-02.21.15:590][  0]LogDerivedDataCache: FDerivedDataBackendGraph:  Pak pak cache file ../../../../../../Users/MSI/Documents/GitHub/Arena-Battle/ArenaBattle/DerivedDataCache/DDC.ddp not found, will not use a pak cache.
[2024.02.22-02.21.15:590][  0]LogDerivedDataCache: Unable to find inner node Pak for hierarchical cache Hierarchy.
[2024.02.22-02.21.15:590][  0]LogDerivedDataCache: FDerivedDataBackendGraph:  CompressedPak pak cache file ../../../../../../Users/MSI/Documents/GitHub/Arena-Battle/ArenaBattle/DerivedDataCache/Compressed.ddp not found, will not use a pak cache.
[2024.02.22-02.21.15:590][  0]LogDerivedDataCache: Unable to find inner node CompressedPak for hierarchical cache Hierarchy.
[2024.02.22-02.21.15:611][  0]LogDerivedDataCache: Display: Pak cache opened for reading ../../../Engine/DerivedDataCache/Compressed.ddp.
[2024.02.22-02.21.15:611][  0]LogDerivedDataCache: FDerivedDataBackendGraph:  EnterprisePak pak cache file ../../../Enterprise/DerivedDataCache/Compressed.ddp not found, will not use a pak cache.
[2024.02.22-02.21.15:611][  0]LogDerivedDataCache: Unable to find inner node EnterprisePak for hierarchical cache Hierarchy.
[2024.02.22-02.21.15:623][  0]LogDerivedDataCache: Speed tests for C:/Users/MSI/AppData/Local/UnrealEngine/Common/DerivedDataCache took 0.01 seconds
[2024.02.22-02.21.15:623][  0]LogDerivedDataCache: Display: Performance to C:/Users/MSI/AppData/Local/UnrealEngine/Common/DerivedDataCache: Latency=0.08ms. RandomReadSpeed=423.41MBs, RandomWriteSpeed=102.83MBs. Assigned SpeedClass 'Local'
[2024.02.22-02.21.15:625][  0]LogDerivedDataCache: Using Local data cache path C:/Users/MSI/AppData/Local/UnrealEngine/Common/DerivedDataCache: Writable
[2024.02.22-02.21.15:625][  0]LogDerivedDataCache: Shared data cache path not found in *engine.ini, will not use an Shared cache.
[2024.02.22-02.21.15:625][  0]LogDerivedDataCache: Unable to find inner node Shared for hierarchical cache Hierarchy.
[2024.02.22-02.21.15:717][  0]LogSlate: Using FreeType 2.10.0
[2024.02.22-02.21.15:719][  0]LogSlate: SlateFontServices - WITH_FREETYPE: 1, WITH_HARFBUZZ: 1
[2024.02.22-02.21.15:802][  0]LogAssetRegistry: FAssetRegistry took 0.0059 seconds to start up
[2024.02.22-02.21.16:285][  0]LogInit: Selected Device Profile: [Windows]
[2024.02.22-02.21.16:285][  0]LogInit: Active device profile: [0000021B3443E600][0000021B2BFAE380 49] Windows
[2024.02.22-02.21.16:285][  0]LogInit: Profiles: [0000021B3443E600][0000021B2BFAE380 49] Windows, [0000021B343A9C00][0000021B2C624500 49] WindowsNoEditor, [0000021B3443DC00][0000021B2C630680 49] WindowsServer, [0000021B343A9700][0000021B2C634800 49] WindowsClient, [0000021B3443D600][0000021B2C618940 49] IOS, [0000021B343ABC00][0000021B2C63CA80 49] iPadAir, [0000021B3443E900][0000021B34FD8BC0 49] iPadAir2, [0000021B341DA900][0000021B2C9C0E40 49] IPadPro, [0000021B341DAA00][0000021B34D1CE80 49] iPadAir3, [0000021B3443C100][0000021B34D41000 49] iPadAir4, [0000021B341D8700][0000021B33BD3180 49] iPadMini2, [0000021B3443D400][0000021B33BD7300 49] iPadMini3, [0000021B341DB000][0000021B33BDB480 49] iPadMini4, [0000021B3443DD00][0000021B34D45600 49] iPadMini5, [0000021B3422A200][0000021B2C9C98C0 49] iPhone6, [0000021B3422A300][0000021B2C9C5900 49] iPodTouch6, [0000021B341D9600][0000021B2C9D1BC0 49] iPhone7, [0000021B341D9500][0000021B2C9CDC00 49] iPodTouch7, [0000021B3422AB00][0000021B2C9D8200 49] iPhone5S, [0000021B341DB800][0000021B353F0380 49] iPhone6Plus, [0000021B34229C00][0000021B353F4500 49] iPhone6S, [0000021B341D8F00][0000021B34D0A680 49] iPhone6SPlus, [0000021B34229800][0000021B353F8800 49] iPhone7Plus, [0000021B341D9000][0000021B353FC980 49] iPhoneSE, [0000021B3422A600][0000021B2C37EB00 49] iPhone8, [0000021B341DAE00][0000021B2C9BCC40 49] iPhone8Plus, [0000021B3422BC00][0000021B350F6D80 49] iPhoneX, [0000021B341D9900][0000021B350FAEC0 49] iPhoneXS, [0000021B34228900][0000021B2C349040 49] iPhoneXSMax, [0000021B341DBB00][0000021B2C34D1C0 49] iPhoneXR, [0000021B3422B300][0000021B2C351340 49] iPhone11, [0000021B341D8600][0000021B2C3554C0 49] iPhone11Pro, [0000021B34228D00][0000021B2C359640 49] iPhone11ProMax, [0000021B341DA700][0000021B2C35D7C0 49] iPhoneSE2, [0000021B34228200][0000021B2C641940 49] iPhone12Mini, [0000021B341D8500][0000021B2C375AC0 49] iPhone12, [0000021B34229100][0000021B2C3780C0 49] iPhone12Pro, [0000021B341DAF00][0000021B34D28240 49] iPhone12ProMax, [0000021B3422BF00][0000021B34D2C3C0 49] iPadPro105, [0000021B341D8400][0000021B34D30540 49] iPadPro129, [0000021B3422B900][0000021B34D386C0 49] iPadPro97, [0000021B341DB100][0000021B34D3C840 49] iPadPro2_129, [0000021B34229400][0000021B33A549C0 49] iPad5, [0000021B341D9100][0000021B33A58B40 49] iPad6, [0000021B34228A00][0000021B33A74CC0 49] iPad7, [0000021B341DA100][0000021B2C344E00 49] iPad8, [0000021B345C9400][0000021B33A78F40 49] iPadPro11, [0000021B343AB000][0000021B33A7D080 49] iPadPro2_11, [0000021B345C9300][0000021B33A811C0 49] iPadPro3_129, [0000021B343AB700][0000021B33A89340 49] iPadPro4_129, [0000021B345C8D00][0000021B353ED4C0 49] AppleTV, [0000021B343A8700][0000021B34D35640 49] AppleTV4K, [0000021B345C8E00][0000021B2C6397C0 49] TVOS, [0000021B343A8F00][0000021B34FA9940 49] Mac, [0000021B345C8800][0000021B34FADAC0 49] MacClient, [0000021B34228300][0000021B34FB00C0 49] MacNoEditor, [0000021B345C8500][0000021B34FB4240 49] MacServer, [0000021B3422A900][0000021B34FB83C0 49] Linux, [0000021B343AAE00][0000021B34FBC540 49] LinuxAArch64, [0000021B34228F00][0000021B34FC06C0 49] LinuxNoEditor, [0000021B343A9400][0000021B34FC4840 49] LinuxAArch64NoEditor, [0000021B341DB500][0000021B34FC89C0 49] LinuxClient, [0000021B343AB400][0000021B34FCCB40 49] LinuxAArch64Client, [0000021B341D8C00][0000021B33A8CCC0 49] LinuxServer, [0000021B343AAC00][0000021B33A90E40 49] LinuxAArch64Server, [0000021B341D9F00][0000021B33A84F80 49] Android, [0000021B343A9A00][0000021B33A950C0 49] Android_Low, [0000021B341DBA00][0000021B33A99200 49] Android_Mid, [0000021B343A9000][0000021B33A9D340 49] Android_High, [0000021B341DAB00][0000021B33AA54C0 49] Android_Default, [0000021B343AA700][0000021B33AA9640 49] Android_Adreno4xx, [0000021B341DA600][0000021B33AAD7C0 49] Android_Adreno5xx_Low, [0000021B343A8C00][0000021B33AB1940 49] Android_Adreno5xx, [0000021B341DA400][0000021B33AB5AC0 49] Android_Adreno6xx, [0000021B343AA200][0000021B33AB80C0 49] Android_Adreno6xx_Vulkan, [0000021B341D8B00][0000021B33ABC240 49] Android_Mali_T6xx, [0000021B343AAF00][0000021B33AC03C0 49] Android_Mali_T7xx, [0000021B341DBD00][0000021B2C644540 49] Android_Mali_T8xx, [0000021B343A8300][0000021B2C6486C0 49] Android_Mali_G71, [0000021B341D9E00][0000021B2C64C840 49] Android_Mali_G72, [0000021B343A8400][0000021B2C6509C0 49] Android_Mali_G72_Vulkan, [0000021B341D9A00][0000021B2C654B40 49] Android_Mali_G76, [0000021B343AB600][0000021B2C658CC0 49] Android_Mali_G76_Vulkan, [0000021B341D9800][0000021B2C65CE40 49] Android_Mali_G77, [0000021B343A9300][0000021B2C660FC0 49] Android_Mali_G77_Vulkan, [0000021B341DB900][0000021B35043140 49] Android_Mali_G78, [0000021B343A8100][0000021B33AA1280 49] Android_Mali_G78_Vulkan, [0000021B341D8D00][0000021B350473C0 49] Android_Mali_G710, [0000021B343A8500][0000021B3504B500 49] Android_Mali_G710_Vulkan, [0000021B341DA000][0000021B35053680 49] Android_Vulkan_SM5, [0000021B343AB900][0000021B35057800 49] Android_PowerVR_G6xxx, [0000021B341D9400][0000021B3505B980 49] Android_PowerVR_GT7xxx, [0000021B343A8200][0000021B3505FB00 49] Android_PowerVR_GE8xxx, [0000021B341DBE00][0000021B35062100 49] Android_PowerVR_GM9xxx, [0000021B343A9B00][0000021B35066280 49] Android_PowerVR_GM9xxx_Vulkan, [0000021B341DBF00][0000021B3506A400 49] Android_TegraK1, [0000021B343ABA00][0000021B3506E580 49] Android_Unknown_Vulkan, [0000021B341DA200][0000021B35072700 49] Lumin, [0000021B343A8A00][0000021B35076880 49] Lumin_Desktop, [0000021B341D9B00][0000021B3507AA00 49] HoloLens, 
[2024.02.22-02.21.16:505][  0]LogMeshReduction: Using QuadricMeshReduction for automatic static mesh reduction
[2024.02.22-02.21.16:505][  0]LogMeshReduction: Using SimplygonMeshReduction for automatic skeletal mesh reduction
[2024.02.22-02.21.16:505][  0]LogMeshReduction: Using ProxyLODMeshReduction for automatic mesh merging
[2024.02.22-02.21.16:505][  0]LogMeshReduction: No distributed automatic mesh merging module available
[2024.02.22-02.21.16:505][  0]LogMeshMerging: No distributed automatic mesh merging module available
[2024.02.22-02.21.16:599][  0]LogNetVersion: ArenaBattle 1.0.0, NetCL: 17155196, EngineNetVer: 17, GameNetVer: 0 (Checksum: 2964408555)
[2024.02.22-02.21.17:568][  0]LogTexture: Default maximum texture size for cubemaps generated from long-lat sources has been changed from 512 to unlimited. In order to preserve old behaiour for '/Engine/MapTemplates/Sky/DaylightAmbientCubemap.DaylightAmbientCubemap', its maximum texture size has been explicitly set to 512.
[2024.02.22-02.21.17:660][  0]LogHMD: PokeAHoleMaterial loaded successfully
[2024.02.22-02.21.17:668][  0]LogUObjectArray: 17178 objects as part of root set at end of initial load.
[2024.02.22-02.21.17:668][  0]LogUObjectAllocator: 4302048 out of 0 bytes used by permanent object pool.
[2024.02.22-02.21.17:668][  0]LogUObjectArray: CloseDisregardForGC: 0/0 objects in disregard for GC pool
[2024.02.22-02.21.18:677][  0]LogNiagaraDebuggerClient: Niagara Debugger Client Initialized | Session: B856229B4F5FA232D136CD87F95A2E67 | Instance: 0C054E6C4626A9F2FE6D2E9B85A1857D (DESKTOP-VMPIQ2M-2400).
[2024.02.22-02.21.18:779][  0]LogTcpMessaging: Initializing TcpMessaging bridge
[2024.02.22-02.21.18:797][  0]LogUdpMessaging: Initializing bridge on interface 0.0.0.0:0 to multicast group 230.0.0.1:6666.
[2024.02.22-02.21.18:836][  0]LogPython: Using Python 3.7.7
[2024.02.22-02.21.19:673][  0]LogOutputDevice: Warning: 

Script Stack (0 frames):

[2024.02.22-02.21.19:673][  0]LogWindows: Windows GetLastError: 작업을 완료했습니다. (0)
[2024.02.22-02.21.27:949][  0]LogWindows: Failed to preload 'C:/Users/MSI/Documents/GitHub/Arena-Battle/ArenaBattle/Binaries/Win64/UE4Editor-ArenaBattleSetting-0007.dll' (GetLastError=1114)
[2024.02.22-02.21.27:961][  0]LogWindows: Error: Error reentered: Assertion failed: GIsHotReload [File:D:/Build/++UE4/Sync/Engine/Source/Runtime/CoreUObject/Private/UObject/UObjectBase.cpp] [Line: 704] 
Trying to recreate class 'UABCharacterSetting' outside of hot reload!

[2024.02.22-02.21.33:310][  0]LogWindows: Failed to load 'C:/Users/MSI/Documents/GitHub/Arena-Battle/ArenaBattle/Binaries/Win64/UE4Editor-ArenaBattle-8520.dll' (GetLastError=1114)
[2024.02.22-02.21.33:311][  0]LogWindows:   Missing import: UE4Editor-ArenaBattleSetting-0007.dll
[2024.02.22-02.21.33:311][  0]LogWindows:   Looked in: ../../../Engine/Binaries/Win64
[2024.02.22-02.21.33:311][  0]LogWindows:   Looked in: ../../../../../../Users/MSI/Documents/GitHub/Arena-Battle/ArenaBattle/Binaries/Win64
[2024.02.22-02.21.33:311][  0]LogWindows:   Looked in: C:\Users\MSI\Documents\GitHub\Arena-Battle\ArenaBattle\Binaries\Win64
[2024.02.22-02.21.33:311][  0]LogWindows:   Looked in: C:\Program Files\Epic Games\UE_4.27\Engine\Plugins\MeshPainting\Binaries\Win64
[2024.02.22-02.21.33:311][  0]LogWindows:   Looked in: C:\Program Files\Epic Games\UE_4.27\Engine\Plugins\Experimental\GeometryProcessing\Binaries\Win64
[2024.02.22-02.21.33:311][  0]LogWindows:   Looked in: C:\Program Files\Epic Games\UE_4.27\Engine\Plugins\XGEController\Binaries\Win64
[2024.02.22-02.21.33:311][  0]LogWindows:   Looked in: C:\Program Files\Epic Games\UE_4.27\Engine\Plugins\2D\Paper2D\Binaries\Win64
[2024.02.22-02.21.33:311][  0]LogWindows:   Looked in: C:\Program Files\Epic Games\UE_4.27\Engine\Plugins\AI\AISupport\Binaries\Win64
[2024.02.22-02.21.33:311][  0]LogWindows:   Looked in: C:\Program Files\Epic Games\UE_4.27\Engine\Plugins\AI\EnvironmentQueryEditor\Binaries\Win64
[2024.02.22-02.21.33:311][  0]LogWindows:   Looked in: C:\Program Files\Epic Games\UE_4.27\Engine\Plugins\Cameras\CameraShakePreviewer\Binaries\Win64
[2024.02.22-02.21.33:311][  0]LogWindows:   Looked in: C:\Program Files\Epic Games\UE_4.27\Engine\Plugins\Cameras\GameplayCameras\Binaries\Win64
[2024.02.22-02.21.33:311][  0]LogWindows:   Looked in: C:\Program Files\Epic Games\UE_4.27\Engine\Plugins\MovieScene\TemplateSequence\Binaries\Win64
[2024.02.22-02.21.33:311][  0]LogWindows:   Looked in: C:\Program Files\Epic Games\UE_4.27\Engine\Plugins\MovieScene\LevelSequenceEditor\Binaries\Win64
[2024.02.22-02.21.33:311][  0]LogWindows:   Looked in: C:\Program Files\Epic Games\UE_4.27\Engine\Plugins\Compression\OodleData\Binaries\Win64
[2024.02.22-02.21.33:311][  0]LogWindows:   Looked in: C:\Program Files\Epic Games\UE_4.27\Engine\Plugins\Blendables\LightPropagationVolume\Binaries\Win64
[2024.02.22-02.21.33:311][  0]LogWindows:   Looked in: C:\Program Files\Epic Games\UE_4.27\Engine\Plugins\Compression\OodleNetwork\Binaries\Win64
[2024.02.22-02.21.33:311][  0]LogWindows:   Looked in: C:\Program Files\Epic Games\UE_4.27\Engine\Plugins\Developer\CodeLiteSourceCodeAccess\Binaries\Win64
[2024.02.22-02.21.33:311][  0]LogWindows:   Looked in: C:\Program Files\Epic Games\UE_4.27\Engine\Plugins\Developer\AnimationSharing\Binaries\Win64
[2024.02.22-02.21.33:311][  0]LogWindows:   Looked in: C:\Program Files\Epic Games\UE_4.27\Engine\Plugins\Runtime\SignificanceManager\Binaries\Win64
[2024.02.22-02.21.33:311][  0]LogWindows:   Looked in: C:\Program Files\Epic Games\UE_4.27\Engine\Plugins\Developer\CLionSourceCodeAccess\Binaries\Win64
[2024.02.22-02.21.33:311][  0]LogWindows:   Looked in: C:\Program Files\Epic Games\UE_4.27\Engine\Plugins\Developer\KDevelopSourceCodeAccess\Binaries\Win64
[2024.02.22-02.21.33:311][  0]LogWindows:   Looked in: C:\Program Files\Epic Games\UE_4.27\Engine\Plugins\Developer\NullSourceCodeAccess\Binaries\Win64
[2024.02.22-02.21.33:311][  0]LogWindows:   Looked in: C:\Program Files\Epic Games\UE_4.27\Engine\Plugins\Developer\PerforceSourceControl\Binaries\Win64
[2024.02.22-02.21.33:311][  0]LogWindows:   Looked in: C:\Program Files\Epic Games\UE_4.27\Engine\Plugins\Developer\PixWinPlugin\Binaries\Win64
[2024.02.22-02.21.33:311][  0]LogWindows:   Looked in: C:\Program Files\Epic Games\UE_4.27\Engine\Plugins\Developer\GitSourceControl\Binaries\Win64
[2024.02.22-02.21.33:311][  0]LogWindows:   Looked in: C:\Program Files\Epic Games\UE_4.27\Engine\Plugins\Developer\PluginUtils\Binaries\Win64
[2024.02.22-02.21.33:311][  0]LogWindows:   Looked in: C:\Program Files\Epic Games\UE_4.27\Engine\Plugins\Developer\PlasticSourceControl\Binaries\Win64
[2024.02.22-02.21.33:311][  0]LogWindows:   Looked in: C:\Program Files\Epic Games\UE_4.27\Engine\Plugins\Developer\PropertyAccessNode\Binaries\Win64
[2024.02.22-02.21.33:311][  0]LogWindows:   Looked in: C:\Program Files\Epic Games\UE_4.27\Engine\Plugins\Runtime\PropertyAccess\Binaries\Win64
[2024.02.22-02.21.33:311][  0]LogWindows:   Looked in: C:\Program Files\Epic Games\UE_4.27\Engine\Plugins\Developer\TextureFormatOodle\Binaries\Win64
[2024.02.22-02.21.33:311][  0]LogWindows:   Looked in: C:\Program Files\Epic Games\UE_4.27\Engine\Plugins\Developer\UObjectPlugin\Binaries\Win64
[2024.02.22-02.21.33:311][  0]LogWindows:   Looked in: C:\Program Files\Epic Games\UE_4.27\Engine\Plugins\Developer\RiderSourceCodeAccess\Binaries\Win64
[2024.02.22-02.21.33:311][  0]LogWindows:   Looked in: C:\Program Files\Epic Games\UE_4.27\Engine\Plugins\Developer\SubversionSourceControl\Binaries\Win64
[2024.02.22-02.21.33:311][  0]LogWindows:   Looked in: C:\Program Files\Epic Games\UE_4.27\Engine\Plugins\Developer\VisualStudioCodeSourceCodeAccess\Binaries\Win64
[2024.02.22-02.21.33:311][  0]LogWindows:   Looked in: C:\Program Files\Epic Games\UE_4.27\Engine\Plugins\Developer\XCodeSourceCodeAccess\Binaries\Win64
[2024.02.22-02.21.33:311][  0]LogWindows:   Looked in: C:\Program Files\Epic Games\UE_4.27\Engine\Plugins\Developer\VisualStudioSourceCodeAccess\Binaries\Win64
[2024.02.22-02.21.33:311][  0]LogWindows:   Looked in: C:\Program Files\Epic Games\UE_4.27\Engine\Plugins\Enterprise\DatasmithContent\Binaries\Win64
[2024.02.22-02.21.33:311][  0]LogWindows:   Looked in: C:\Program Files\Epic Games\UE_4.27\Engine\Plugins\Enterprise\VariantManagerContent\Binaries\Win64
[2024.02.22-02.21.33:311][  0]LogWindows:   Looked in: C:\Program Files\Epic Games\UE_4.27\Engine\Plugins\Editor\AssetManagerEditor\Binaries\Win64
[2024.02.22-02.21.33:311][  0]LogWindows:   Looked in: C:\Program Files\Epic Games\UE_4.27\Engine\Plugins\Editor\CryptoKeys\Binaries\Win64
[2024.02.22-02.21.33:311][  0]LogWindows:   Looked in: C:\Program Files\Epic Games\UE_4.27\Engine\Plugins\Editor\CurveEditorTools\Binaries\Win64
[2024.02.22-02.21.33:311][  0]LogWindows:   Looked in: C:\Program Files\Epic Games\UE_4.27\Engine\Plugins\Editor\DataValidation\Binaries\Win64
[2024.02.22-02.21.33:311][  0]LogWindows:   Looked in: C:\Program Files\Epic Games\UE_4.27\Engine\Plugins\Editor\GameplayTagsEditor\Binaries\Win64
[2024.02.22-02.21.33:311][  0]LogWindows:   Looked in: C:\Program Files\Epic Games\UE_4.27\Engine\Plugins\Editor\FacialAnimation\Binaries\Win64
[2024.02.22-02.21.33:311][  0]LogWindows:   Looked in: C:\Program Files\Epic Games\UE_4.27\Engine\Plugins\Editor\GeometryMode\Binaries\Win64
[2024.02.22-02.21.33:312][  0]LogWindows:   Looked in: C:\Program Files\Epic Games\UE_4.27\Engine\Plugins\Editor\MacGraphicsSwitching\Binaries\Win64
[2024.02.22-02.21.33:312][  0]LogWindows:   Looked in: C:\Program Files\Epic Games\UE_4.27\Engine\Plugins\Editor\MaterialAnalyzer\Binaries\Win64
[2024.02.22-02.21.33:312][  0]LogWindows:   Looked in: C:\Program Files\Epic Games\UE_4.27\Engine\Plugins\Editor\MobileLauncherProfileWizard\Binaries\Win64
[2024.02.22-02.21.33:312][  0]LogWindows:   Looked in: C:\Program Files\Epic Games\UE_4.27\Engine\Plugins\Editor\SpeedTreeImporter\Binaries\Win64
[2024.02.22-02.21.33:312][  0]LogWindows:   Looked in: C:\Program Files\Epic Games\UE_4.27\Engine\Plugins\Editor\PluginBrowser\Binaries\Win64
[2024.02.22-02.21.33:312][  0]LogWindows:   Looked in: C:\Program Files\Epic Games\UE_4.27\Engine\Plugins\Lumin\LuminPlatformFeatures\Binaries\Win64
[2024.02.22-02.21.33:312][  0]LogWindows:   Looked in: C:\Program Files\Epic Games\UE_4.27\Engine\Plugins\Lumin\MLSDK\Binaries\Win64
[2024.02.22-02.21.33:312][  0]LogWindows:   Looked in: C:\Program Files\Epic Games\UE_4.27\Engine\Plugins\Lumin\MagicLeap\Binaries\Win64
[2024.02.22-02.21.33:312][  0]LogWindows:   Looked in: C:\Program Files\Epic Games\UE_4.27\Engine\Plugins\Lumin\MagicLeapPassableWorld\Binaries\Win64
[2024.02.22-02.21.33:312][  0]LogWindows:   Looked in: C:\Program Files\Epic Games\UE_4.27\Engine\Plugins\Lumin\MagicLeapLightEstimation\Binaries\Win64
[2024.02.22-02.21.33:312][  0]LogWindows:   Looked in: C:\Program Files\Epic Games\UE_4.27\Engine\Plugins\Lumin\MagicLeapMedia\Binaries\Win64
[2024.02.22-02.21.33:312][  0]LogWindows:   Looked in: C:\Program Files\Epic Games\UE_4.27\Engine\Plugins\Experimental\AlembicImporter\Binaries\Win64
[2024.02.22-02.21.33:312][  0]LogWindows:   Looked in: C:\Program Files\Epic Games\UE_4.27\Engine\Plugins\Experimental\GeometryCache\Binaries\Win64
[2024.02.22-02.21.33:312][  0]LogWindows:   Looked in: C:\Program Files\Epic Games\UE_4.27\Engine\Plugins\Experimental\AutomationUtils\Binaries\Win64
[2024.02.22-02.21.33:312][  0]LogWindows:   Looked in: C:\Program Files\Epic Games\UE_4.27\Engine\Plugins\Tests\ScreenshotTools\Binaries\Win64
[2024.02.22-02.21.33:312][  0]LogWindows:   Looked in: C:\Program Files\Epic Games\UE_4.27\Engine\Plugins\Experimental\BackChannel\Binaries\Win64
[2024.02.22-02.21.33:312][  0]LogWindows:   Looked in: C:\Program Files\Epic Games\UE_4.27\Engine\Plugins\Experimental\ChaosCloth\Binaries\Win64
[2024.02.22-02.21.33:312][  0]LogWindows:   Looked in: C:\Program Files\Epic Games\UE_4.27\Engine\Plugins\Experimental\ChaosClothEditor\Binaries\Win64
[2024.02.22-02.21.33:312][  0]LogWindows:   Looked in: C:\Program Files\Epic Games\UE_4.27\Engine\Plugins\Experimental\ChaosEditor\Binaries\Win64
[2024.02.22-02.21.33:312][  0]LogWindows:   Looked in: C:\Program Files\Epic Games\UE_4.27\Engine\Plugins\Experimental\PlanarCutPlugin\Binaries\Win64
[2024.02.22-02.21.33:312][  0]LogWindows:   Looked in: C:\Program Files\Epic Games\UE_4.27\Engine\Plugins\Runtime\EditableMesh\Binaries\Win64
[2024.02.22-02.21.33:312][  0]LogWindows:   Looked in: C:\Program Files\Epic Games\UE_4.27\Engine\Plugins\Experimental\GeometryCollectionPlugin\Binaries\Win64
[2024.02.22-02.21.33:312][  0]LogWindows:   Looked in: C:\Program Files\Epic Games\UE_4.27\Engine\Plugins\Runtime\ProceduralMeshComponent\Binaries\Win64
[2024.02.22-02.21.33:312][  0]LogWindows:   Looked in: C:\Program Files\Epic Games\UE_4.27\Engine\Plugins\Experimental\ChaosSolverPlugin\Binaries\Win64
[2024.02.22-02.21.33:312][  0]LogWindows:   Looked in: C:\Program Files\Epic Games\UE_4.27\Engine\Plugins\Experimental\ChaosNiagara\Binaries\Win64
[2024.02.22-02.21.33:312][  0]LogWindows:   Looked in: C:\Program Files\Epic Games\UE_4.27\Engine\Plugins\FX\Niagara\Binaries\Win64
[2024.02.22-02.21.33:312][  0]LogWindows:   Looked in: C:\Program Files\Epic Games\UE_4.27\Engine\Plugins\Experimental\PythonScriptPlugin\Binaries\Win64
[2024.02.22-02.21.33:312][  0]LogWindows:   Looked in: C:\Program Files\Epic Games\UE_4.27\Engine\Plugins\Editor\ContentBrowser\ContentBrowserFileDataSource\Binaries\Win64
[2024.02.22-02.21.33:312][  0]LogWindows:   Looked in: C:\Program Files\Epic Games\UE_4.27\Engine\Plugins\Experimental\CharacterAI\Binaries\Win64
[2024.02.22-02.21.33:312][  0]LogWindows:   Looked in: C:\Program Files\Epic Games\UE_4.27\Engine\Plugins\Media\AndroidMedia\Binaries\Win64
[2024.02.22-02.21.33:312][  0]LogWindows:   Looked in: C:\Program Files\Epic Games\UE_4.27\Engine\Plugins\Media\AvfMedia\Binaries\Win64
[2024.02.22-02.21.33:312][  0]LogWindows:   Looked in: C:\Program Files\Epic Games\UE_4.27\Engine\Plugins\Media\ImgMedia\Binaries\Win64
[2024.02.22-02.21.33:312][  0]LogWindows:   Looked in: C:\Program Files\Epic Games\UE_4.27\Engine\Plugins\Media\MediaCompositing\Binaries\Win64
[2024.02.22-02.21.33:312][  0]LogWindows:   Looked in: C:\Program Files\Epic Games\UE_4.27\Engine\Plugins\Media\MediaPlayerEditor\Binaries\Win64
[2024.02.22-02.21.33:312][  0]LogWindows:   Looked in: C:\Program Files\Epic Games\UE_4.27\Engine\Plugins\Media\WmfMedia\Binaries\Win64
[2024.02.22-02.21.33:312][  0]LogWindows:   Looked in: C:\Program Files\Epic Games\UE_4.27\Engine\Plugins\Messaging\TcpMessaging\Binaries\Win64
[2024.02.22-02.21.33:312][  0]LogWindows:   Looked in: C:\Program Files\Epic Games\UE_4.27\Engine\Plugins\Messaging\UdpMessaging\Binaries\Win64
[2024.02.22-02.21.33:312][  0]LogWindows:   Looked in: C:\Program Files\Epic Games\UE_4.27\Engine\Plugins\Experimental\MotoSynth\Binaries\Win64
[2024.02.22-02.21.33:312][  0]LogWindows:   Looked in: C:\Program Files\Epic Games\UE_4.27\Engine\Plugins\Experimental\OpenImageDenoise\Binaries\Win64
[2024.02.22-02.21.33:312][  0]LogWindows:   Looked in: C:\Program Files\Epic Games\UE_4.27\Engine\Plugins\Experimental\PlatformCrypto\Binaries\Win64
[2024.02.22-02.21.33:312][  0]LogWindows:   Looked in: C:\Program Files\Epic Games\UE_4.27\Engine\Plugins\Experimental\ProxyLODPlugin\Binaries\Win64
[2024.02.22-02.21.33:312][  0]LogWindows:   Looked in: C:\Program Files\Epic Games\UE_4.27\Engine\Plugins\MovieScene\ActorSequence\Binaries\Win64
[2024.02.22-02.21.33:312][  0]LogWindows:   Looked in: C:\Program Files\Epic Games\UE_4.27\Engine\Plugins\Experimental\SkeletalReduction\Binaries\Win64
[2024.02.22-02.21.33:312][  0]LogWindows:   Looked in: C:\Program Files\Epic Games\UE_4.27\Engine\Plugins\MovieScene\MatineeToLevelSequence\Binaries\Win64
[2024.02.22-02.21.33:312][  0]LogWindows:   Looked in: C:\Program Files\Epic Games\UE_4.27\Engine\Plugins\Online\OnlineSubsystem\Binaries\Win64
[2024.02.22-02.21.33:312][  0]LogWindows:   Looked in: C:\Program Files\Epic Games\UE_4.27\Engine\Plugins\Online\OnlineSubsystemNull\Binaries\Win64
[2024.02.22-02.21.33:312][  0]LogWindows:   Looked in: C:\Program Files\Epic Games\UE_4.27\Engine\Plugins\Online\OnlineSubsystemUtils\Binaries\Win64
[2024.02.22-02.21.33:312][  0]LogWindows:   Looked in: C:\Program Files\Epic Games\UE_4.27\Engine\Plugins\Portal\LauncherChunkInstaller\Binaries\Win64
[2024.02.22-02.21.33:312][  0]LogWindows:   Looked in: C:\Program Files\Epic Games\UE_4.27\Engine\Plugins\Runtime\ActorLayerUtilities\Binaries\Win64
[2024.02.22-02.21.33:312][  0]LogWindows:   Looked in: C:\Program Files\Epic Games\UE_4.27\Engine\Plugins\Runtime\AndroidDeviceProfileSelector\Binaries\Win64
[2024.02.22-02.21.33:312][  0]LogWindows:   Looked in: C:\Program Files\Epic Games\UE_4.27\Engine\Plugins\Runtime\AndroidMoviePlayer\Binaries\Win64
[2024.02.22-02.21.33:312][  0]LogWindows:   Looked in: C:\Program Files\Epic Games\UE_4.27\Engine\Plugins\Runtime\AndroidPermission\Binaries\Win64
[2024.02.22-02.21.33:312][  0]LogWindows:   Looked in: C:\Program Files\Epic Games\UE_4.27\Engine\Plugins\Runtime\AppleImageUtils\Binaries\Win64
[2024.02.22-02.21.33:312][  0]LogWindows:   Looked in: C:\Program Files\Epic Games\UE_4.27\Engine\Plugins\Runtime\AppleMoviePlayer\Binaries\Win64
[2024.02.22-02.21.33:312][  0]LogWindows:   Looked in: C:\Program Files\Epic Games\UE_4.27\Engine\Plugins\Runtime\ArchVisCharacter\Binaries\Win64
[2024.02.22-02.21.33:312][  0]LogWindows:   Looked in: C:\Program Files\Epic Games\UE_4.27\Engine\Plugins\Runtime\AssetTags\Binaries\Win64
[2024.02.22-02.21.33:312][  0]LogWindows:   Looked in: C:\Program Files\Epic Games\UE_4.27\Engine\Plugins\Runtime\AudioCapture\Binaries\Win64
[2024.02.22-02.21.33:312][  0]LogWindows:   Looked in: C:\Program Files\Epic Games\UE_4.27\Engine\Plugins\Runtime\CableComponent\Binaries\Win64
[2024.02.22-02.21.33:312][  0]LogWindows:   Looked in: C:\Program Files\Epic Games\UE_4.27\Engine\Plugins\Runtime\ChunkDownloader\Binaries\Win64
[2024.02.22-02.21.33:312][  0]LogWindows:   Looked in: C:\Program Files\Epic Games\UE_4.27\Engine\Plugins\Runtime\CustomMeshComponent\Binaries\Win64
[2024.02.22-02.21.33:312][  0]LogWindows:   Looked in: C:\Program Files\Epic Games\UE_4.27\Engine\Plugins\Runtime\ExampleDeviceProfileSelector\Binaries\Win64
[2024.02.22-02.21.33:312][  0]LogWindows:   Looked in: C:\Program Files\Epic Games\UE_4.27\Engine\Plugins\Runtime\GoogleCloudMessaging\Binaries\Win64
[2024.02.22-02.21.33:312][  0]LogWindows:   Looked in: C:\Program Files\Epic Games\UE_4.27\Engine\Plugins\Runtime\GooglePAD\Binaries\Win64
[2024.02.22-02.21.33:312][  0]LogWindows:   Looked in: C:\Program Files\Epic Games\UE_4.27\Engine\Plugins\Runtime\IOSDeviceProfileSelector\Binaries\Win64
[2024.02.22-02.21.33:312][  0]LogWindows:   Looked in: C:\Program Files\Epic Games\UE_4.27\Engine\Plugins\Runtime\LinuxDeviceProfileSelector\Binaries\Win64
[2024.02.22-02.21.33:312][  0]LogWindows:   Looked in: C:\Program Files\Epic Games\UE_4.27\Engine\Plugins\Runtime\LocationServicesBPLibrary\Binaries\Win64
[2024.02.22-02.21.33:312][  0]LogWindows:   Looked in: C:\Program Files\Epic Games\UE_4.27\Engine\Plugins\Runtime\MobilePatchingUtils\Binaries\Win64
[2024.02.22-02.21.33:312][  0]LogWindows:   Looked in: C:\Program Files\Epic Games\UE_4.27\Engine\Plugins\Runtime\OpenXR\Binaries\Win64
[2024.02.22-02.21.33:312][  0]LogWindows:   Looked in: C:\Program Files\Epic Games\UE_4.27\Engine\Plugins\Runtime\OpenXREyeTracker\Binaries\Win64
[2024.02.22-02.21.33:312][  0]LogWindows:   Looked in: C:\Program Files\Epic Games\UE_4.27\Engine\Plugins\Runtime\OpenXRHandTracking\Binaries\Win64
[2024.02.22-02.21.33:312][  0]LogWindows:   Looked in: C:\Program Files\Epic Games\UE_4.27\Engine\Plugins\Animation\LiveLink\Binaries\Win64
[2024.02.22-02.21.33:312][  0]LogWindows:   Looked in: C:\Program Files\Epic Games\UE_4.27\Engine\Plugins\VirtualProduction\Takes\Binaries\Win64
[2024.02.22-02.21.33:312][  0]LogWindows:   Looked in: C:\Program Files\Epic Games\UE_4.27\Engine\Plugins\Runtime\PhysXVehicles\Binaries\Win64
[2024.02.22-02.21.33:312][  0]LogWindows:   Looked in: C:\Program Files\Epic Games\UE_4.27\Engine\Plugins\Runtime\PostSplashScreen\Binaries\Win64
[2024.02.22-02.21.33:312][  0]LogWindows:   Looked in: C:\Program Files\Epic Games\UE_4.27\Engine\Plugins\Runtime\RuntimePhysXCooking\Binaries\Win64
[2024.02.22-02.21.33:312][  0]LogWindows:   Looked in: C:\Program Files\Epic Games\UE_4.27\Engine\Plugins\Runtime\SoundFields\Binaries\Win64
[2024.02.22-02.21.33:312][  0]LogWindows:   Looked in: C:\Program Files\Epic Games\UE_4.27\Engine\Plugins\Runtime\Synthesis\Binaries\Win64
[2024.02.22-02.21.33:312][  0]LogWindows:   Looked in: C:\Program Files\Epic Games\UE_4.27\Engine\Plugins\Runtime\AudioSynesthesia\Binaries\Win64
[2024.02.22-02.21.33:312][  0]LogWindows:   Looked in: C:\Program Files\Epic Games\UE_4.27\Engine\Plugins\Runtime\WebMMoviePlayer\Binaries\Win64
[2024.02.22-02.21.33:312][  0]LogWindows:   Looked in: C:\Program Files\Epic Games\UE_4.27\Engine\Plugins\Media\WebMMedia\Binaries\Win64
[2024.02.22-02.21.33:312][  0]LogWindows:   Looked in: C:\Program Files\Epic Games\UE_4.27\Engine\Plugins\Runtime\WindowsMoviePlayer\Binaries\Win64
[2024.02.22-02.21.33:312][  0]LogWindows:   Looked in: C:\Program Files\Epic Games\UE_4.27\Engine\Plugins\Editor\ContentBrowser\ContentBrowserAssetDataSource\Binaries\Win64
[2024.02.22-02.21.33:312][  0]LogWindows:   Looked in: C:\Program Files\Epic Games\UE_4.27\Engine\Plugins\Editor\ContentBrowser\ContentBrowserClassDataSource\Binaries\Win64
[2024.02.22-02.21.33:312][  0]LogWindows:   Looked in: C:\Program Files\Epic Games\UE_4.27\Engine\Plugins\Online\Android\OnlineSubsystemGooglePlay\Binaries\Win64
[2024.02.22-02.21.33:312][  0]LogWindows:   Looked in: C:\Program Files\Epic Games\UE_4.27\Engine\Plugins\Online\IOS\OnlineSubsystemIOS\Binaries\Win64
[2024.02.22-02.21.33:312][  0]LogWindows:   Looked in: C:\Program Files\Epic Games\UE_4.27\Engine\Plugins\Runtime\Oculus\OculusVR\Binaries\Win64
[2024.02.22-02.21.33:312][  0]LogWindows:   Looked in: C:\Program Files\Epic Games\UE_4.27\Engine\Plugins\Runtime\Steam\SteamVR\Binaries\Win64
[2024.02.22-02.21.33:313][  0]LogWindows:   Looked in: C:\Program Files\Epic Games\UE_4.27\Engine\Binaries\Win64\(Path="")\lib\win64
[2024.02.22-02.21.33:313][  0]LogWindows:   Looked in: C:\Program Files\Epic Games\UE_4.27\Engine\Binaries\Win64\Android
[2024.02.22-02.21.33:313][  0]LogWindows:   Looked in: C:\Program Files\Epic Games\UE_4.27\Engine\Binaries\Win64\IOS
[2024.02.22-02.21.33:313][  0]LogWindows:   Looked in: C:\Program Files\Epic Games\UE_4.27\Engine\Binaries\Win64\Linux
[2024.02.22-02.21.33:313][  0]LogWindows:   Looked in: C:\Program Files\Epic Games\UE_4.27\Engine\Binaries\Win64\Lumin
[2024.02.22-02.21.33:313][  0]LogModuleManager: Warning: ModuleManager: Unable to load module 'C:/Users/MSI/Documents/GitHub/Arena-Battle/ArenaBattle/Binaries/Win64/UE4Editor-ArenaBattle-8520.dll' because the file couldn't be loaded by the OS.
[2024.02.22-02.21.36:196][  0]Message dialog closed, result: Ok, title: 메시지, text: ArenaBattle' 게임 모듈을 로드하지 못했습니다. 운영체제 오류가 있거나 모듈 설정이 제대로 되지 않았을 수 있습니다. 또는 빌드에 포함된 플러그인이 켜짐 상태가 아닐 수 있습니다.
[2024.02.22-02.21.36:196][  0]LogCore: Engine exit requested (reason: EngineExit() was called)
[2024.02.22-02.21.36:222][  0]LogSlate: Slate User Destroyed.  User Index 0, Is Virtual User: 0
[2024.02.22-02.21.36:222][  0]LogExit: Preparing to exit.
[2024.02.22-02.21.36:248][  0]LogUObjectHash: Compacting FUObjectHashTables data took   4.53ms
[2024.02.22-02.21.37:433][  0]LogDemo: Cleaned up 0 splitscreen connections with owner deletion
[2024.02.22-02.21.37:440][  0]LogWindows: Error: Error reentered: Assertion failed: Object->HasAnyFlags( RF_BeginDestroyed ) && !Object->HasAnyFlags( RF_FinishDestroyed ) [File:D:/Build/++UE4/Sync/Engine/Source/Runtime/CoreUObject/Private/UObject/GarbageCollection.cpp] [Line: 1574] 


[2024.02.22-02.21.39:293][  0]LogWindows: Error: === Critical error: ===
[2024.02.22-02.21.39:293][  0]LogWindows: Error: 
[2024.02.22-02.21.39:293][  0]LogWindows: Error: Assertion failed: GIsHotReload [File:D:/Build/++UE4/Sync/Engine/Source/Runtime/CoreUObject/Private/UObject/UObjectBase.cpp] [Line: 704] 
[2024.02.22-02.21.39:294][  0]LogWindows: Error: Trying to recreate class 'UABCharacterSetting' outside of hot reload!
[2024.02.22-02.21.39:294][  0]LogWindows: Error: 
[2024.02.22-02.21.39:294][  0]LogWindows: Error: 
[2024.02.22-02.21.39:294][  0]LogWindows: Error: [Callstack] 0x00007ff863f4cf19 KERNELBASE.dll!UnknownFunction []
[2024.02.22-02.21.39:294][  0]LogWindows: Error: [Callstack] 0x00007ffff7280216 UE4Editor-Core.dll!ReportAssert() [D:\Build\++UE4\Sync\Engine\Source\Runtime\Core\Private\Windows\WindowsPlatformCrashContext.cpp:1644]
[2024.02.22-02.21.39:294][  0]LogWindows: Error: [Callstack] 0x00007ffff7284218 UE4Editor-Core.dll!FWindowsErrorOutputDevice::Serialize() [D:\Build\++UE4\Sync\Engine\Source\Runtime\Core\Private\Windows\WindowsErrorOutputDevice.cpp:78]
[2024.02.22-02.21.39:294][  0]LogWindows: Error: [Callstack] 0x00007ffff6fa242d UE4Editor-Core.dll!FOutputDevice::LogfImpl() [D:\Build\++UE4\Sync\Engine\Source\Runtime\Core\Private\Misc\OutputDevice.cpp:61]
[2024.02.22-02.21.39:294][  0]LogWindows: Error: [Callstack] 0x00007ffff6ef6a45 UE4Editor-Core.dll!AssertFailedImplV() [D:\Build\++UE4\Sync\Engine\Source\Runtime\Core\Private\Misc\AssertionMacros.cpp:104]
[2024.02.22-02.21.39:294][  0]LogWindows: Error: [Callstack] 0x00007ffff6ef80a0 UE4Editor-Core.dll!FDebug::CheckVerifyFailedImpl() [D:\Build\++UE4\Sync\Engine\Source\Runtime\Core\Private\Misc\AssertionMacros.cpp:461]
[2024.02.22-02.21.39:294][  0]LogWindows: Error: [Callstack] 0x00007ff80b002a7f UE4Editor-CoreUObject.dll!IncrementalDestroyGarbage() [D:\Build\++UE4\Sync\Engine\Source\Runtime\CoreUObject\Private\UObject\GarbageCollection.cpp:1574]
[2024.02.22-02.21.39:294][  0]LogWindows: Error: [Callstack] 0x00007ff80b003642 UE4Editor-CoreUObject.dll!IncrementalPurgeGarbage() [D:\Build\++UE4\Sync\Engine\Source\Runtime\CoreUObject\Private\UObject\GarbageCollection.cpp:1511]
[2024.02.22-02.21.39:294][  0]LogWindows: Error: [Callstack] 0x00007ff80b17ecaf UE4Editor-CoreUObject.dll!StaticExit() [D:\Build\++UE4\Sync\Engine\Source\Runtime\CoreUObject\Private\UObject\Obj.cpp:4568]
[2024.02.22-02.21.39:294][  0]LogWindows: Error: [Callstack] 0x00007ff80afe9bd7 UE4Editor-CoreUObject.dll!TBaseStaticDelegateInstance<void __cdecl(void),FDefaultDelegateUserPolicy>::ExecuteIfSafe() [D:\Build\++UE4\Sync\Engine\Source\Runtime\Core\Public\Delegates\DelegateInstancesImpl.h:731]
[2024.02.22-02.21.39:294][  0]LogWindows: Error: [Callstack] 0x00007ff766b688ed UE4Editor.exe!TMulticastDelegate<void __cdecl(void),FDefaultDelegateUserPolicy>::Broadcast() [D:\Build\++UE4\Sync\Engine\Source\Runtime\Core\Public\Delegates\DelegateSignatureImpl.inl:955]
[2024.02.22-02.21.39:294][  0]LogWindows: Error: [Callstack] 0x00007ff766b6823d UE4Editor.exe!FEngineLoop::AppPreExit() [D:\Build\++UE4\Sync\Engine\Source\Runtime\Launch\Private\LaunchEngineLoop.cpp:5814]
[2024.02.22-02.21.39:294][  0]LogWindows: Error: [Callstack] 0x00007ff766b7048a UE4Editor.exe!FEngineLoop::Exit() [D:\Build\++UE4\Sync\Engine\Source\Runtime\Launch\Private\LaunchEngineLoop.cpp:4266]
[2024.02.22-02.21.39:294][  0]LogWindows: Error: [Callstack] 0x00007ff766b71063 UE4Editor.exe!GuardedMain() [D:\Build\++UE4\Sync\Engine\Source\Runtime\Launch\Private\Launch.cpp:192]
[2024.02.22-02.21.39:294][  0]LogWindows: Error: [Callstack] 0x00007ff766b710ba UE4Editor.exe!GuardedMainWrapper() [D:\Build\++UE4\Sync\Engine\Source\Runtime\Launch\Private\Windows\LaunchWindows.cpp:137]
[2024.02.22-02.21.39:294][  0]LogWindows: Error: [Callstack] 0x00007ff766b740dd UE4Editor.exe!LaunchWindowsStartup() [D:\Build\++UE4\Sync\Engine\Source\Runtime\Launch\Private\Windows\LaunchWindows.cpp:273]
[2024.02.22-02.21.39:294][  0]LogWindows: Error: [Callstack] 0x00007ff766b85984 UE4Editor.exe!WinMain() [D:\Build\++UE4\Sync\Engine\Source\Runtime\Launch\Private\Windows\LaunchWindows.cpp:320]
[2024.02.22-02.21.39:294][  0]LogWindows: Error: [Callstack] 0x00007ff766b8853a UE4Editor.exe!__scrt_common_main_seh() [d:\agent\_work\5\s\src\vctools\crt\vcstartup\src\startup\exe_common.inl:288]
[2024.02.22-02.21.39:294][  0]LogWindows: Error: [Callstack] 0x00007ff864b17344 KERNEL32.DLL!UnknownFunction []
[2024.02.22-02.21.39:294][  0]LogWindows: Error: [Callstack] 0x00007ff8662226b1 ntdll.dll!UnknownFunction []
[2024.02.22-02.21.39:294][  0]LogWindows: Error: 
[2024.02.22-02.21.39:296][  0]LogExit: Executing StaticShutdownAfterError
[2024.02.22-02.21.39:296][  0]LogWindows: FPlatformMisc::RequestExit(1)
[2024.02.22-02.21.39:296][  0]LogWindows: FPlatformMisc::RequestExitWithStatus(1, 3)
[2024.02.22-02.21.39:296][  0]LogCore: Engine exit requested (reason: Win RequestExit; note: exit was already requested)
[2024.02.22-02.21.39:306][  0]Log file closed, 02/22/24 11:21:39
