Log file open, 02/22/24 11:17:44
LogWindows: Failed to load 'aqProf.dll' (GetLastError=126)
LogWindows: File 'aqProf.dll' does not exist
LogWindows: Failed to load 'VtuneApi.dll' (GetLastError=126)
LogWindows: File 'VtuneApi.dll' does not exist
LogWindows: Failed to load 'VtuneApi32e.dll' (GetLastError=126)
LogWindows: File 'VtuneApi32e.dll' does not exist
LogConsoleResponse: Display: Failed to find resolution value strings in scalability ini. Falling back to default.
LogConsoleResponse: Display: Failed to find resolution value strings in scalability ini. Falling back to default.
LogInit: Display: Running engine for game: ArenaBattle
LogPlatformFile: Not using cached read wrapper
LogTaskGraph: Started task graph with 5 named threads and 47 total threads with 3 sets of task threads.
LogStats: Stats thread started at 0.700938
LogICUInternationalization: ICU TimeZone Detection - Raw Offset: +9:00, Platform Override: ''
LogInit: Display: Loading text-based GConfig....
LogPluginManager: Mounting plugin MeshPainting
LogPluginManager: Mounting plugin XGEController
LogPluginManager: Mounting plugin Paper2D
LogPluginManager: Mounting plugin LiveLink
LogPluginManager: Mounting plugin EnvironmentQueryEditor
LogPluginManager: Mounting plugin AISupport
LogPluginManager: Mounting plugin GameplayCameras
LogPluginManager: Mounting plugin CameraShakePreviewer
LogPluginManager: Mounting plugin LightPropagationVolume
LogPluginManager: Mounting plugin AssetManagerEditor
LogPluginManager: Mounting plugin CryptoKeys
LogPluginManager: Mounting plugin CurveEditorTools
LogPluginManager: Mounting plugin DataValidation
LogPluginManager: Mounting plugin FacialAnimation
LogPluginManager: Mounting plugin GeometryMode
LogPluginManager: Mounting plugin GameplayTagsEditor
LogPluginManager: Mounting plugin MacGraphicsSwitching
LogPluginManager: Mounting plugin MaterialAnalyzer
LogPluginManager: Mounting plugin MobileLauncherProfileWizard
LogPluginManager: Mounting plugin PluginBrowser
LogPluginManager: Mounting plugin SpeedTreeImporter
LogPluginManager: Mounting plugin AlembicImporter
LogPluginManager: Mounting plugin AutomationUtils
LogPluginManager: Mounting plugin BackChannel
LogPluginManager: Mounting plugin ChaosCloth
LogPluginManager: Mounting plugin ChaosClothEditor
LogPluginManager: Mounting plugin ChaosEditor
LogPluginManager: Mounting plugin ChaosSolverPlugin
LogPluginManager: Mounting plugin ChaosNiagara
LogPluginManager: Mounting plugin DatasmithContent
LogPluginManager: Mounting plugin CharacterAI
LogPluginManager: Mounting plugin VariantManagerContent
LogPluginManager: Mounting plugin AnimationSharing
LogPluginManager: Mounting plugin GeometryCache
LogPluginManager: Mounting plugin GeometryCollectionPlugin
LogPluginManager: Mounting plugin CodeLiteSourceCodeAccess
LogPluginManager: Mounting plugin CLionSourceCodeAccess
LogPluginManager: Mounting plugin NullSourceCodeAccess
LogPluginManager: Mounting plugin PerforceSourceControl
LogPluginManager: Mounting plugin KDevelopSourceCodeAccess
LogPluginManager: Mounting plugin PixWinPlugin
LogPluginManager: Mounting plugin GitSourceControl
LogPluginManager: Mounting plugin PlasticSourceControl
LogPluginManager: Mounting plugin PluginUtils
LogPluginManager: Mounting plugin GeometryProcessing
LogPluginManager: Mounting plugin PropertyAccessNode
LogPluginManager: Mounting plugin RiderSourceCodeAccess
LogPluginManager: Mounting plugin SubversionSourceControl
LogPluginManager: Mounting plugin TextureFormatOodle
LogPluginManager: Mounting plugin MotoSynth
LogPluginManager: Mounting plugin OpenImageDenoise
LogPluginManager: Mounting plugin UObjectPlugin
LogPluginManager: Mounting plugin ProxyLODPlugin
LogPluginManager: Mounting plugin PythonScriptPlugin
LogPluginManager: Mounting plugin PlanarCut
LogPluginManager: Mounting plugin PlatformCrypto
LogPluginManager: Mounting plugin VisualStudioCodeSourceCodeAccess
LogPluginManager: Mounting plugin VisualStudioSourceCodeAccess
LogPluginManager: Mounting plugin SkeletalReduction
LogPluginManager: Mounting plugin XCodeSourceCodeAccess
LogPluginManager: Mounting plugin Niagara
LogPluginManager: Mounting plugin LuminPlatformFeatures
LogPluginManager: Mounting plugin MagicLeap
LogPluginManager: Mounting plugin MagicLeapMedia
LogPluginManager: Mounting plugin MagicLeapLightEstimation
LogPluginManager: Mounting plugin MagicLeapPassableWorld
LogPluginManager: Mounting plugin MLSDK
LogPluginManager: Mounting plugin TcpMessaging
LogPluginManager: Mounting plugin UdpMessaging
LogPluginManager: Mounting plugin AndroidMedia
LogPluginManager: Mounting plugin AvfMedia
LogPluginManager: Mounting plugin ImgMedia
LogPluginManager: Mounting plugin MediaCompositing
LogPluginManager: Mounting plugin MediaPlayerEditor
LogPluginManager: Mounting plugin WebMMedia
LogPluginManager: Mounting plugin WmfMedia
LogPluginManager: Mounting plugin LauncherChunkInstaller
LogPluginManager: Mounting plugin ActorSequence
LogPluginManager: Mounting plugin LevelSequenceEditor
LogPluginManager: Mounting plugin MatineeToLevelSequence
LogPluginManager: Mounting plugin ActorLayerUtilities
LogPluginManager: Mounting plugin OnlineSubsystem
LogPluginManager: Mounting plugin AndroidDeviceProfileSelector
LogPluginManager: Mounting plugin TemplateSequence
LogPluginManager: Mounting plugin AndroidMoviePlayer
LogPluginManager: Mounting plugin OnlineSubsystemNull
LogPluginManager: Mounting plugin AndroidPermission
LogPluginManager: Mounting plugin AppleImageUtils
LogPluginManager: Mounting plugin AppleMoviePlayer
LogPluginManager: Mounting plugin OnlineSubsystemUtils
LogPluginManager: Mounting plugin ArchVisCharacter
LogPluginManager: Mounting plugin AssetTags
LogPluginManager: Mounting plugin AudioCapture
LogPluginManager: Mounting plugin AudioSynesthesia
LogPluginManager: Mounting plugin CableComponent
LogPluginManager: Mounting plugin ChunkDownloader
LogPluginManager: Mounting plugin CustomMeshComponent
LogPluginManager: Mounting plugin EditableMesh
LogPluginManager: Mounting plugin ExampleDeviceProfileSelector
LogPluginManager: Mounting plugin GoogleCloudMessaging
LogPluginManager: Mounting plugin ScreenshotTools
LogPluginManager: Mounting plugin GooglePAD
LogPluginManager: Mounting plugin IOSDeviceProfileSelector
LogPluginManager: Mounting plugin LinuxDeviceProfileSelector
LogPluginManager: Mounting plugin LocationServicesBPLibrary
LogPluginManager: Mounting plugin MobilePatchingUtils
LogPluginManager: Mounting plugin OpenXR
LogPluginManager: Mounting plugin Takes
LogPluginManager: Mounting plugin OpenXREyeTracker
LogPluginManager: Mounting plugin OpenXRHandTracking
LogPluginManager: Mounting plugin PhysXVehicles
LogPluginManager: Mounting plugin PostSplashScreen
LogPluginManager: Mounting plugin ProceduralMeshComponent
LogPluginManager: Mounting plugin RuntimePhysXCooking
LogPluginManager: Mounting plugin PropertyAccessEditor
LogPluginManager: Mounting plugin SignificanceManager
LogPluginManager: Mounting plugin SoundFields
LogPluginManager: Mounting plugin Synthesis
LogPluginManager: Mounting plugin WebMMoviePlayer
LogPluginManager: Mounting plugin WindowsMoviePlayer
LogPluginManager: Mounting plugin OodleData
LogPluginManager: Mounting plugin OodleNetwork
LogPluginManager: Mounting plugin ContentBrowserAssetDataSource
LogPluginManager: Mounting plugin ContentBrowserFileDataSource
LogPluginManager: Mounting plugin ContentBrowserClassDataSource
LogPluginManager: Mounting plugin OnlineSubsystemGooglePlay
LogPluginManager: Mounting plugin OnlineSubsystemIOS
LogPluginManager: Mounting plugin OculusVR
LogPluginManager: Mounting plugin SteamVR
PixWinPlugin: PIX capture plugin failed to initialize! Check that the process is launched from PIX.
LogInit: Using libcurl 7.55.1-DEV
LogInit:  - built for x86_64-pc-win32
LogInit:  - supports SSL with OpenSSL/1.1.1
LogInit:  - supports HTTP deflate (compression) using libz 1.2.8
LogInit:  - other features:
LogInit:      CURL_VERSION_SSL
LogInit:      CURL_VERSION_LIBZ
LogInit:      CURL_VERSION_IPV6
LogInit:      CURL_VERSION_ASYNCHDNS
LogInit:      CURL_VERSION_LARGEFILE
LogInit:      CURL_VERSION_IDN
LogInit:  CurlRequestOptions (configurable via config and command line):
LogInit:  - bVerifyPeer = true  - Libcurl will verify peer certificate
LogInit:  - bUseHttpProxy = false  - Libcurl will NOT use HTTP proxy
LogInit:  - bDontReuseConnections = false  - Libcurl will reuse connections
LogInit:  - MaxHostConnections = 16  - Libcurl will limit the number of connections to a host
LogInit:  - LocalHostAddr = Default
LogInit:  - BufferSize = 65536
LogOnline: OSS: Creating online subsystem instance for: NULL
LogInit: WinSock: version 1.1 (2.2), MaxSocks=32767, MaxUdp=65467
LogOnline: OSS: TryLoadSubsystemAndSetDefault: Loaded subsystem for module [NULL]
LogOculusPluginWrapper: OculusPlugin initialized successfully
LogHMD: Failed initializing OVRPlugin 1.59.0
LogInit: Build: ++UE4+Release-4.27-CL-18319896
LogInit: Engine Version: 4.27.2-18319896+++UE4+Release-4.27
LogInit: Compatible Engine Version: 4.27.0-17155196+++UE4+Release-4.27
LogInit: Net CL: 17155196
LogInit: OS: Windows 10 (Release 2009) (), CPU: 11th Gen Intel(R) Core(TM) i7-11800H @ 2.30GHz, GPU: Intel(R) UHD Graphics
LogInit: Compiled (64-bit): Nov 30 2021 07:12:08
LogInit: Compiled with Visual C++: 19.24.28315.00
LogInit: Build Configuration: Development
LogInit: Branch Name: ++UE4+Release-4.27
LogInit: Command Line: 
LogInit: Base Directory: C:/Program Files/Epic Games/UE_4.27/Engine/Binaries/Win64/
LogInit: Allocator: TBB
LogInit: Installed Engine Build: 1
LogDevObjectVersion: Number of dev versions registered: 29
LogDevObjectVersion:   Dev-Blueprints (B0D832E4-1F89-4F0D-ACCF-7EB736FD4AA2): 10
LogDevObjectVersion:   Dev-Build (E1C64328-A22C-4D53-A36C-8E866417BD8C): 0
LogDevObjectVersion:   Dev-Core (375EC13C-06E4-48FB-B500-84F0262A717E): 4
LogDevObjectVersion:   Dev-Editor (E4B068ED-F494-42E9-A231-DA0B2E46BB41): 40
LogDevObjectVersion:   Dev-Framework (CFFC743F-43B0-4480-9391-14DF171D2073): 37
LogDevObjectVersion:   Dev-Mobile (B02B49B5-BB20-44E9-A304-32B752E40360): 3
LogDevObjectVersion:   Dev-Networking (A4E4105C-59A1-49B5-A7C5-40C4547EDFEE): 0
LogDevObjectVersion:   Dev-Online (39C831C9-5AE6-47DC-9A44-9C173E1C8E7C): 0
LogDevObjectVersion:   Dev-Physics (78F01B33-EBEA-4F98-B9B4-84EACCB95AA2): 14
LogDevObjectVersion:   Dev-Platform (6631380F-2D4D-43E0-8009-CF276956A95A): 0
LogDevObjectVersion:   Dev-Rendering (12F88B9F-8875-4AFC-A67C-D90C383ABD29): 45
LogDevObjectVersion:   Dev-Sequencer (7B5AE74C-D270-4C10-A958-57980B212A5A): 13
LogDevObjectVersion:   Dev-VR (D7296918-1DD6-4BDD-9DE2-64A83CC13884): 3
LogDevObjectVersion:   Dev-LoadTimes (C2A15278-BFE7-4AFE-6C17-90FF531DF755): 1
LogDevObjectVersion:   Private-Geometry (6EACA3D4-40EC-4CC1-B786-8BED09428FC5): 3
LogDevObjectVersion:   Dev-AnimPhys (29E575DD-E0A3-4627-9D10-D276232CDCEA): 17
LogDevObjectVersion:   Dev-Anim (AF43A65D-7FD3-4947-9873-3E8ED9C1BB05): 15
LogDevObjectVersion:   Dev-ReflectionCapture (6B266CEC-1EC7-4B8F-A30B-E4D90942FC07): 1
LogDevObjectVersion:   Dev-Automation (0DF73D61-A23F-47EA-B727-89E90C41499A): 1
LogDevObjectVersion:   FortniteMain (601D1886-AC64-4F84-AA16-D3DE0DEAC7D6): 47
LogDevObjectVersion:   FortniteRelease (E7086368-6B23-4C58-8439-1B7016265E91): 1
LogDevObjectVersion:   Dev-Enterprise (9DFFBCD6-494F-0158-E221-12823C92A888): 10
LogDevObjectVersion:   Dev-Niagara (F2AED0AC-9AFE-416F-8664-AA7FFA26D6FC): 1
LogDevObjectVersion:   Dev-Destruction (174F1F0B-B4C6-45A5-B13F-2EE8D0FB917D): 10
LogDevObjectVersion:   Dev-Physics-Ext (35F94A83-E258-406C-A318-09F59610247C): 41
LogDevObjectVersion:   Dev-PhysicsMaterial-Chaos (B68FC16E-8B1B-42E2-B453-215C058844FE): 1
LogDevObjectVersion:   Dev-CineCamera (B2E18506-4273-CFC2-A54E-F4BB758BBA07): 1
LogDevObjectVersion:   Dev-VirtualProduction (64F58936-FD1B-42BA-BA96-7289D5D0FA4E): 1
LogDevObjectVersion:   Dev-MediaFramework (6F0ED827-A609-4895-9C91-998D90180EA4): 2
LogInit: Presizing for max 25165824 objects, including 0 objects not considered by GC, pre-allocating 0 bytes for permanent pool.
LogConfig: Applying CVar settings from Section [/Script/Engine.StreamingSettings] File [C:/Users/MSI/Documents/GitHub/Arena-Battle/ArenaBattle/Saved/Config/Windows/Engine.ini]
LogConfig: Setting CVar [[s.MinBulkDataSizeForAsyncLoading:131072]]
LogConfig: Setting CVar [[s.AsyncLoadingThreadEnabled:0]]
LogConfig: Setting CVar [[s.EventDrivenLoaderEnabled:1]]
LogConfig: Setting CVar [[s.WarnIfTimeLimitExceeded:0]]
LogConfig: Setting CVar [[s.TimeLimitExceededMultiplier:1.5]]
LogConfig: Setting CVar [[s.TimeLimitExceededMinTime:0.005]]
LogConfig: Setting CVar [[s.UseBackgroundLevelStreaming:1]]
LogConfig: Setting CVar [[s.PriorityAsyncLoadingExtraTime:15.0]]
LogConfig: Setting CVar [[s.LevelStreamingActorsUpdateTimeLimit:5.0]]
LogConfig: Setting CVar [[s.PriorityLevelStreamingActorsUpdateExtraTime:5.0]]
LogConfig: Setting CVar [[s.LevelStreamingComponentsRegistrationGranularity:10]]
LogConfig: Setting CVar [[s.UnregisterComponentsTimeLimit:1.0]]
LogConfig: Setting CVar [[s.LevelStreamingComponentsUnregistrationGranularity:5]]
LogConfig: Setting CVar [[s.FlushStreamingOnExit:1]]
LogInit: Object subsystem initialized
LogConfig: Setting CVar [[con.DebugEarlyDefault:1]]
LogConfig: Setting CVar [[r.setres:1280x720]]
[2024.02.22-02.17.46:294][  0]LogConfig: Setting CVar [[r.VSync:0]]
[2024.02.22-02.17.46:294][  0]LogConfig: Setting CVar [[r.RHICmdBypass:0]]
[2024.02.22-02.17.46:294][  0]LogConfig: Applying CVar settings from Section [/Script/Engine.RendererSettings] File [C:/Users/MSI/Documents/GitHub/Arena-Battle/ArenaBattle/Saved/Config/Windows/Engine.ini]
[2024.02.22-02.17.46:294][  0]LogConfig: Setting CVar [[r.GPUCrashDebugging:0]]
[2024.02.22-02.17.46:294][  0]LogConfig: Applying CVar settings from Section [/Script/Engine.RendererOverrideSettings] File [C:/Users/MSI/Documents/GitHub/Arena-Battle/ArenaBattle/Saved/Config/Windows/Engine.ini]
[2024.02.22-02.17.46:294][  0]LogConfig: Applying CVar settings from Section [/Script/Engine.StreamingSettings] File [C:/Users/MSI/Documents/GitHub/Arena-Battle/ArenaBattle/Saved/Config/Windows/Engine.ini]
[2024.02.22-02.17.46:294][  0]LogConfig: Setting CVar [[s.MinBulkDataSizeForAsyncLoading:131072]]
[2024.02.22-02.17.46:294][  0]LogConfig: Setting CVar [[s.AsyncLoadingThreadEnabled:0]]
[2024.02.22-02.17.46:294][  0]LogConfig: Setting CVar [[s.EventDrivenLoaderEnabled:1]]
[2024.02.22-02.17.46:294][  0]LogConfig: Setting CVar [[s.WarnIfTimeLimitExceeded:0]]
[2024.02.22-02.17.46:294][  0]LogConfig: Setting CVar [[s.TimeLimitExceededMultiplier:1.5]]
[2024.02.22-02.17.46:294][  0]LogConfig: Setting CVar [[s.TimeLimitExceededMinTime:0.005]]
[2024.02.22-02.17.46:294][  0]LogConfig: Setting CVar [[s.UseBackgroundLevelStreaming:1]]
[2024.02.22-02.17.46:294][  0]LogConfig: Setting CVar [[s.PriorityAsyncLoadingExtraTime:15.0]]
[2024.02.22-02.17.46:294][  0]LogConfig: Setting CVar [[s.LevelStreamingActorsUpdateTimeLimit:5.0]]
[2024.02.22-02.17.46:294][  0]LogConfig: Setting CVar [[s.PriorityLevelStreamingActorsUpdateExtraTime:5.0]]
[2024.02.22-02.17.46:294][  0]LogConfig: Setting CVar [[s.LevelStreamingComponentsRegistrationGranularity:10]]
[2024.02.22-02.17.46:294][  0]LogConfig: Setting CVar [[s.UnregisterComponentsTimeLimit:1.0]]
[2024.02.22-02.17.46:294][  0]LogConfig: Setting CVar [[s.LevelStreamingComponentsUnregistrationGranularity:5]]
[2024.02.22-02.17.46:294][  0]LogConfig: Setting CVar [[s.FlushStreamingOnExit:1]]
[2024.02.22-02.17.46:294][  0]LogConfig: Applying CVar settings from Section [/Script/Engine.GarbageCollectionSettings] File [C:/Users/MSI/Documents/GitHub/Arena-Battle/ArenaBattle/Saved/Config/Windows/Engine.ini]
[2024.02.22-02.17.46:294][  0]LogConfig: Setting CVar [[gc.MaxObjectsNotConsideredByGC:1]]
[2024.02.22-02.17.46:294][  0]LogConfig: Setting CVar [[gc.SizeOfPermanentObjectPool:0]]
[2024.02.22-02.17.46:294][  0]LogConfig: Setting CVar [[gc.FlushStreamingOnGC:0]]
[2024.02.22-02.17.46:294][  0]LogConfig: Setting CVar [[gc.NumRetriesBeforeForcingGC:10]]
[2024.02.22-02.17.46:294][  0]LogConfig: Setting CVar [[gc.AllowParallelGC:1]]
[2024.02.22-02.17.46:294][  0]LogConfig: Setting CVar [[gc.TimeBetweenPurgingPendingKillObjects:61.1]]
[2024.02.22-02.17.46:294][  0]LogConfig: Setting CVar [[gc.MaxObjectsInEditor:25165824]]
[2024.02.22-02.17.46:294][  0]LogConfig: Setting CVar [[gc.IncrementalBeginDestroyEnabled:1]]
[2024.02.22-02.17.46:294][  0]LogConfig: Setting CVar [[gc.CreateGCClusters:1]]
[2024.02.22-02.17.46:294][  0]LogConfig: Setting CVar [[gc.MinGCClusterSize:5]]
[2024.02.22-02.17.46:294][  0]LogConfig: Setting CVar [[gc.ActorClusteringEnabled:0]]
[2024.02.22-02.17.46:294][  0]LogConfig: Setting CVar [[gc.BlueprintClusteringEnabled:0]]
[2024.02.22-02.17.46:294][  0]LogConfig: Setting CVar [[gc.UseDisregardForGCOnDedicatedServers:0]]
[2024.02.22-02.17.46:294][  0]LogConfig: Setting CVar [[gc.MultithreadedDestructionEnabled:1]]
[2024.02.22-02.17.46:295][  0]LogConfig: Applying CVar settings from Section [/Script/Engine.NetworkSettings] File [C:/Users/MSI/Documents/GitHub/Arena-Battle/ArenaBattle/Saved/Config/Windows/Engine.ini]
[2024.02.22-02.17.46:295][  0]LogConfig: Applying CVar settings from Section [/Script/UnrealEd.CookerSettings] File [C:/Users/MSI/Documents/GitHub/Arena-Battle/ArenaBattle/Saved/Config/Windows/Engine.ini]
[2024.02.22-02.17.46:343][  0]LogConfig: Applying CVar settings from Section [ViewDistanceQuality@3] File [C:/Users/MSI/Documents/GitHub/Arena-Battle/ArenaBattle/Saved/Config/Windows/Scalability.ini]
[2024.02.22-02.17.46:343][  0]LogConfig: Setting CVar [[r.SkeletalMeshLODBias:0]]
[2024.02.22-02.17.46:343][  0]LogConfig: Setting CVar [[r.ViewDistanceScale:1.0]]
[2024.02.22-02.17.46:343][  0]LogConfig: Applying CVar settings from Section [AntiAliasingQuality@3] File [C:/Users/MSI/Documents/GitHub/Arena-Battle/ArenaBattle/Saved/Config/Windows/Scalability.ini]
[2024.02.22-02.17.46:343][  0]LogConfig: Setting CVar [[r.PostProcessAAQuality:4]]
[2024.02.22-02.17.46:343][  0]LogConfig: Applying CVar settings from Section [ShadowQuality@3] File [C:/Users/MSI/Documents/GitHub/Arena-Battle/ArenaBattle/Saved/Config/Windows/Scalability.ini]
[2024.02.22-02.17.46:343][  0]LogConfig: Setting CVar [[r.LightFunctionQuality:1]]
[2024.02.22-02.17.46:343][  0]LogConfig: Setting CVar [[r.ShadowQuality:5]]
[2024.02.22-02.17.46:343][  0]LogConfig: Setting CVar [[r.Shadow.CSM.MaxCascades:10]]
[2024.02.22-02.17.46:343][  0]LogConfig: Setting CVar [[r.Shadow.MaxResolution:2048]]
[2024.02.22-02.17.46:343][  0]LogConfig: Setting CVar [[r.Shadow.MaxCSMResolution:2048]]
[2024.02.22-02.17.46:343][  0]LogConfig: Setting CVar [[r.Shadow.RadiusThreshold:0.01]]
[2024.02.22-02.17.46:343][  0]LogConfig: Setting CVar [[r.Shadow.DistanceScale:1.0]]
[2024.02.22-02.17.46:343][  0]LogConfig: Setting CVar [[r.Shadow.CSM.TransitionScale:1.0]]
[2024.02.22-02.17.46:343][  0]LogConfig: Setting CVar [[r.Shadow.PreShadowResolutionFactor:1.0]]
[2024.02.22-02.17.46:343][  0]LogConfig: Setting CVar [[r.DistanceFieldShadowing:1]]
[2024.02.22-02.17.46:343][  0]LogConfig: Setting CVar [[r.DistanceFieldAO:1]]
[2024.02.22-02.17.46:343][  0]LogConfig: Setting CVar [[r.AOQuality:2]]
[2024.02.22-02.17.46:343][  0]LogConfig: Setting CVar [[r.VolumetricFog:1]]
[2024.02.22-02.17.46:343][  0]LogConfig: Setting CVar [[r.VolumetricFog.GridPixelSize:8]]
[2024.02.22-02.17.46:343][  0]LogConfig: Setting CVar [[r.VolumetricFog.GridSizeZ:128]]
[2024.02.22-02.17.46:343][  0]LogConfig: Setting CVar [[r.VolumetricFog.HistoryMissSupersampleCount:4]]
[2024.02.22-02.17.46:343][  0]LogConfig: Setting CVar [[r.LightMaxDrawDistanceScale:1]]
[2024.02.22-02.17.46:343][  0]LogConfig: Setting CVar [[r.CapsuleShadows:1]]
[2024.02.22-02.17.46:343][  0]LogConfig: Applying CVar settings from Section [PostProcessQuality@3] File [C:/Users/MSI/Documents/GitHub/Arena-Battle/ArenaBattle/Saved/Config/Windows/Scalability.ini]
[2024.02.22-02.17.46:343][  0]LogConfig: Setting CVar [[r.MotionBlurQuality:4]]
[2024.02.22-02.17.46:343][  0]LogConfig: Setting CVar [[r.AmbientOcclusionMipLevelFactor:0.4]]
[2024.02.22-02.17.46:343][  0]LogConfig: Setting CVar [[r.AmbientOcclusionMaxQuality:100]]
[2024.02.22-02.17.46:343][  0]LogConfig: Setting CVar [[r.AmbientOcclusionLevels:-1]]
[2024.02.22-02.17.46:343][  0]LogConfig: Setting CVar [[r.AmbientOcclusionRadiusScale:1.0]]
[2024.02.22-02.17.46:343][  0]LogConfig: Setting CVar [[r.DepthOfFieldQuality:2]]
[2024.02.22-02.17.46:343][  0]LogConfig: Setting CVar [[r.RenderTargetPoolMin:400]]
[2024.02.22-02.17.46:343][  0]LogConfig: Setting CVar [[r.LensFlareQuality:2]]
[2024.02.22-02.17.46:343][  0]LogConfig: Setting CVar [[r.SceneColorFringeQuality:1]]
[2024.02.22-02.17.46:343][  0]LogConfig: Setting CVar [[r.EyeAdaptationQuality:2]]
[2024.02.22-02.17.46:343][  0]LogConfig: Setting CVar [[r.BloomQuality:5]]
[2024.02.22-02.17.46:343][  0]LogConfig: Setting CVar [[r.FastBlurThreshold:100]]
[2024.02.22-02.17.46:343][  0]LogConfig: Setting CVar [[r.Upscale.Quality:3]]
[2024.02.22-02.17.46:343][  0]LogConfig: Setting CVar [[r.Tonemapper.GrainQuantization:1]]
[2024.02.22-02.17.46:343][  0]LogConfig: Setting CVar [[r.LightShaftQuality:1]]
[2024.02.22-02.17.46:343][  0]LogConfig: Setting CVar [[r.Filter.SizeScale:1]]
[2024.02.22-02.17.46:343][  0]LogConfig: Setting CVar [[r.Tonemapper.Quality:5]]
[2024.02.22-02.17.46:343][  0]LogConfig: Setting CVar [[r.DOF.Gather.AccumulatorQuality:1        ; higher gathering accumulator quality]]
[2024.02.22-02.17.46:343][  0]LogConfig: Setting CVar [[r.DOF.Gather.PostfilterMethod:1          ; Median3x3 postfilering method]]
[2024.02.22-02.17.46:343][  0]LogConfig: Setting CVar [[r.DOF.Gather.EnableBokehSettings:0       ; no bokeh simulation when gathering]]
[2024.02.22-02.17.46:343][  0]LogConfig: Setting CVar [[r.DOF.Gather.RingCount:4                 ; medium number of samples when gathering]]
[2024.02.22-02.17.46:344][  0]LogConfig: Setting CVar [[r.DOF.Scatter.ForegroundCompositing:1    ; additive foreground scattering]]
[2024.02.22-02.17.46:344][  0]LogConfig: Setting CVar [[r.DOF.Scatter.BackgroundCompositing:2    ; additive background scattering]]
[2024.02.22-02.17.46:344][  0]LogConfig: Setting CVar [[r.DOF.Scatter.EnableBokehSettings:1      ; bokeh simulation when scattering]]
[2024.02.22-02.17.46:344][  0]LogConfig: Setting CVar [[r.DOF.Scatter.MaxSpriteRatio:0.1         ; only a maximum of 10% of scattered bokeh]]
[2024.02.22-02.17.46:344][  0]LogConfig: Setting CVar [[r.DOF.Recombine.Quality:1                ; cheap slight out of focus]]
[2024.02.22-02.17.46:344][  0]LogConfig: Setting CVar [[r.DOF.Recombine.EnableBokehSettings:0    ; no bokeh simulation on slight out of focus]]
[2024.02.22-02.17.46:344][  0]LogConfig: Setting CVar [[r.DOF.TemporalAAQuality:1                ; more stable temporal accumulation]]
[2024.02.22-02.17.46:344][  0]LogConfig: Setting CVar [[r.DOF.Kernel.MaxForegroundRadius:0.025]]
[2024.02.22-02.17.46:344][  0]LogConfig: Setting CVar [[r.DOF.Kernel.MaxBackgroundRadius:0.025]]
[2024.02.22-02.17.46:344][  0]LogConfig: Applying CVar settings from Section [TextureQuality@3] File [C:/Users/MSI/Documents/GitHub/Arena-Battle/ArenaBattle/Saved/Config/Windows/Scalability.ini]
[2024.02.22-02.17.46:344][  0]LogConfig: Setting CVar [[r.Streaming.MipBias:0]]
[2024.02.22-02.17.46:344][  0]LogConfig: Setting CVar [[r.Streaming.AmortizeCPUToGPUCopy:0]]
[2024.02.22-02.17.46:344][  0]LogConfig: Setting CVar [[r.Streaming.MaxNumTexturesToStreamPerFrame:0]]
[2024.02.22-02.17.46:344][  0]LogConfig: Setting CVar [[r.Streaming.Boost:1]]
[2024.02.22-02.17.46:344][  0]LogConfig: Setting CVar [[r.MaxAnisotropy:8]]
[2024.02.22-02.17.46:344][  0]LogConfig: Setting CVar [[r.VT.MaxAnisotropy:8]]
[2024.02.22-02.17.46:344][  0]LogConfig: Setting CVar [[r.Streaming.LimitPoolSizeToVRAM:0]]
[2024.02.22-02.17.46:344][  0]LogConfig: Setting CVar [[r.Streaming.PoolSize:1000]]
[2024.02.22-02.17.46:344][  0]LogConfig: Setting CVar [[r.Streaming.MaxEffectiveScreenSize:0]]
[2024.02.22-02.17.46:344][  0]LogConfig: Applying CVar settings from Section [EffectsQuality@3] File [C:/Users/MSI/Documents/GitHub/Arena-Battle/ArenaBattle/Saved/Config/Windows/Scalability.ini]
[2024.02.22-02.17.46:344][  0]LogConfig: Setting CVar [[r.TranslucencyLightingVolumeDim:64]]
[2024.02.22-02.17.46:344][  0]LogConfig: Setting CVar [[r.RefractionQuality:2]]
[2024.02.22-02.17.46:344][  0]LogConfig: Setting CVar [[r.SSR.Quality:3]]
[2024.02.22-02.17.46:344][  0]LogConfig: Setting CVar [[r.SSR.HalfResSceneColor:0]]
[2024.02.22-02.17.46:344][  0]LogConfig: Setting CVar [[r.SceneColorFormat:4]]
[2024.02.22-02.17.46:344][  0]LogConfig: Setting CVar [[r.DetailMode:2]]
[2024.02.22-02.17.46:344][  0]LogConfig: Setting CVar [[r.TranslucencyVolumeBlur:1]]
[2024.02.22-02.17.46:344][  0]LogConfig: Setting CVar [[r.MaterialQualityLevel:1 ; High quality]]
[2024.02.22-02.17.46:344][  0]LogConfig: Setting CVar [[r.AnisotropicMaterials:1]]
[2024.02.22-02.17.46:344][  0]LogConfig: Setting CVar [[r.SSS.Scale:1]]
[2024.02.22-02.17.46:344][  0]LogConfig: Setting CVar [[r.SSS.SampleSet:2]]
[2024.02.22-02.17.46:344][  0]LogConfig: Setting CVar [[r.SSS.Quality:1]]
[2024.02.22-02.17.46:344][  0]LogConfig: Setting CVar [[r.SSS.HalfRes:0]]
[2024.02.22-02.17.46:344][  0]LogConfig: Setting CVar [[r.SSGI.Quality:3]]
[2024.02.22-02.17.46:344][  0]LogConfig: Setting CVar [[r.EmitterSpawnRateScale:1.0]]
[2024.02.22-02.17.46:344][  0]LogConfig: Setting CVar [[r.ParticleLightQuality:2]]
[2024.02.22-02.17.46:344][  0]LogConfig: Setting CVar [[r.SkyAtmosphere.AerialPerspectiveLUT.FastApplyOnOpaque:1 ; Always have FastSkyLUT 1 in this case to avoid wrong sky]]
[2024.02.22-02.17.46:344][  0]LogConfig: Setting CVar [[r.SkyAtmosphere.AerialPerspectiveLUT.SampleCountMaxPerSlice:4]]
[2024.02.22-02.17.46:344][  0]LogConfig: Setting CVar [[r.SkyAtmosphere.AerialPerspectiveLUT.DepthResolution:16.0]]
[2024.02.22-02.17.46:344][  0]LogConfig: Setting CVar [[r.SkyAtmosphere.FastSkyLUT:1]]
[2024.02.22-02.17.46:344][  0]LogConfig: Setting CVar [[r.SkyAtmosphere.FastSkyLUT.SampleCountMin:4.0]]
[2024.02.22-02.17.46:344][  0]LogConfig: Setting CVar [[r.SkyAtmosphere.FastSkyLUT.SampleCountMax:128.0]]
[2024.02.22-02.17.46:344][  0]LogConfig: Setting CVar [[r.SkyAtmosphere.SampleCountMin:4.0]]
[2024.02.22-02.17.46:344][  0]LogConfig: Setting CVar [[r.SkyAtmosphere.SampleCountMax:128.0]]
[2024.02.22-02.17.46:344][  0]LogConfig: Setting CVar [[r.SkyAtmosphere.TransmittanceLUT.UseSmallFormat:0]]
[2024.02.22-02.17.46:344][  0]LogConfig: Setting CVar [[r.SkyAtmosphere.TransmittanceLUT.SampleCount:10.0]]
[2024.02.22-02.17.46:344][  0]LogConfig: Setting CVar [[r.SkyAtmosphere.MultiScatteringLUT.SampleCount:15.0]]
[2024.02.22-02.17.46:344][  0]LogConfig: Setting CVar [[r.SkyLight.RealTimeReflectionCapture:1]]
[2024.02.22-02.17.46:344][  0]LogConfig: Applying CVar settings from Section [FoliageQuality@3] File [C:/Users/MSI/Documents/GitHub/Arena-Battle/ArenaBattle/Saved/Config/Windows/Scalability.ini]
[2024.02.22-02.17.46:344][  0]LogConfig: Setting CVar [[foliage.DensityScale:1.0]]
[2024.02.22-02.17.46:344][  0]LogConfig: Setting CVar [[grass.DensityScale:1.0]]
[2024.02.22-02.17.46:344][  0]LogConfig: Applying CVar settings from Section [ShadingQuality@3] File [C:/Users/MSI/Documents/GitHub/Arena-Battle/ArenaBattle/Saved/Config/Windows/Scalability.ini]
[2024.02.22-02.17.46:344][  0]LogConfig: Setting CVar [[r.HairStrands.SkyLighting.IntegrationType:2]]
[2024.02.22-02.17.46:344][  0]LogConfig: Setting CVar [[r.HairStrands.SkyAO.SampleCount:4]]
[2024.02.22-02.17.46:344][  0]LogConfig: Setting CVar [[r.HairStrands.Visibility.MSAA.SamplePerPixel:4]]
[2024.02.22-02.17.46:344][  0]LogInit: Selected Device Profile: [Windows]
[2024.02.22-02.17.46:344][  0]LogInit: Applying CVar settings loaded from the selected device profile: [Windows]
[2024.02.22-02.17.46:344][  0]LogHAL: Display: Platform has ~ 32 GB [34046722048 / 34359738368 / 32], which maps to Largest [LargestMinGB=32, LargerMinGB=12, DefaultMinGB=8, SmallerMinGB=6, SmallestMinGB=0)
[2024.02.22-02.17.46:344][  0]LogInit: Going up to parent DeviceProfile []
[2024.02.22-02.17.46:344][  0]LogConfig: Applying CVar settings from Section [ViewDistanceQuality@3] File [C:/Users/MSI/Documents/GitHub/Arena-Battle/ArenaBattle/Saved/Config/Windows/Scalability.ini]
[2024.02.22-02.17.46:344][  0]LogConfig: Setting CVar [[r.SkeletalMeshLODBias:0]]
[2024.02.22-02.17.46:344][  0]LogConfig: Setting CVar [[r.ViewDistanceScale:1.0]]
[2024.02.22-02.17.46:344][  0]LogConfig: Applying CVar settings from Section [AntiAliasingQuality@3] File [C:/Users/MSI/Documents/GitHub/Arena-Battle/ArenaBattle/Saved/Config/Windows/Scalability.ini]
[2024.02.22-02.17.46:344][  0]LogConfig: Setting CVar [[r.PostProcessAAQuality:4]]
[2024.02.22-02.17.46:344][  0]LogConfig: Applying CVar settings from Section [ShadowQuality@3] File [C:/Users/MSI/Documents/GitHub/Arena-Battle/ArenaBattle/Saved/Config/Windows/Scalability.ini]
[2024.02.22-02.17.46:344][  0]LogConfig: Setting CVar [[r.LightFunctionQuality:1]]
[2024.02.22-02.17.46:344][  0]LogConfig: Setting CVar [[r.ShadowQuality:5]]
[2024.02.22-02.17.46:344][  0]LogConfig: Setting CVar [[r.Shadow.CSM.MaxCascades:10]]
[2024.02.22-02.17.46:344][  0]LogConfig: Setting CVar [[r.Shadow.MaxResolution:2048]]
[2024.02.22-02.17.46:344][  0]LogConfig: Setting CVar [[r.Shadow.MaxCSMResolution:2048]]
[2024.02.22-02.17.46:344][  0]LogConfig: Setting CVar [[r.Shadow.RadiusThreshold:0.01]]
[2024.02.22-02.17.46:345][  0]LogConfig: Setting CVar [[r.Shadow.DistanceScale:1.0]]
[2024.02.22-02.17.46:345][  0]LogConfig: Setting CVar [[r.Shadow.CSM.TransitionScale:1.0]]
[2024.02.22-02.17.46:345][  0]LogConfig: Setting CVar [[r.Shadow.PreShadowResolutionFactor:1.0]]
[2024.02.22-02.17.46:345][  0]LogConfig: Setting CVar [[r.DistanceFieldShadowing:1]]
[2024.02.22-02.17.46:345][  0]LogConfig: Setting CVar [[r.DistanceFieldAO:1]]
[2024.02.22-02.17.46:345][  0]LogConfig: Setting CVar [[r.AOQuality:2]]
[2024.02.22-02.17.46:345][  0]LogConfig: Setting CVar [[r.VolumetricFog:1]]
[2024.02.22-02.17.46:345][  0]LogConfig: Setting CVar [[r.VolumetricFog.GridPixelSize:8]]
[2024.02.22-02.17.46:345][  0]LogConfig: Setting CVar [[r.VolumetricFog.GridSizeZ:128]]
[2024.02.22-02.17.46:345][  0]LogConfig: Setting CVar [[r.VolumetricFog.HistoryMissSupersampleCount:4]]
[2024.02.22-02.17.46:345][  0]LogConfig: Setting CVar [[r.LightMaxDrawDistanceScale:1]]
[2024.02.22-02.17.46:345][  0]LogConfig: Setting CVar [[r.CapsuleShadows:1]]
[2024.02.22-02.17.46:345][  0]LogConfig: Applying CVar settings from Section [PostProcessQuality@3] File [C:/Users/MSI/Documents/GitHub/Arena-Battle/ArenaBattle/Saved/Config/Windows/Scalability.ini]
[2024.02.22-02.17.46:345][  0]LogConfig: Setting CVar [[r.MotionBlurQuality:4]]
[2024.02.22-02.17.46:345][  0]LogConfig: Setting CVar [[r.AmbientOcclusionMipLevelFactor:0.4]]
[2024.02.22-02.17.46:345][  0]LogConfig: Setting CVar [[r.AmbientOcclusionMaxQuality:100]]
[2024.02.22-02.17.46:345][  0]LogConfig: Setting CVar [[r.AmbientOcclusionLevels:-1]]
[2024.02.22-02.17.46:345][  0]LogConfig: Setting CVar [[r.AmbientOcclusionRadiusScale:1.0]]
[2024.02.22-02.17.46:345][  0]LogConfig: Setting CVar [[r.DepthOfFieldQuality:2]]
[2024.02.22-02.17.46:345][  0]LogConfig: Setting CVar [[r.RenderTargetPoolMin:400]]
[2024.02.22-02.17.46:345][  0]LogConfig: Setting CVar [[r.LensFlareQuality:2]]
[2024.02.22-02.17.46:345][  0]LogConfig: Setting CVar [[r.SceneColorFringeQuality:1]]
[2024.02.22-02.17.46:345][  0]LogConfig: Setting CVar [[r.EyeAdaptationQuality:2]]
[2024.02.22-02.17.46:345][  0]LogConfig: Setting CVar [[r.BloomQuality:5]]
[2024.02.22-02.17.46:345][  0]LogConfig: Setting CVar [[r.FastBlurThreshold:100]]
[2024.02.22-02.17.46:345][  0]LogConfig: Setting CVar [[r.Upscale.Quality:3]]
[2024.02.22-02.17.46:345][  0]LogConfig: Setting CVar [[r.Tonemapper.GrainQuantization:1]]
[2024.02.22-02.17.46:345][  0]LogConfig: Setting CVar [[r.LightShaftQuality:1]]
[2024.02.22-02.17.46:345][  0]LogConfig: Setting CVar [[r.Filter.SizeScale:1]]
[2024.02.22-02.17.46:345][  0]LogConfig: Setting CVar [[r.Tonemapper.Quality:5]]
[2024.02.22-02.17.46:345][  0]LogConfig: Setting CVar [[r.DOF.Gather.AccumulatorQuality:1        ; higher gathering accumulator quality]]
[2024.02.22-02.17.46:345][  0]LogConfig: Setting CVar [[r.DOF.Gather.PostfilterMethod:1          ; Median3x3 postfilering method]]
[2024.02.22-02.17.46:345][  0]LogConfig: Setting CVar [[r.DOF.Gather.EnableBokehSettings:0       ; no bokeh simulation when gathering]]
[2024.02.22-02.17.46:345][  0]LogConfig: Setting CVar [[r.DOF.Gather.RingCount:4                 ; medium number of samples when gathering]]
[2024.02.22-02.17.46:345][  0]LogConfig: Setting CVar [[r.DOF.Scatter.ForegroundCompositing:1    ; additive foreground scattering]]
[2024.02.22-02.17.46:345][  0]LogConfig: Setting CVar [[r.DOF.Scatter.BackgroundCompositing:2    ; additive background scattering]]
[2024.02.22-02.17.46:345][  0]LogConfig: Setting CVar [[r.DOF.Scatter.EnableBokehSettings:1      ; bokeh simulation when scattering]]
[2024.02.22-02.17.46:345][  0]LogConfig: Setting CVar [[r.DOF.Scatter.MaxSpriteRatio:0.1         ; only a maximum of 10% of scattered bokeh]]
[2024.02.22-02.17.46:345][  0]LogConfig: Setting CVar [[r.DOF.Recombine.Quality:1                ; cheap slight out of focus]]
[2024.02.22-02.17.46:345][  0]LogConfig: Setting CVar [[r.DOF.Recombine.EnableBokehSettings:0    ; no bokeh simulation on slight out of focus]]
[2024.02.22-02.17.46:345][  0]LogConfig: Setting CVar [[r.DOF.TemporalAAQuality:1                ; more stable temporal accumulation]]
[2024.02.22-02.17.46:345][  0]LogConfig: Setting CVar [[r.DOF.Kernel.MaxForegroundRadius:0.025]]
[2024.02.22-02.17.46:345][  0]LogConfig: Setting CVar [[r.DOF.Kernel.MaxBackgroundRadius:0.025]]
[2024.02.22-02.17.46:345][  0]LogConfig: Applying CVar settings from Section [TextureQuality@3] File [C:/Users/MSI/Documents/GitHub/Arena-Battle/ArenaBattle/Saved/Config/Windows/Scalability.ini]
[2024.02.22-02.17.46:345][  0]LogConfig: Setting CVar [[r.Streaming.MipBias:0]]
[2024.02.22-02.17.46:345][  0]LogConfig: Setting CVar [[r.Streaming.AmortizeCPUToGPUCopy:0]]
[2024.02.22-02.17.46:345][  0]LogConfig: Setting CVar [[r.Streaming.MaxNumTexturesToStreamPerFrame:0]]
[2024.02.22-02.17.46:345][  0]LogConfig: Setting CVar [[r.Streaming.Boost:1]]
[2024.02.22-02.17.46:345][  0]LogConfig: Setting CVar [[r.MaxAnisotropy:8]]
[2024.02.22-02.17.46:345][  0]LogConfig: Setting CVar [[r.VT.MaxAnisotropy:8]]
[2024.02.22-02.17.46:345][  0]LogConfig: Setting CVar [[r.Streaming.LimitPoolSizeToVRAM:0]]
[2024.02.22-02.17.46:345][  0]LogConfig: Setting CVar [[r.Streaming.PoolSize:1000]]
[2024.02.22-02.17.46:345][  0]LogConfig: Setting CVar [[r.Streaming.MaxEffectiveScreenSize:0]]
[2024.02.22-02.17.46:345][  0]LogConfig: Applying CVar settings from Section [EffectsQuality@3] File [C:/Users/MSI/Documents/GitHub/Arena-Battle/ArenaBattle/Saved/Config/Windows/Scalability.ini]
[2024.02.22-02.17.46:345][  0]LogConfig: Setting CVar [[r.TranslucencyLightingVolumeDim:64]]
[2024.02.22-02.17.46:345][  0]LogConfig: Setting CVar [[r.RefractionQuality:2]]
[2024.02.22-02.17.46:345][  0]LogConfig: Setting CVar [[r.SSR.Quality:3]]
[2024.02.22-02.17.46:345][  0]LogConfig: Setting CVar [[r.SSR.HalfResSceneColor:0]]
[2024.02.22-02.17.46:345][  0]LogConfig: Setting CVar [[r.SceneColorFormat:4]]
[2024.02.22-02.17.46:345][  0]LogConfig: Setting CVar [[r.DetailMode:2]]
[2024.02.22-02.17.46:345][  0]LogConfig: Setting CVar [[r.TranslucencyVolumeBlur:1]]
[2024.02.22-02.17.46:345][  0]LogConfig: Setting CVar [[r.MaterialQualityLevel:1 ; High quality]]
[2024.02.22-02.17.46:345][  0]LogConfig: Setting CVar [[r.AnisotropicMaterials:1]]
[2024.02.22-02.17.46:345][  0]LogConfig: Setting CVar [[r.SSS.Scale:1]]
[2024.02.22-02.17.46:345][  0]LogConfig: Setting CVar [[r.SSS.SampleSet:2]]
[2024.02.22-02.17.46:345][  0]LogConfig: Setting CVar [[r.SSS.Quality:1]]
[2024.02.22-02.17.46:345][  0]LogConfig: Setting CVar [[r.SSS.HalfRes:0]]
[2024.02.22-02.17.46:345][  0]LogConfig: Setting CVar [[r.SSGI.Quality:3]]
[2024.02.22-02.17.46:345][  0]LogConfig: Setting CVar [[r.EmitterSpawnRateScale:1.0]]
[2024.02.22-02.17.46:345][  0]LogConfig: Setting CVar [[r.ParticleLightQuality:2]]
[2024.02.22-02.17.46:345][  0]LogConfig: Setting CVar [[r.SkyAtmosphere.AerialPerspectiveLUT.FastApplyOnOpaque:1 ; Always have FastSkyLUT 1 in this case to avoid wrong sky]]
[2024.02.22-02.17.46:345][  0]LogConfig: Setting CVar [[r.SkyAtmosphere.AerialPerspectiveLUT.SampleCountMaxPerSlice:4]]
[2024.02.22-02.17.46:345][  0]LogConfig: Setting CVar [[r.SkyAtmosphere.AerialPerspectiveLUT.DepthResolution:16.0]]
[2024.02.22-02.17.46:345][  0]LogConfig: Setting CVar [[r.SkyAtmosphere.FastSkyLUT:1]]
[2024.02.22-02.17.46:345][  0]LogConfig: Setting CVar [[r.SkyAtmosphere.FastSkyLUT.SampleCountMin:4.0]]
[2024.02.22-02.17.46:345][  0]LogConfig: Setting CVar [[r.SkyAtmosphere.FastSkyLUT.SampleCountMax:128.0]]
[2024.02.22-02.17.46:345][  0]LogConfig: Setting CVar [[r.SkyAtmosphere.SampleCountMin:4.0]]
[2024.02.22-02.17.46:345][  0]LogConfig: Setting CVar [[r.SkyAtmosphere.SampleCountMax:128.0]]
[2024.02.22-02.17.46:345][  0]LogConfig: Setting CVar [[r.SkyAtmosphere.TransmittanceLUT.UseSmallFormat:0]]
[2024.02.22-02.17.46:345][  0]LogConfig: Setting CVar [[r.SkyAtmosphere.TransmittanceLUT.SampleCount:10.0]]
[2024.02.22-02.17.46:345][  0]LogConfig: Setting CVar [[r.SkyAtmosphere.MultiScatteringLUT.SampleCount:15.0]]
[2024.02.22-02.17.46:345][  0]LogConfig: Setting CVar [[r.SkyLight.RealTimeReflectionCapture:1]]
[2024.02.22-02.17.46:345][  0]LogConfig: Applying CVar settings from Section [FoliageQuality@3] File [C:/Users/MSI/Documents/GitHub/Arena-Battle/ArenaBattle/Saved/Config/Windows/Scalability.ini]
[2024.02.22-02.17.46:345][  0]LogConfig: Setting CVar [[foliage.DensityScale:1.0]]
[2024.02.22-02.17.46:345][  0]LogConfig: Setting CVar [[grass.DensityScale:1.0]]
[2024.02.22-02.17.46:345][  0]LogConfig: Applying CVar settings from Section [ShadingQuality@3] File [C:/Users/MSI/Documents/GitHub/Arena-Battle/ArenaBattle/Saved/Config/Windows/Scalability.ini]
[2024.02.22-02.17.46:345][  0]LogConfig: Setting CVar [[r.HairStrands.SkyLighting.IntegrationType:2]]
[2024.02.22-02.17.46:345][  0]LogConfig: Setting CVar [[r.HairStrands.SkyAO.SampleCount:4]]
[2024.02.22-02.17.46:346][  0]LogConfig: Setting CVar [[r.HairStrands.Visibility.MSAA.SamplePerPixel:4]]
[2024.02.22-02.17.46:346][  0]LogConfig: Applying CVar settings from Section [Startup] File [../../../Engine/Config/ConsoleVariables.ini]
[2024.02.22-02.17.46:346][  0]LogConfig: Setting CVar [[net.UseAdaptiveNetUpdateFrequency:0]]
[2024.02.22-02.17.46:346][  0]LogConfig: Setting CVar [[p.chaos.AllowCreatePhysxBodies:1]]
[2024.02.22-02.17.46:346][  0]LogConfig: Setting CVar [[fx.SkipVectorVMBackendOptimizations:1]]
[2024.02.22-02.17.46:346][  0]LogConfig: Applying CVar settings from Section [ConsoleVariables] File [C:/Users/MSI/Documents/GitHub/Arena-Battle/ArenaBattle/Saved/Config/Windows/Engine.ini]
[2024.02.22-02.17.46:346][  0]LogConfig: Applying CVar settings from Section [ConsoleVariables] File [C:/Users/MSI/Documents/GitHub/Arena-Battle/ArenaBattle/Saved/Config/Windows/Editor.ini]
[2024.02.22-02.17.46:346][  0]LogInit: Computer: DESKTOP-VMPIQ2M
[2024.02.22-02.17.46:346][  0]LogInit: User: MSI
[2024.02.22-02.17.46:346][  0]LogInit: CPU Page size=4096, Cores=8
[2024.02.22-02.17.46:346][  0]LogInit: High frequency timer resolution =10.000000 MHz
[2024.02.22-02.17.46:346][  0]LogMemory: Memory total: Physical=31.7GB (32GB approx)
[2024.02.22-02.17.46:346][  0]LogMemory: Platform Memory Stats for Windows
[2024.02.22-02.17.46:346][  0]LogMemory: Process Physical Memory: 150.92 MB used, 150.93 MB peak
[2024.02.22-02.17.46:346][  0]LogMemory: Process Virtual Memory: 131.55 MB used, 131.55 MB peak
[2024.02.22-02.17.46:346][  0]LogMemory: Physical Memory: 8849.95 MB used,  23619.54 MB free, 32469.48 MB total
[2024.02.22-02.17.46:346][  0]LogMemory: Virtual Memory: 134191072.00 MB used,  26655.53 MB free, 134217728.00 MB total
[2024.02.22-02.17.46:358][  0]LogWindows: WindowsPlatformFeatures enabled
[2024.02.22-02.17.46:542][  0]LogInit: Physics initialised using underlying interface: PhysX
[2024.02.22-02.17.46:550][  0]LogInit: Using OS detected language (ko-KR).
[2024.02.22-02.17.46:550][  0]LogInit: Using OS detected locale (ko-KR).
[2024.02.22-02.17.46:577][  0]LogTextLocalizationManager: No specific localization for 'ko-KR' exists, so the 'ko' localization will be used.
[2024.02.22-02.17.46:789][  0]LogInit: Setting process to per monitor DPI aware
[2024.02.22-02.17.46:842][  0]LogWindowsTextInputMethodSystem: Display: IME system deactivated.
[2024.02.22-02.17.46:875][  0]LogSlate: New Slate User Created.  User Index 0, Is Virtual User: 0
[2024.02.22-02.17.46:875][  0]LogSlate: Slate User Registered.  User Index 0, Is Virtual User: 0
[2024.02.22-02.17.47:773][  0]LogD3D11RHI: Loaded GFSDK_Aftermath_Lib.x64.dll
[2024.02.22-02.17.47:794][  0]LogHMD: Failed to initialize OpenVR with code 110
[2024.02.22-02.17.47:794][  0]LogD3D11RHI: D3D11 min allowed feature level: 11_0
[2024.02.22-02.17.47:794][  0]LogD3D11RHI: D3D11 max allowed feature level: 11_0
[2024.02.22-02.17.47:794][  0]LogD3D11RHI: D3D11 adapters:
[2024.02.22-02.17.48:054][  0]LogD3D11RHI:    0. 'NVIDIA GeForce RTX 3060 Laptop GPU' (Feature Level 11_0)
[2024.02.22-02.17.48:054][  0]LogD3D11RHI:       6010/0/16234 MB DedicatedVideo/DedicatedSystem/SharedSystem, Outputs:1, VendorId:0x10de
[2024.02.22-02.17.48:110][  0]LogD3D11RHI:    1. 'Intel(R) UHD Graphics' (Feature Level 11_0)
[2024.02.22-02.17.48:110][  0]LogD3D11RHI:       128/0/16234 MB DedicatedVideo/DedicatedSystem/SharedSystem, Outputs:0, VendorId:0x8086
[2024.02.22-02.17.48:114][  0]LogD3D11RHI:    2. 'Microsoft Basic Render Driver' (Feature Level 11_0)
[2024.02.22-02.17.48:114][  0]LogD3D11RHI:       0/0/16234 MB DedicatedVideo/DedicatedSystem/SharedSystem, Outputs:0, VendorId:0x1414
[2024.02.22-02.17.48:114][  0]LogD3D11RHI: Chosen D3D11 Adapter:
[2024.02.22-02.17.48:114][  0]LogD3D11RHI:     Description : NVIDIA GeForce RTX 3060 Laptop GPU
[2024.02.22-02.17.48:114][  0]LogD3D11RHI:     VendorId    : 10de
[2024.02.22-02.17.48:114][  0]LogD3D11RHI:     DeviceId    : 2520
[2024.02.22-02.17.48:114][  0]LogD3D11RHI:     SubSysId    : 12ea1462
[2024.02.22-02.17.48:114][  0]LogD3D11RHI:     Revision    : 00a1
[2024.02.22-02.17.48:114][  0]LogD3D11RHI:     DedicatedVideoMemory : 6301941760 bytes
[2024.02.22-02.17.48:114][  0]LogD3D11RHI:     DedicatedSystemMemory : 0 bytes
[2024.02.22-02.17.48:114][  0]LogD3D11RHI:     SharedSystemMemory : 17023361024 bytes
[2024.02.22-02.17.48:114][  0]LogD3D11RHI:     AdapterLuid : 0 60821
[2024.02.22-02.17.48:123][  0]LogD3D11RHI: Creating new Direct3DDevice
[2024.02.22-02.17.48:123][  0]LogD3D11RHI:     GPU DeviceId: 0x2520 (for the marketing name, search the web for "GPU Device Id")
[2024.02.22-02.17.48:123][  0]LogWindows: EnumDisplayDevices:
[2024.02.22-02.17.48:124][  0]LogWindows:    0. 'Intel(R) UHD Graphics' (P:1 D:1)
[2024.02.22-02.17.48:126][  0]LogWindows:    1. 'Intel(R) UHD Graphics' (P:0 D:0)
[2024.02.22-02.17.48:127][  0]LogWindows:    2. 'Intel(R) UHD Graphics' (P:0 D:0)
[2024.02.22-02.17.48:129][  0]LogWindows:    3. 'Intel(R) UHD Graphics' (P:0 D:0)
[2024.02.22-02.17.48:130][  0]LogWindows:    4. 'NVIDIA GeForce RTX 3060 Laptop GPU' (P:0 D:0)
[2024.02.22-02.17.48:132][  0]LogWindows: DebugString: PrimaryIsNotTheChoosenAdapter PrimaryIsNotTheChoosenAdapter PrimaryIsNotTheChoosenAdapter PrimaryIsNotTheChoosenAdapter 
[2024.02.22-02.17.48:132][  0]LogD3D11RHI:     Adapter Name: NVIDIA GeForce RTX 3060 Laptop GPU
[2024.02.22-02.17.48:132][  0]LogD3D11RHI:   Driver Version: 546.33 (internal:31.0.15.4633, unified:546.33)
[2024.02.22-02.17.48:132][  0]LogD3D11RHI:      Driver Date: 12-6-2023
[2024.02.22-02.17.48:132][  0]LogRHI: Texture pool is 4207 MB (70% of 6010 MB)
[2024.02.22-02.17.48:132][  0]LogD3D11RHI: Creating D3DDevice using adapter:
[2024.02.22-02.17.48:132][  0]LogD3D11RHI:     Description : NVIDIA GeForce RTX 3060 Laptop GPU
[2024.02.22-02.17.48:132][  0]LogD3D11RHI:     VendorId    : 10de
[2024.02.22-02.17.48:132][  0]LogD3D11RHI:     DeviceId    : 2520
[2024.02.22-02.17.48:132][  0]LogD3D11RHI:     SubSysId    : 12ea1462
[2024.02.22-02.17.48:132][  0]LogD3D11RHI:     Revision    : 00a1
[2024.02.22-02.17.48:132][  0]LogD3D11RHI:     DedicatedVideoMemory : 6301941760 bytes
[2024.02.22-02.17.48:132][  0]LogD3D11RHI:     DedicatedSystemMemory : 0 bytes
[2024.02.22-02.17.48:132][  0]LogD3D11RHI:     SharedSystemMemory : 17023361024 bytes
[2024.02.22-02.17.48:132][  0]LogD3D11RHI:     AdapterLuid : 0 60821
[2024.02.22-02.17.48:314][  0]LogD3D11RHI: RHI has support for 64 bit atomics
[2024.02.22-02.17.48:314][  0]LogD3D11RHI: Async texture creation enabled
[2024.02.22-02.17.48:314][  0]LogD3D11RHI: Array index from any shader is supported
[2024.02.22-02.17.48:344][  0]LogD3D11RHI: GPU Timing Frequency: 1000.000000 (Debug: 2 2)
[2024.02.22-02.17.48:469][  0]LogRHI: GeForceNow SDK initialized: 1
[2024.02.22-02.17.49:255][  0]LogTargetPlatformManager: Display: Loaded TargetPlatform 'AllDesktop'
[2024.02.22-02.17.49:289][  0]LogTargetPlatformManager: Display: Loaded TargetPlatform 'Android'
[2024.02.22-02.17.49:289][  0]LogTargetPlatformManager: Display: Loaded TargetPlatform 'Android_ASTC'
[2024.02.22-02.17.49:289][  0]LogTargetPlatformManager: Display: Loaded TargetPlatform 'Android_DXT'
[2024.02.22-02.17.49:289][  0]LogTargetPlatformManager: Display: Loaded TargetPlatform 'Android_ETC2'
[2024.02.22-02.17.49:289][  0]LogTargetPlatformManager: Display: Loaded TargetPlatform 'AndroidClient'
[2024.02.22-02.17.49:289][  0]LogTargetPlatformManager: Display: Loaded TargetPlatform 'Android_ASTCClient'
[2024.02.22-02.17.49:289][  0]LogTargetPlatformManager: Display: Loaded TargetPlatform 'Android_DXTClient'
[2024.02.22-02.17.49:289][  0]LogTargetPlatformManager: Display: Loaded TargetPlatform 'Android_ETC2Client'
[2024.02.22-02.17.49:289][  0]LogTargetPlatformManager: Display: Loaded TargetPlatform 'Android_Multi'
[2024.02.22-02.17.49:289][  0]LogTargetPlatformManager: Display: Loaded TargetPlatform 'Android_MultiClient'
[2024.02.22-02.17.49:322][  0]LogTargetPlatformManager: Display: Loaded TargetPlatform 'IOSClient'
[2024.02.22-02.17.49:322][  0]LogTargetPlatformManager: Display: Loaded TargetPlatform 'IOS'
[2024.02.22-02.17.49:356][  0]LogTargetPlatformManager: Display: Loaded TargetPlatform 'Linux'
[2024.02.22-02.17.49:365][  0]LogTargetPlatformManager: Display: Loaded TargetPlatform 'LinuxNoEditor'
[2024.02.22-02.17.49:375][  0]LogTargetPlatformManager: Display: Loaded TargetPlatform 'LinuxClient'
[2024.02.22-02.17.49:385][  0]LogTargetPlatformManager: Display: Loaded TargetPlatform 'LinuxServer'
[2024.02.22-02.17.49:410][  0]LogTargetPlatformManager: Display: Loaded TargetPlatform 'LinuxAArch64NoEditor'
[2024.02.22-02.17.49:419][  0]LogTargetPlatformManager: Display: Loaded TargetPlatform 'LinuxAArch64Client'
[2024.02.22-02.17.49:429][  0]LogTargetPlatformManager: Display: Loaded TargetPlatform 'LinuxAArch64Server'
[2024.02.22-02.17.49:478][  0]LogTargetPlatformManager: Display: Loaded TargetPlatform 'Lumin'
[2024.02.22-02.17.49:478][  0]LogTargetPlatformManager: Display: Loaded TargetPlatform 'LuminClient'
[2024.02.22-02.17.49:500][  0]LogTargetPlatformManager: Display: Loaded TargetPlatform 'MacNoEditor'
[2024.02.22-02.17.49:510][  0]LogTargetPlatformManager: Display: Loaded TargetPlatform 'Mac'
[2024.02.22-02.17.49:519][  0]LogTargetPlatformManager: Display: Loaded TargetPlatform 'MacClient'
[2024.02.22-02.17.49:528][  0]LogTargetPlatformManager: Display: Loaded TargetPlatform 'MacServer'
[2024.02.22-02.17.49:545][  0]LogTargetPlatformManager: Display: Loaded TargetPlatform 'TVOSClient'
[2024.02.22-02.17.49:545][  0]LogTargetPlatformManager: Display: Loaded TargetPlatform 'TVOS'
[2024.02.22-02.17.49:558][  0]LogTargetPlatformManager: Display: Loaded TargetPlatform 'WindowsNoEditor'
[2024.02.22-02.17.49:565][  0]LogTargetPlatformManager: Display: Loaded TargetPlatform 'Windows'
[2024.02.22-02.17.49:572][  0]LogTargetPlatformManager: Display: Loaded TargetPlatform 'WindowsClient'
[2024.02.22-02.17.49:578][  0]LogTargetPlatformManager: Display: Loaded TargetPlatform 'WindowsServer'
[2024.02.22-02.17.49:578][  0]LogTargetPlatformManager: Display: Building Assets For Windows
[2024.02.22-02.17.49:591][  0]LogAudioDebug: Display: Lib vorbis DLL was dynamically loaded.
[2024.02.22-02.17.49:655][  0]LogTextureFormatOodle: Display: Oodle Texture 2.9.0 init RDO Off
[2024.02.22-02.17.49:707][  0]LogRendererCore: Ray tracing is disabled. Reason: r.RayTracing=0.
[2024.02.22-02.17.49:707][  0]LogShaderCompilers: Guid format shader working directory is -26 characters bigger than the processId version (../../../../../../Users/MSI/Documents/GitHub/Arena-Battle/ArenaBattle/Intermediate/Shaders/WorkingDirectory/11296/).
[2024.02.22-02.17.49:708][  0]LogShaderCompilers: Cleaned the shader compiler working directory 'C:/Users/MSI/AppData/Local/Temp/UnrealShaderWorkingDir/D828E66746AC210182F6F6815D61F283/'.
[2024.02.22-02.17.49:708][  0]LogXGEController: Cannot use XGE Controller as Incredibuild is not installed on this machine.
[2024.02.22-02.17.49:708][  0]LogShaderCompilers: Cannot use XGE Shader Compiler as Incredibuild is not installed on this machine.
[2024.02.22-02.17.49:708][  0]LogShaderCompilers: Display: Using Local Shader Compiler.
[2024.02.22-02.17.51:245][  0]LogDerivedDataCache: Display: Max Cache Size: 512 MB
[2024.02.22-02.17.51:423][  0]LogDerivedDataCache: Loaded boot cache 0.18s 120MB C:/Users/MSI/AppData/Local/UnrealEngine/4.27/DerivedDataCache/Boot.ddc.
[2024.02.22-02.17.51:423][  0]LogDerivedDataCache: Display: Loaded Boot cache: C:/Users/MSI/AppData/Local/UnrealEngine/4.27/DerivedDataCache/Boot.ddc
[2024.02.22-02.17.51:423][  0]LogDerivedDataCache: FDerivedDataBackendGraph:  Pak pak cache file ../../../../../../Users/MSI/Documents/GitHub/Arena-Battle/ArenaBattle/DerivedDataCache/DDC.ddp not found, will not use a pak cache.
[2024.02.22-02.17.51:423][  0]LogDerivedDataCache: Unable to find inner node Pak for hierarchical cache Hierarchy.
[2024.02.22-02.17.51:423][  0]LogDerivedDataCache: FDerivedDataBackendGraph:  CompressedPak pak cache file ../../../../../../Users/MSI/Documents/GitHub/Arena-Battle/ArenaBattle/DerivedDataCache/Compressed.ddp not found, will not use a pak cache.
[2024.02.22-02.17.51:423][  0]LogDerivedDataCache: Unable to find inner node CompressedPak for hierarchical cache Hierarchy.
[2024.02.22-02.17.51:444][  0]LogDerivedDataCache: Display: Pak cache opened for reading ../../../Engine/DerivedDataCache/Compressed.ddp.
[2024.02.22-02.17.51:444][  0]LogDerivedDataCache: FDerivedDataBackendGraph:  EnterprisePak pak cache file ../../../Enterprise/DerivedDataCache/Compressed.ddp not found, will not use a pak cache.
[2024.02.22-02.17.51:444][  0]LogDerivedDataCache: Unable to find inner node EnterprisePak for hierarchical cache Hierarchy.
[2024.02.22-02.17.51:479][  0]LogDerivedDataCache: Speed tests for C:/Users/MSI/AppData/Local/UnrealEngine/Common/DerivedDataCache took 0.03 seconds
[2024.02.22-02.17.51:479][  0]LogDerivedDataCache: Display: Performance to C:/Users/MSI/AppData/Local/UnrealEngine/Common/DerivedDataCache: Latency=0.56ms. RandomReadSpeed=48.96MBs, RandomWriteSpeed=113.43MBs. Assigned SpeedClass 'Local'
[2024.02.22-02.17.51:480][  0]LogDerivedDataCache: Using Local data cache path C:/Users/MSI/AppData/Local/UnrealEngine/Common/DerivedDataCache: Writable
[2024.02.22-02.17.51:480][  0]LogDerivedDataCache: Shared data cache path not found in *engine.ini, will not use an Shared cache.
[2024.02.22-02.17.51:480][  0]LogDerivedDataCache: Unable to find inner node Shared for hierarchical cache Hierarchy.
[2024.02.22-02.17.51:541][  0]LogSlate: Using FreeType 2.10.0
[2024.02.22-02.17.51:542][  0]LogSlate: SlateFontServices - WITH_FREETYPE: 1, WITH_HARFBUZZ: 1
[2024.02.22-02.17.51:723][  0]LogAssetRegistry: FAssetRegistry took 0.0061 seconds to start up
[2024.02.22-02.17.52:181][  0]LogInit: Selected Device Profile: [Windows]
[2024.02.22-02.17.52:181][  0]LogInit: Active device profile: [000001C170562600][000001C16D3B03C0 49] Windows
[2024.02.22-02.17.52:181][  0]LogInit: Profiles: [000001C170562600][000001C16D3B03C0 49] Windows, [000001C170521C00][000001C168A0A540 49] WindowsNoEditor, [000001C170561C00][000001C168A0E6C0 49] WindowsServer, [000001C170521700][000001C168A12840 49] WindowsClient, [000001C170561600][000001C16D3B4980 49] IOS, [000001C170523C00][000001C168A16AC0 49] iPadAir, [000001C170562900][000001C16819AC00 49] iPadAir2, [000001C1704CA900][000001C1681A6E80 49] IPadPro, [000001C1704CAA00][000001C16819EEC0 49] iPadAir3, [000001C170560100][000001C1681AB040 49] iPadAir4, [000001C1704C8700][000001C1681AF1C0 49] iPadMini2, [000001C170561400][000001C1681B3340 49] iPadMini3, [000001C1704CB000][000001C1681B74C0 49] iPadMini4, [000001C170561D00][000001C1681BB640 49] iPadMini5, [000001C170512200][000001C1681C3900 49] iPhone6, [000001C170512300][000001C1681BF940 49] iPodTouch6, [000001C1704C9600][000001C1681CBC00 49] iPhone7, [000001C1704C9500][000001C1681C60C0 49] iPodTouch7, [000001C170512B00][000001C1681CE240 49] iPhone5S, [000001C1704CB800][000001C1684923C0 49] iPhone6Plus, [000001C170511C00][000001C168496540 49] iPhone6S, [000001C1704C8F00][000001C16849A6C0 49] iPhone6SPlus, [000001C170511800][000001C16849E840 49] iPhone7Plus, [000001C1704C9000][000001C1684A29C0 49] iPhoneSE, [000001C170512600][000001C1684A6B40 49] iPhone8, [000001C1704CAE00][000001C1681A2C80 49] iPhone8Plus, [000001C170513C00][000001C1684AADC0 49] iPhoneX, [000001C1704C9900][000001C1684AEF00 49] iPhoneXS, [000001C170510900][000001C1684B7080 49] iPhoneXSMax, [000001C1704CBB00][000001C1684BB200 49] iPhoneXR, [000001C170513300][000001C1684BF380 49] iPhone11, [000001C1704C8600][000001C1684C3500 49] iPhone11Pro, [000001C170510D00][000001C1684C7680 49] iPhone11ProMax, [000001C1704CA700][000001C1684CB800 49] iPhoneSE2, [000001C170510200][000001C1684CF980 49] iPhone12Mini, [000001C1704C8500][000001C1684D3B00 49] iPhone12, [000001C170511100][000001C1684D6100 49] iPhone12Pro, [000001C1704CAF00][000001C16F77A280 49] iPhone12ProMax, [000001C170513F00][000001C16F77E400 49] iPadPro105, [000001C1704C8400][000001C16F782580 49] iPadPro129, [000001C170513900][000001C16F786700 49] iPadPro97, [000001C1704CB100][000001C16F78A880 49] iPadPro2_129, [000001C170511400][000001C16F78EA00 49] iPad5, [000001C1704C9100][000001C16F792B80 49] iPad6, [000001C170510A00][000001C16F796D00 49] iPad7, [000001C1704CA100][000001C1684B2E40 49] iPad8, [000001C1705A5400][000001C16F79AF80 49] iPadPro11, [000001C170523000][000001C16F79F0C0 49] iPadPro2_11, [000001C1705A5300][000001C16F7A7240 49] iPadPro3_129, [000001C170523700][000001C16F7AB3C0 49] iPadPro4_129, [000001C1705A4D00][000001C16F7AF540 49] AppleTV, [000001C170520700][000001C16F7B36C0 49] AppleTV4K, [000001C1705A4E00][000001C16F7B7840 49] TVOS, [000001C170520F00][000001C16F7BB9C0 49] Mac, [000001C1705A4800][000001C16F7BFB40 49] MacClient, [000001C170510300][000001C16F7C2140 49] MacNoEditor, [000001C1705A4500][000001C16F7C62C0 49] MacServer, [000001C170512900][000001C16F7CA440 49] Linux, [000001C170522E00][000001C16F7CE5C0 49] LinuxAArch64, [000001C170510F00][000001C16F7D2740 49] LinuxNoEditor, [000001C170521400][000001C16F7D68C0 49] LinuxAArch64NoEditor, [000001C1704CB500][000001C16F7DAA40 49] LinuxClient, [000001C170523400][000001C16F7DEBC0 49] LinuxAArch64Client, [000001C1704C8C00][000001C16F7E2D40 49] LinuxServer, [000001C170522C00][000001C16F7E6EC0 49] LinuxAArch64Server, [000001C1704C9F00][000001C16F7A3000 49] Android, [000001C170521A00][000001C16F7EB140 49] Android_Low, [000001C1704CBA00][000001C16F7EF280 49] Android_Mid, [000001C170521000][000001C16F7F33C0 49] Android_High, [000001C1704CAB00][000001C16F7FB540 49] Android_Default, [000001C170522700][000001C16F7FF6C0 49] Android_Adreno4xx, [000001C1704CA600][000001C16F803840 49] Android_Adreno5xx_Low, [000001C170520C00][000001C16F8079C0 49] Android_Adreno5xx, [000001C1704CA400][000001C16F80BB40 49] Android_Adreno6xx, [000001C170522200][000001C16F80E140 49] Android_Adreno6xx_Vulkan, [000001C1704C8B00][000001C16F8122C0 49] Android_Mali_T6xx, [000001C170522F00][000001C16F816440 49] Android_Mali_T7xx, [000001C1704CBD00][000001C16F81A5C0 49] Android_Mali_T8xx, [000001C170520300][000001C16F81E740 49] Android_Mali_G71, [000001C1704C9E00][000001C16F8228C0 49] Android_Mali_G72, [000001C170520400][000001C16F826A40 49] Android_Mali_G72_Vulkan, [000001C1704C9A00][000001C16F82ABC0 49] Android_Mali_G76, [000001C170523600][000001C16F82ED40 49] Android_Mali_G76_Vulkan, [000001C1704C9800][000001C16F832EC0 49] Android_Mali_G77, [000001C170521300][000001C16F837040 49] Android_Mali_G77_Vulkan, [000001C1704CB900][000001C16F7F7180 49] Android_Mali_G78, [000001C170520100][000001C16F83B2C0 49] Android_Mali_G78_Vulkan, [000001C1704C8D00][000001C16F83F400 49] Android_Mali_G710, [000001C170520500][000001C16F843540 49] Android_Mali_G710_Vulkan, [000001C1704CA000][000001C16F84B6C0 49] Android_Vulkan_SM5, [000001C170523900][000001C16F84F840 49] Android_PowerVR_G6xxx, [000001C1704C9400][000001C16F8539C0 49] Android_PowerVR_GT7xxx, [000001C170520200][000001C16F857B40 49] Android_PowerVR_GE8xxx, [000001C1704CBE00][000001C16F85A140 49] Android_PowerVR_GM9xxx, [000001C170521B00][000001C16F85E2C0 49] Android_PowerVR_GM9xxx_Vulkan, [000001C1704CBF00][000001C16F862440 49] Android_TegraK1, [000001C170523A00][000001C16F8665C0 49] Android_Unknown_Vulkan, [000001C1704CA200][000001C16F86A740 49] Lumin, [000001C170520A00][000001C16F86E8C0 49] Lumin_Desktop, [000001C1704C9B00][000001C16F872A40 49] HoloLens, 
[2024.02.22-02.17.52:369][  0]LogMeshReduction: Using QuadricMeshReduction for automatic static mesh reduction
[2024.02.22-02.17.52:369][  0]LogMeshReduction: Using SimplygonMeshReduction for automatic skeletal mesh reduction
[2024.02.22-02.17.52:369][  0]LogMeshReduction: Using ProxyLODMeshReduction for automatic mesh merging
[2024.02.22-02.17.52:369][  0]LogMeshReduction: No distributed automatic mesh merging module available
[2024.02.22-02.17.52:369][  0]LogMeshMerging: No distributed automatic mesh merging module available
[2024.02.22-02.17.52:411][  0]LogNetVersion: ArenaBattle 1.0.0, NetCL: 17155196, EngineNetVer: 17, GameNetVer: 0 (Checksum: 2964408555)
[2024.02.22-02.18.07:525][  0]LogTexture: Default maximum texture size for cubemaps generated from long-lat sources has been changed from 512 to unlimited. In order to preserve old behaiour for '/Engine/MapTemplates/Sky/DaylightAmbientCubemap.DaylightAmbientCubemap', its maximum texture size has been explicitly set to 512.
[2024.02.22-02.18.07:602][  0]LogHMD: PokeAHoleMaterial loaded successfully
[2024.02.22-02.18.07:610][  0]LogUObjectArray: 17178 objects as part of root set at end of initial load.
[2024.02.22-02.18.07:610][  0]LogUObjectAllocator: 4302048 out of 0 bytes used by permanent object pool.
[2024.02.22-02.18.07:610][  0]LogUObjectArray: CloseDisregardForGC: 0/0 objects in disregard for GC pool
[2024.02.22-02.18.08:791][  0]LogPython: Using Python 3.7.7
[2024.02.22-02.18.09:387][  0]LogNiagaraDebuggerClient: Niagara Debugger Client Initialized | Session: 208B2E214E9468E3553EA4ADD697FFCB | Instance: CBD4FEEA44D948C5B633C2881ECBA1BB (DESKTOP-VMPIQ2M-11296).
[2024.02.22-02.18.09:908][  0]LogTcpMessaging: Initializing TcpMessaging bridge
[2024.02.22-02.18.09:920][  0]LogUdpMessaging: Initializing bridge on interface 0.0.0.0:0 to multicast group 230.0.0.1:6666.
[2024.02.22-02.18.10:138][  0]LogOutputDevice: Warning: 

Script Stack (0 frames):

[2024.02.22-02.18.10:138][  0]LogWindows: Windows GetLastError: 작업을 완료했습니다. (0)
[2024.02.22-02.18.18:727][  0]LogWindows: Failed to preload 'C:/Users/MSI/Documents/GitHub/Arena-Battle/ArenaBattle/Binaries/Win64/UE4Editor-ArenaBattleSetting-0007.dll' (GetLastError=1114)
[2024.02.22-02.18.18:740][  0]LogWindows: Error: Error reentered: Assertion failed: GIsHotReload [File:D:/Build/++UE4/Sync/Engine/Source/Runtime/CoreUObject/Private/UObject/UObjectBase.cpp] [Line: 704] 
Trying to recreate class 'UABCharacterSetting' outside of hot reload!

[2024.02.22-02.18.25:333][  0]LogWindows: Failed to load 'C:/Users/MSI/Documents/GitHub/Arena-Battle/ArenaBattle/Binaries/Win64/UE4Editor-ArenaBattle-8520.dll' (GetLastError=1114)
[2024.02.22-02.18.25:335][  0]LogWindows:   Missing import: UE4Editor-ArenaBattleSetting-0007.dll
[2024.02.22-02.18.25:335][  0]LogWindows:   Looked in: ../../../Engine/Binaries/Win64
[2024.02.22-02.18.25:335][  0]LogWindows:   Looked in: ../../../../../../Users/MSI/Documents/GitHub/Arena-Battle/ArenaBattle/Binaries/Win64
[2024.02.22-02.18.25:335][  0]LogWindows:   Looked in: C:\Users\MSI\Documents\GitHub\Arena-Battle\ArenaBattle\Binaries\Win64
[2024.02.22-02.18.25:335][  0]LogWindows:   Looked in: C:\Program Files\Epic Games\UE_4.27\Engine\Plugins\MeshPainting\Binaries\Win64
[2024.02.22-02.18.25:335][  0]LogWindows:   Looked in: C:\Program Files\Epic Games\UE_4.27\Engine\Plugins\Experimental\GeometryProcessing\Binaries\Win64
[2024.02.22-02.18.25:335][  0]LogWindows:   Looked in: C:\Program Files\Epic Games\UE_4.27\Engine\Plugins\XGEController\Binaries\Win64
[2024.02.22-02.18.25:335][  0]LogWindows:   Looked in: C:\Program Files\Epic Games\UE_4.27\Engine\Plugins\2D\Paper2D\Binaries\Win64
[2024.02.22-02.18.25:335][  0]LogWindows:   Looked in: C:\Program Files\Epic Games\UE_4.27\Engine\Plugins\AI\EnvironmentQueryEditor\Binaries\Win64
[2024.02.22-02.18.25:335][  0]LogWindows:   Looked in: C:\Program Files\Epic Games\UE_4.27\Engine\Plugins\AI\AISupport\Binaries\Win64
[2024.02.22-02.18.25:335][  0]LogWindows:   Looked in: C:\Program Files\Epic Games\UE_4.27\Engine\Plugins\Cameras\GameplayCameras\Binaries\Win64
[2024.02.22-02.18.25:335][  0]LogWindows:   Looked in: C:\Program Files\Epic Games\UE_4.27\Engine\Plugins\MovieScene\TemplateSequence\Binaries\Win64
[2024.02.22-02.18.25:335][  0]LogWindows:   Looked in: C:\Program Files\Epic Games\UE_4.27\Engine\Plugins\MovieScene\LevelSequenceEditor\Binaries\Win64
[2024.02.22-02.18.25:335][  0]LogWindows:   Looked in: C:\Program Files\Epic Games\UE_4.27\Engine\Plugins\Cameras\CameraShakePreviewer\Binaries\Win64
[2024.02.22-02.18.25:335][  0]LogWindows:   Looked in: C:\Program Files\Epic Games\UE_4.27\Engine\Plugins\Blendables\LightPropagationVolume\Binaries\Win64
[2024.02.22-02.18.25:335][  0]LogWindows:   Looked in: C:\Program Files\Epic Games\UE_4.27\Engine\Plugins\Editor\AssetManagerEditor\Binaries\Win64
[2024.02.22-02.18.25:335][  0]LogWindows:   Looked in: C:\Program Files\Epic Games\UE_4.27\Engine\Plugins\Editor\CryptoKeys\Binaries\Win64
[2024.02.22-02.18.25:336][  0]LogWindows:   Looked in: C:\Program Files\Epic Games\UE_4.27\Engine\Plugins\Editor\CurveEditorTools\Binaries\Win64
[2024.02.22-02.18.25:336][  0]LogWindows:   Looked in: C:\Program Files\Epic Games\UE_4.27\Engine\Plugins\Editor\DataValidation\Binaries\Win64
[2024.02.22-02.18.25:336][  0]LogWindows:   Looked in: C:\Program Files\Epic Games\UE_4.27\Engine\Plugins\Editor\FacialAnimation\Binaries\Win64
[2024.02.22-02.18.25:336][  0]LogWindows:   Looked in: C:\Program Files\Epic Games\UE_4.27\Engine\Plugins\Editor\GeometryMode\Binaries\Win64
[2024.02.22-02.18.25:336][  0]LogWindows:   Looked in: C:\Program Files\Epic Games\UE_4.27\Engine\Plugins\Editor\GameplayTagsEditor\Binaries\Win64
[2024.02.22-02.18.25:336][  0]LogWindows:   Looked in: C:\Program Files\Epic Games\UE_4.27\Engine\Plugins\Editor\MacGraphicsSwitching\Binaries\Win64
[2024.02.22-02.18.25:336][  0]LogWindows:   Looked in: C:\Program Files\Epic Games\UE_4.27\Engine\Plugins\Editor\MaterialAnalyzer\Binaries\Win64
[2024.02.22-02.18.25:336][  0]LogWindows:   Looked in: C:\Program Files\Epic Games\UE_4.27\Engine\Plugins\Editor\MobileLauncherProfileWizard\Binaries\Win64
[2024.02.22-02.18.25:336][  0]LogWindows:   Looked in: C:\Program Files\Epic Games\UE_4.27\Engine\Plugins\Editor\PluginBrowser\Binaries\Win64
[2024.02.22-02.18.25:336][  0]LogWindows:   Looked in: C:\Program Files\Epic Games\UE_4.27\Engine\Plugins\Developer\PluginUtils\Binaries\Win64
[2024.02.22-02.18.25:336][  0]LogWindows:   Looked in: C:\Program Files\Epic Games\UE_4.27\Engine\Plugins\Editor\SpeedTreeImporter\Binaries\Win64
[2024.02.22-02.18.25:336][  0]LogWindows:   Looked in: C:\Program Files\Epic Games\UE_4.27\Engine\Plugins\Experimental\AlembicImporter\Binaries\Win64
[2024.02.22-02.18.25:336][  0]LogWindows:   Looked in: C:\Program Files\Epic Games\UE_4.27\Engine\Plugins\Experimental\GeometryCache\Binaries\Win64
[2024.02.22-02.18.25:336][  0]LogWindows:   Looked in: C:\Program Files\Epic Games\UE_4.27\Engine\Plugins\Experimental\AutomationUtils\Binaries\Win64
[2024.02.22-02.18.25:336][  0]LogWindows:   Looked in: C:\Program Files\Epic Games\UE_4.27\Engine\Plugins\Tests\ScreenshotTools\Binaries\Win64
[2024.02.22-02.18.25:336][  0]LogWindows:   Looked in: C:\Program Files\Epic Games\UE_4.27\Engine\Plugins\Experimental\BackChannel\Binaries\Win64
[2024.02.22-02.18.25:336][  0]LogWindows:   Looked in: C:\Program Files\Epic Games\UE_4.27\Engine\Plugins\Experimental\ChaosCloth\Binaries\Win64
[2024.02.22-02.18.25:336][  0]LogWindows:   Looked in: C:\Program Files\Epic Games\UE_4.27\Engine\Plugins\Experimental\ChaosClothEditor\Binaries\Win64
[2024.02.22-02.18.25:336][  0]LogWindows:   Looked in: C:\Program Files\Epic Games\UE_4.27\Engine\Plugins\Experimental\ChaosEditor\Binaries\Win64
[2024.02.22-02.18.25:336][  0]LogWindows:   Looked in: C:\Program Files\Epic Games\UE_4.27\Engine\Plugins\Experimental\PlanarCutPlugin\Binaries\Win64
[2024.02.22-02.18.25:336][  0]LogWindows:   Looked in: C:\Program Files\Epic Games\UE_4.27\Engine\Plugins\Runtime\EditableMesh\Binaries\Win64
[2024.02.22-02.18.25:336][  0]LogWindows:   Looked in: C:\Program Files\Epic Games\UE_4.27\Engine\Plugins\Experimental\GeometryCollectionPlugin\Binaries\Win64
[2024.02.22-02.18.25:336][  0]LogWindows:   Looked in: C:\Program Files\Epic Games\UE_4.27\Engine\Plugins\Runtime\ProceduralMeshComponent\Binaries\Win64
[2024.02.22-02.18.25:336][  0]LogWindows:   Looked in: C:\Program Files\Epic Games\UE_4.27\Engine\Plugins\Experimental\ChaosSolverPlugin\Binaries\Win64
[2024.02.22-02.18.25:336][  0]LogWindows:   Looked in: C:\Program Files\Epic Games\UE_4.27\Engine\Plugins\Experimental\ChaosNiagara\Binaries\Win64
[2024.02.22-02.18.25:336][  0]LogWindows:   Looked in: C:\Program Files\Epic Games\UE_4.27\Engine\Plugins\FX\Niagara\Binaries\Win64
[2024.02.22-02.18.25:336][  0]LogWindows:   Looked in: C:\Program Files\Epic Games\UE_4.27\Engine\Plugins\Experimental\PythonScriptPlugin\Binaries\Win64
[2024.02.22-02.18.25:336][  0]LogWindows:   Looked in: C:\Program Files\Epic Games\UE_4.27\Engine\Plugins\Editor\ContentBrowser\ContentBrowserFileDataSource\Binaries\Win64
[2024.02.22-02.18.25:336][  0]LogWindows:   Looked in: C:\Program Files\Epic Games\UE_4.27\Engine\Plugins\Enterprise\DatasmithContent\Binaries\Win64
[2024.02.22-02.18.25:336][  0]LogWindows:   Looked in: C:\Program Files\Epic Games\UE_4.27\Engine\Plugins\Enterprise\VariantManagerContent\Binaries\Win64
[2024.02.22-02.18.25:336][  0]LogWindows:   Looked in: C:\Program Files\Epic Games\UE_4.27\Engine\Plugins\Experimental\CharacterAI\Binaries\Win64
[2024.02.22-02.18.25:336][  0]LogWindows:   Looked in: C:\Program Files\Epic Games\UE_4.27\Engine\Plugins\Developer\AnimationSharing\Binaries\Win64
[2024.02.22-02.18.25:336][  0]LogWindows:   Looked in: C:\Program Files\Epic Games\UE_4.27\Engine\Plugins\Runtime\SignificanceManager\Binaries\Win64
[2024.02.22-02.18.25:336][  0]LogWindows:   Looked in: C:\Program Files\Epic Games\UE_4.27\Engine\Plugins\Developer\CodeLiteSourceCodeAccess\Binaries\Win64
[2024.02.22-02.18.25:336][  0]LogWindows:   Looked in: C:\Program Files\Epic Games\UE_4.27\Engine\Plugins\Developer\CLionSourceCodeAccess\Binaries\Win64
[2024.02.22-02.18.25:336][  0]LogWindows:   Looked in: C:\Program Files\Epic Games\UE_4.27\Engine\Plugins\Developer\NullSourceCodeAccess\Binaries\Win64
[2024.02.22-02.18.25:336][  0]LogWindows:   Looked in: C:\Program Files\Epic Games\UE_4.27\Engine\Plugins\Developer\PerforceSourceControl\Binaries\Win64
[2024.02.22-02.18.25:336][  0]LogWindows:   Looked in: C:\Program Files\Epic Games\UE_4.27\Engine\Plugins\Developer\KDevelopSourceCodeAccess\Binaries\Win64
[2024.02.22-02.18.25:336][  0]LogWindows:   Looked in: C:\Program Files\Epic Games\UE_4.27\Engine\Plugins\Developer\PixWinPlugin\Binaries\Win64
[2024.02.22-02.18.25:337][  0]LogWindows:   Looked in: C:\Program Files\Epic Games\UE_4.27\Engine\Plugins\Developer\GitSourceControl\Binaries\Win64
[2024.02.22-02.18.25:337][  0]LogWindows:   Looked in: C:\Program Files\Epic Games\UE_4.27\Engine\Plugins\Developer\PlasticSourceControl\Binaries\Win64
[2024.02.22-02.18.25:337][  0]LogWindows:   Looked in: C:\Program Files\Epic Games\UE_4.27\Engine\Plugins\Developer\PropertyAccessNode\Binaries\Win64
[2024.02.22-02.18.25:337][  0]LogWindows:   Looked in: C:\Program Files\Epic Games\UE_4.27\Engine\Plugins\Runtime\PropertyAccess\Binaries\Win64
[2024.02.22-02.18.25:337][  0]LogWindows:   Looked in: C:\Program Files\Epic Games\UE_4.27\Engine\Plugins\Developer\RiderSourceCodeAccess\Binaries\Win64
[2024.02.22-02.18.25:337][  0]LogWindows:   Looked in: C:\Program Files\Epic Games\UE_4.27\Engine\Plugins\Developer\SubversionSourceControl\Binaries\Win64
[2024.02.22-02.18.25:337][  0]LogWindows:   Looked in: C:\Program Files\Epic Games\UE_4.27\Engine\Plugins\Developer\TextureFormatOodle\Binaries\Win64
[2024.02.22-02.18.25:337][  0]LogWindows:   Looked in: C:\Program Files\Epic Games\UE_4.27\Engine\Plugins\Experimental\MotoSynth\Binaries\Win64
[2024.02.22-02.18.25:337][  0]LogWindows:   Looked in: C:\Program Files\Epic Games\UE_4.27\Engine\Plugins\Experimental\OpenImageDenoise\Binaries\Win64
[2024.02.22-02.18.25:337][  0]LogWindows:   Looked in: C:\Program Files\Epic Games\UE_4.27\Engine\Plugins\Developer\UObjectPlugin\Binaries\Win64
[2024.02.22-02.18.25:337][  0]LogWindows:   Looked in: C:\Program Files\Epic Games\UE_4.27\Engine\Plugins\Experimental\ProxyLODPlugin\Binaries\Win64
[2024.02.22-02.18.25:337][  0]LogWindows:   Looked in: C:\Program Files\Epic Games\UE_4.27\Engine\Plugins\Experimental\PlatformCrypto\Binaries\Win64
[2024.02.22-02.18.25:337][  0]LogWindows:   Looked in: C:\Program Files\Epic Games\UE_4.27\Engine\Plugins\Developer\VisualStudioCodeSourceCodeAccess\Binaries\Win64
[2024.02.22-02.18.25:337][  0]LogWindows:   Looked in: C:\Program Files\Epic Games\UE_4.27\Engine\Plugins\Developer\VisualStudioSourceCodeAccess\Binaries\Win64
[2024.02.22-02.18.25:337][  0]LogWindows:   Looked in: C:\Program Files\Epic Games\UE_4.27\Engine\Plugins\Experimental\SkeletalReduction\Binaries\Win64
[2024.02.22-02.18.25:337][  0]LogWindows:   Looked in: C:\Program Files\Epic Games\UE_4.27\Engine\Plugins\Developer\XCodeSourceCodeAccess\Binaries\Win64
[2024.02.22-02.18.25:337][  0]LogWindows:   Looked in: C:\Program Files\Epic Games\UE_4.27\Engine\Plugins\Lumin\LuminPlatformFeatures\Binaries\Win64
[2024.02.22-02.18.25:337][  0]LogWindows:   Looked in: C:\Program Files\Epic Games\UE_4.27\Engine\Plugins\Lumin\MLSDK\Binaries\Win64
[2024.02.22-02.18.25:337][  0]LogWindows:   Looked in: C:\Program Files\Epic Games\UE_4.27\Engine\Plugins\Lumin\MagicLeap\Binaries\Win64
[2024.02.22-02.18.25:337][  0]LogWindows:   Looked in: C:\Program Files\Epic Games\UE_4.27\Engine\Plugins\Lumin\MagicLeapPassableWorld\Binaries\Win64
[2024.02.22-02.18.25:337][  0]LogWindows:   Looked in: C:\Program Files\Epic Games\UE_4.27\Engine\Plugins\Lumin\MagicLeapLightEstimation\Binaries\Win64
[2024.02.22-02.18.25:337][  0]LogWindows:   Looked in: C:\Program Files\Epic Games\UE_4.27\Engine\Plugins\Lumin\MagicLeapMedia\Binaries\Win64
[2024.02.22-02.18.25:337][  0]LogWindows:   Looked in: C:\Program Files\Epic Games\UE_4.27\Engine\Plugins\Messaging\TcpMessaging\Binaries\Win64
[2024.02.22-02.18.25:337][  0]LogWindows:   Looked in: C:\Program Files\Epic Games\UE_4.27\Engine\Plugins\Messaging\UdpMessaging\Binaries\Win64
[2024.02.22-02.18.25:337][  0]LogWindows:   Looked in: C:\Program Files\Epic Games\UE_4.27\Engine\Plugins\Media\AndroidMedia\Binaries\Win64
[2024.02.22-02.18.25:337][  0]LogWindows:   Looked in: C:\Program Files\Epic Games\UE_4.27\Engine\Plugins\Media\AvfMedia\Binaries\Win64
[2024.02.22-02.18.25:337][  0]LogWindows:   Looked in: C:\Program Files\Epic Games\UE_4.27\Engine\Plugins\Media\ImgMedia\Binaries\Win64
[2024.02.22-02.18.25:337][  0]LogWindows:   Looked in: C:\Program Files\Epic Games\UE_4.27\Engine\Plugins\Media\MediaCompositing\Binaries\Win64
[2024.02.22-02.18.25:337][  0]LogWindows:   Looked in: C:\Program Files\Epic Games\UE_4.27\Engine\Plugins\Media\MediaPlayerEditor\Binaries\Win64
[2024.02.22-02.18.25:337][  0]LogWindows:   Looked in: C:\Program Files\Epic Games\UE_4.27\Engine\Plugins\Media\WmfMedia\Binaries\Win64
[2024.02.22-02.18.25:337][  0]LogWindows:   Looked in: C:\Program Files\Epic Games\UE_4.27\Engine\Plugins\Portal\LauncherChunkInstaller\Binaries\Win64
[2024.02.22-02.18.25:337][  0]LogWindows:   Looked in: C:\Program Files\Epic Games\UE_4.27\Engine\Plugins\MovieScene\ActorSequence\Binaries\Win64
[2024.02.22-02.18.25:337][  0]LogWindows:   Looked in: C:\Program Files\Epic Games\UE_4.27\Engine\Plugins\MovieScene\MatineeToLevelSequence\Binaries\Win64
[2024.02.22-02.18.25:337][  0]LogWindows:   Looked in: C:\Program Files\Epic Games\UE_4.27\Engine\Plugins\Runtime\ActorLayerUtilities\Binaries\Win64
[2024.02.22-02.18.25:337][  0]LogWindows:   Looked in: C:\Program Files\Epic Games\UE_4.27\Engine\Plugins\Online\OnlineSubsystem\Binaries\Win64
[2024.02.22-02.18.25:337][  0]LogWindows:   Looked in: C:\Program Files\Epic Games\UE_4.27\Engine\Plugins\Runtime\AndroidDeviceProfileSelector\Binaries\Win64
[2024.02.22-02.18.25:337][  0]LogWindows:   Looked in: C:\Program Files\Epic Games\UE_4.27\Engine\Plugins\Runtime\AndroidMoviePlayer\Binaries\Win64
[2024.02.22-02.18.25:337][  0]LogWindows:   Looked in: C:\Program Files\Epic Games\UE_4.27\Engine\Plugins\Online\OnlineSubsystemNull\Binaries\Win64
[2024.02.22-02.18.25:337][  0]LogWindows:   Looked in: C:\Program Files\Epic Games\UE_4.27\Engine\Plugins\Online\OnlineSubsystemUtils\Binaries\Win64
[2024.02.22-02.18.25:337][  0]LogWindows:   Looked in: C:\Program Files\Epic Games\UE_4.27\Engine\Plugins\Runtime\AndroidPermission\Binaries\Win64
[2024.02.22-02.18.25:337][  0]LogWindows:   Looked in: C:\Program Files\Epic Games\UE_4.27\Engine\Plugins\Runtime\AppleImageUtils\Binaries\Win64
[2024.02.22-02.18.25:337][  0]LogWindows:   Looked in: C:\Program Files\Epic Games\UE_4.27\Engine\Plugins\Runtime\AppleMoviePlayer\Binaries\Win64
[2024.02.22-02.18.25:337][  0]LogWindows:   Looked in: C:\Program Files\Epic Games\UE_4.27\Engine\Plugins\Runtime\ArchVisCharacter\Binaries\Win64
[2024.02.22-02.18.25:337][  0]LogWindows:   Looked in: C:\Program Files\Epic Games\UE_4.27\Engine\Plugins\Runtime\AssetTags\Binaries\Win64
[2024.02.22-02.18.25:337][  0]LogWindows:   Looked in: C:\Program Files\Epic Games\UE_4.27\Engine\Plugins\Runtime\AudioCapture\Binaries\Win64
[2024.02.22-02.18.25:337][  0]LogWindows:   Looked in: C:\Program Files\Epic Games\UE_4.27\Engine\Plugins\Runtime\CableComponent\Binaries\Win64
[2024.02.22-02.18.25:337][  0]LogWindows:   Looked in: C:\Program Files\Epic Games\UE_4.27\Engine\Plugins\Runtime\ChunkDownloader\Binaries\Win64
[2024.02.22-02.18.25:337][  0]LogWindows:   Looked in: C:\Program Files\Epic Games\UE_4.27\Engine\Plugins\Runtime\CustomMeshComponent\Binaries\Win64
[2024.02.22-02.18.25:337][  0]LogWindows:   Looked in: C:\Program Files\Epic Games\UE_4.27\Engine\Plugins\Runtime\ExampleDeviceProfileSelector\Binaries\Win64
[2024.02.22-02.18.25:337][  0]LogWindows:   Looked in: C:\Program Files\Epic Games\UE_4.27\Engine\Plugins\Runtime\GoogleCloudMessaging\Binaries\Win64
[2024.02.22-02.18.25:338][  0]LogWindows:   Looked in: C:\Program Files\Epic Games\UE_4.27\Engine\Plugins\Runtime\GooglePAD\Binaries\Win64
[2024.02.22-02.18.25:338][  0]LogWindows:   Looked in: C:\Program Files\Epic Games\UE_4.27\Engine\Plugins\Runtime\IOSDeviceProfileSelector\Binaries\Win64
[2024.02.22-02.18.25:338][  0]LogWindows:   Looked in: C:\Program Files\Epic Games\UE_4.27\Engine\Plugins\Runtime\LinuxDeviceProfileSelector\Binaries\Win64
[2024.02.22-02.18.25:338][  0]LogWindows:   Looked in: C:\Program Files\Epic Games\UE_4.27\Engine\Plugins\Runtime\LocationServicesBPLibrary\Binaries\Win64
[2024.02.22-02.18.25:338][  0]LogWindows:   Looked in: C:\Program Files\Epic Games\UE_4.27\Engine\Plugins\Runtime\MobilePatchingUtils\Binaries\Win64
[2024.02.22-02.18.25:338][  0]LogWindows:   Looked in: C:\Program Files\Epic Games\UE_4.27\Engine\Plugins\Runtime\OpenXR\Binaries\Win64
[2024.02.22-02.18.25:338][  0]LogWindows:   Looked in: C:\Program Files\Epic Games\UE_4.27\Engine\Plugins\Runtime\OpenXREyeTracker\Binaries\Win64
[2024.02.22-02.18.25:338][  0]LogWindows:   Looked in: C:\Program Files\Epic Games\UE_4.27\Engine\Plugins\Runtime\OpenXRHandTracking\Binaries\Win64
[2024.02.22-02.18.25:338][  0]LogWindows:   Looked in: C:\Program Files\Epic Games\UE_4.27\Engine\Plugins\Animation\LiveLink\Binaries\Win64
[2024.02.22-02.18.25:338][  0]LogWindows:   Looked in: C:\Program Files\Epic Games\UE_4.27\Engine\Plugins\VirtualProduction\Takes\Binaries\Win64
[2024.02.22-02.18.25:338][  0]LogWindows:   Looked in: C:\Program Files\Epic Games\UE_4.27\Engine\Plugins\Runtime\PhysXVehicles\Binaries\Win64
[2024.02.22-02.18.25:338][  0]LogWindows:   Looked in: C:\Program Files\Epic Games\UE_4.27\Engine\Plugins\Runtime\PostSplashScreen\Binaries\Win64
[2024.02.22-02.18.25:338][  0]LogWindows:   Looked in: C:\Program Files\Epic Games\UE_4.27\Engine\Plugins\Runtime\RuntimePhysXCooking\Binaries\Win64
[2024.02.22-02.18.25:338][  0]LogWindows:   Looked in: C:\Program Files\Epic Games\UE_4.27\Engine\Plugins\Runtime\SoundFields\Binaries\Win64
[2024.02.22-02.18.25:338][  0]LogWindows:   Looked in: C:\Program Files\Epic Games\UE_4.27\Engine\Plugins\Runtime\Synthesis\Binaries\Win64
[2024.02.22-02.18.25:338][  0]LogWindows:   Looked in: C:\Program Files\Epic Games\UE_4.27\Engine\Plugins\Runtime\AudioSynesthesia\Binaries\Win64
[2024.02.22-02.18.25:338][  0]LogWindows:   Looked in: C:\Program Files\Epic Games\UE_4.27\Engine\Plugins\Runtime\WebMMoviePlayer\Binaries\Win64
[2024.02.22-02.18.25:338][  0]LogWindows:   Looked in: C:\Program Files\Epic Games\UE_4.27\Engine\Plugins\Media\WebMMedia\Binaries\Win64
[2024.02.22-02.18.25:338][  0]LogWindows:   Looked in: C:\Program Files\Epic Games\UE_4.27\Engine\Plugins\Runtime\WindowsMoviePlayer\Binaries\Win64
[2024.02.22-02.18.25:338][  0]LogWindows:   Looked in: C:\Program Files\Epic Games\UE_4.27\Engine\Plugins\Compression\OodleData\Binaries\Win64
[2024.02.22-02.18.25:338][  0]LogWindows:   Looked in: C:\Program Files\Epic Games\UE_4.27\Engine\Plugins\Compression\OodleNetwork\Binaries\Win64
[2024.02.22-02.18.25:338][  0]LogWindows:   Looked in: C:\Program Files\Epic Games\UE_4.27\Engine\Plugins\Editor\ContentBrowser\ContentBrowserAssetDataSource\Binaries\Win64
[2024.02.22-02.18.25:338][  0]LogWindows:   Looked in: C:\Program Files\Epic Games\UE_4.27\Engine\Plugins\Editor\ContentBrowser\ContentBrowserClassDataSource\Binaries\Win64
[2024.02.22-02.18.25:338][  0]LogWindows:   Looked in: C:\Program Files\Epic Games\UE_4.27\Engine\Plugins\Online\Android\OnlineSubsystemGooglePlay\Binaries\Win64
[2024.02.22-02.18.25:338][  0]LogWindows:   Looked in: C:\Program Files\Epic Games\UE_4.27\Engine\Plugins\Online\IOS\OnlineSubsystemIOS\Binaries\Win64
[2024.02.22-02.18.25:338][  0]LogWindows:   Looked in: C:\Program Files\Epic Games\UE_4.27\Engine\Plugins\Runtime\Oculus\OculusVR\Binaries\Win64
[2024.02.22-02.18.25:338][  0]LogWindows:   Looked in: C:\Program Files\Epic Games\UE_4.27\Engine\Plugins\Runtime\Steam\SteamVR\Binaries\Win64
[2024.02.22-02.18.25:338][  0]LogWindows:   Looked in: C:\Program Files\Epic Games\UE_4.27\Engine\Binaries\Win64\(Path="")\lib\win64
[2024.02.22-02.18.25:338][  0]LogWindows:   Looked in: C:\Program Files\Epic Games\UE_4.27\Engine\Binaries\Win64\Android
[2024.02.22-02.18.25:338][  0]LogWindows:   Looked in: C:\Program Files\Epic Games\UE_4.27\Engine\Binaries\Win64\IOS
[2024.02.22-02.18.25:338][  0]LogWindows:   Looked in: C:\Program Files\Epic Games\UE_4.27\Engine\Binaries\Win64\Linux
[2024.02.22-02.18.25:338][  0]LogWindows:   Looked in: C:\Program Files\Epic Games\UE_4.27\Engine\Binaries\Win64\Lumin
[2024.02.22-02.18.25:338][  0]LogModuleManager: Warning: ModuleManager: Unable to load module 'C:/Users/MSI/Documents/GitHub/Arena-Battle/ArenaBattle/Binaries/Win64/UE4Editor-ArenaBattle-8520.dll' because the file couldn't be loaded by the OS.
[2024.02.22-02.18.28:036][  0]Message dialog closed, result: Ok, title: 메시지, text: ArenaBattle' 게임 모듈을 로드하지 못했습니다. 운영체제 오류가 있거나 모듈 설정이 제대로 되지 않았을 수 있습니다. 또는 빌드에 포함된 플러그인이 켜짐 상태가 아닐 수 있습니다.
[2024.02.22-02.18.28:037][  0]LogCore: Engine exit requested (reason: EngineExit() was called)
[2024.02.22-02.18.28:055][  0]LogSlate: Slate User Destroyed.  User Index 0, Is Virtual User: 0
[2024.02.22-02.18.28:055][  0]LogExit: Preparing to exit.
[2024.02.22-02.18.28:338][  0]LogUObjectHash: Compacting FUObjectHashTables data took   2.43ms
[2024.02.22-02.18.28:466][  0]LogWindows: Error: Error reentered: Assertion failed: Object->HasAnyFlags( RF_BeginDestroyed ) && !Object->HasAnyFlags( RF_FinishDestroyed ) [File:D:/Build/++UE4/Sync/Engine/Source/Runtime/CoreUObject/Private/UObject/GarbageCollection.cpp] [Line: 1574] 


[2024.02.22-02.18.30:536][  0]LogWindows: Error: === Critical error: ===
[2024.02.22-02.18.30:536][  0]LogWindows: Error: 
[2024.02.22-02.18.30:536][  0]LogWindows: Error: Assertion failed: GIsHotReload [File:D:/Build/++UE4/Sync/Engine/Source/Runtime/CoreUObject/Private/UObject/UObjectBase.cpp] [Line: 704] 
[2024.02.22-02.18.30:536][  0]LogWindows: Error: Trying to recreate class 'UABCharacterSetting' outside of hot reload!
[2024.02.22-02.18.30:536][  0]LogWindows: Error: 
[2024.02.22-02.18.30:536][  0]LogWindows: Error: 
[2024.02.22-02.18.30:536][  0]LogWindows: Error: [Callstack] 0x00007ff863f4cf19 KERNELBASE.dll!UnknownFunction []
[2024.02.22-02.18.30:537][  0]LogWindows: Error: [Callstack] 0x00007fffc23d0216 UE4Editor-Core.dll!ReportAssert() [D:\Build\++UE4\Sync\Engine\Source\Runtime\Core\Private\Windows\WindowsPlatformCrashContext.cpp:1644]
[2024.02.22-02.18.30:537][  0]LogWindows: Error: [Callstack] 0x00007fffc23d4218 UE4Editor-Core.dll!FWindowsErrorOutputDevice::Serialize() [D:\Build\++UE4\Sync\Engine\Source\Runtime\Core\Private\Windows\WindowsErrorOutputDevice.cpp:78]
[2024.02.22-02.18.30:537][  0]LogWindows: Error: [Callstack] 0x00007fffc20f242d UE4Editor-Core.dll!FOutputDevice::LogfImpl() [D:\Build\++UE4\Sync\Engine\Source\Runtime\Core\Private\Misc\OutputDevice.cpp:61]
[2024.02.22-02.18.30:537][  0]LogWindows: Error: [Callstack] 0x00007fffc2046a45 UE4Editor-Core.dll!AssertFailedImplV() [D:\Build\++UE4\Sync\Engine\Source\Runtime\Core\Private\Misc\AssertionMacros.cpp:104]
[2024.02.22-02.18.30:537][  0]LogWindows: Error: [Callstack] 0x00007fffc20480a0 UE4Editor-Core.dll!FDebug::CheckVerifyFailedImpl() [D:\Build\++UE4\Sync\Engine\Source\Runtime\Core\Private\Misc\AssertionMacros.cpp:461]
[2024.02.22-02.18.30:537][  0]LogWindows: Error: [Callstack] 0x00007ff8070c2a7f UE4Editor-CoreUObject.dll!IncrementalDestroyGarbage() [D:\Build\++UE4\Sync\Engine\Source\Runtime\CoreUObject\Private\UObject\GarbageCollection.cpp:1574]
[2024.02.22-02.18.30:537][  0]LogWindows: Error: [Callstack] 0x00007ff8070c3642 UE4Editor-CoreUObject.dll!IncrementalPurgeGarbage() [D:\Build\++UE4\Sync\Engine\Source\Runtime\CoreUObject\Private\UObject\GarbageCollection.cpp:1511]
[2024.02.22-02.18.30:537][  0]LogWindows: Error: [Callstack] 0x00007ff80723ecaf UE4Editor-CoreUObject.dll!StaticExit() [D:\Build\++UE4\Sync\Engine\Source\Runtime\CoreUObject\Private\UObject\Obj.cpp:4568]
[2024.02.22-02.18.30:537][  0]LogWindows: Error: [Callstack] 0x00007ff8070a9bd7 UE4Editor-CoreUObject.dll!TBaseStaticDelegateInstance<void __cdecl(void),FDefaultDelegateUserPolicy>::ExecuteIfSafe() [D:\Build\++UE4\Sync\Engine\Source\Runtime\Core\Public\Delegates\DelegateInstancesImpl.h:731]
[2024.02.22-02.18.30:537][  0]LogWindows: Error: [Callstack] 0x00007ff766b688ed UE4Editor.exe!TMulticastDelegate<void __cdecl(void),FDefaultDelegateUserPolicy>::Broadcast() [D:\Build\++UE4\Sync\Engine\Source\Runtime\Core\Public\Delegates\DelegateSignatureImpl.inl:955]
[2024.02.22-02.18.30:537][  0]LogWindows: Error: [Callstack] 0x00007ff766b6823d UE4Editor.exe!FEngineLoop::AppPreExit() [D:\Build\++UE4\Sync\Engine\Source\Runtime\Launch\Private\LaunchEngineLoop.cpp:5814]
[2024.02.22-02.18.30:537][  0]LogWindows: Error: [Callstack] 0x00007ff766b7048a UE4Editor.exe!FEngineLoop::Exit() [D:\Build\++UE4\Sync\Engine\Source\Runtime\Launch\Private\LaunchEngineLoop.cpp:4266]
[2024.02.22-02.18.30:537][  0]LogWindows: Error: [Callstack] 0x00007ff766b71063 UE4Editor.exe!GuardedMain() [D:\Build\++UE4\Sync\Engine\Source\Runtime\Launch\Private\Launch.cpp:192]
[2024.02.22-02.18.30:537][  0]LogWindows: Error: [Callstack] 0x00007ff766b710ba UE4Editor.exe!GuardedMainWrapper() [D:\Build\++UE4\Sync\Engine\Source\Runtime\Launch\Private\Windows\LaunchWindows.cpp:137]
[2024.02.22-02.18.30:537][  0]LogWindows: Error: [Callstack] 0x00007ff766b740dd UE4Editor.exe!LaunchWindowsStartup() [D:\Build\++UE4\Sync\Engine\Source\Runtime\Launch\Private\Windows\LaunchWindows.cpp:273]
[2024.02.22-02.18.30:537][  0]LogWindows: Error: [Callstack] 0x00007ff766b85984 UE4Editor.exe!WinMain() [D:\Build\++UE4\Sync\Engine\Source\Runtime\Launch\Private\Windows\LaunchWindows.cpp:320]
[2024.02.22-02.18.30:537][  0]LogWindows: Error: [Callstack] 0x00007ff766b8853a UE4Editor.exe!__scrt_common_main_seh() [d:\agent\_work\5\s\src\vctools\crt\vcstartup\src\startup\exe_common.inl:288]
[2024.02.22-02.18.30:537][  0]LogWindows: Error: [Callstack] 0x00007ff864b17344 KERNEL32.DLL!UnknownFunction []
[2024.02.22-02.18.30:537][  0]LogWindows: Error: [Callstack] 0x00007ff8662226b1 ntdll.dll!UnknownFunction []
[2024.02.22-02.18.30:537][  0]LogWindows: Error: 
[2024.02.22-02.18.30:548][  0]LogExit: Executing StaticShutdownAfterError
[2024.02.22-02.18.30:549][  0]LogWindows: FPlatformMisc::RequestExit(1)
[2024.02.22-02.18.30:549][  0]LogWindows: FPlatformMisc::RequestExitWithStatus(1, 3)
[2024.02.22-02.18.30:549][  0]LogCore: Engine exit requested (reason: Win RequestExit; note: exit was already requested)
[2024.02.22-02.18.30:559][  0]Log file closed, 02/22/24 11:18:30
