  Using 'git status' to determine working set for adaptive non-unity build (C:\Users\MSI\Documents\GitHub\Arena-Battle).
  Parsing headers for ArenaBattleEditor
    Running UnrealHeaderTool "C:\Users\MSI\Documents\GitHub\Arena-Battle\ArenaBattle\ArenaBattle.uproject" "C:\Users\MSI\Documents\GitHub\Arena-Battle\ArenaBattle\Intermediate\Build\Win64\ArenaBattleEditor\Development\ArenaBattleEditor.uhtmanifest" -LogCmds="loginit warning, logexit warning, logdatabase error" -Unattended -WarningsAsErrors -abslog="C:\Users\MSI\AppData\Local\UnrealBuildTool\Log_UHT.txt" -installed
  LogInit: Display: Loading text-based GConfig....
  Reflection code generated for ArenaBattleEditor in 6.4881761 seconds
  Building ArenaBattleEditor...
  Using Visual Studio 2019 14.29.30147 toolchain (C:\Program Files (x86)\Microsoft Visual Studio\2019\Community\VC\Tools\MSVC\14.29.30133) and Windows 10.0.19041.0 SDK (C:\Program Files (x86)\Windows Kits\10).
  Building 9 actions with 16 processes...
    [1/9] ABPawn.cpp
    [2/9] ABGameMode.cpp
    [3/9] ABPawn.gen.cpp
    [4/9] ABPlayerController.cpp
    [5/9] ABGameMode.gen.cpp
    [6/9] ABPlayerController.gen.cpp
    [7/9] UE4Editor-ArenaBattle-0019.lib
       C:\Users\MSI\Documents\GitHub\Arena-Battle\ArenaBattle\Intermediate\Build\Win64\UE4Editor\Development\ArenaBattle\UE4Editor-ArenaBattle-0019.lib 라이브러리 및 C:\Users\MSI\Documents\GitHub\Arena-Battle\ArenaBattle\Intermediate\Build\Win64\UE4Editor\Development\ArenaBattle\UE4Editor-ArenaBattle-0019.exp 개체를 생성하고 있습니다.
    [8/9] UE4Editor-ArenaBattle-0019.dll
       C:\Users\MSI\Documents\GitHub\Arena-Battle\ArenaBattle\Intermediate\Build\Win64\UE4Editor\Development\ArenaBattle\UE4Editor-ArenaBattle-0019.suppressed.lib 라이브러리 및 C:\Users\MSI\Documents\GitHub\Arena-Battle\ArenaBattle\Intermediate\Build\Win64\UE4Editor\Development\ArenaBattle\UE4Editor-ArenaBattle-0019.suppressed.exp 개체를 생성하고 있습니다.
    [9/9] ArenaBattleEditor.target
  Total time in Parallel executor: 8.79 seconds
  Total execution time: 17.33 seconds
